Job ID : 16872
Node   : ensta-l40s02
GPU    : NVIDIA L40S
Date   : lun. 23 mars 2026 00:55:23 CET
============================================================
FULL FINE-TUNING - FLUX.2-Klein-4B
============================================================

[1/5] Loading model...
Using dtype: torch.bfloat16
Gradient checkpointing: ENABLED
Total params: 3,875,544,576 | Trainable: 3,875,544,576 (100.00%)

[2/5] Loading dataset...
Loaded 800 samples from data/train.json
Loaded 100 samples from data/val.json
  Train: 800 | Val: 100

[3/5] Setting up optimizer...
Using 8-bit AdamW

[4/5] Training...
  Epoch 1/15 - Batch 5/800 - loss: 1.1854 - GPU: 29.59GB/29.80GB
  Epoch 1/15 - Batch 10/800 - loss: 1.3760 - GPU: 29.59GB/30.66GB
  Epoch 1/15 - Batch 15/800 - loss: 0.5148 - GPU: 29.59GB/30.67GB
  Epoch 1/15 - Batch 20/800 - loss: 1.1510 - GPU: 22.37GB/23.04GB
  Epoch 1/15 - Batch 25/800 - loss: 1.3563 - GPU: 29.59GB/29.80GB
  Epoch 1/15 - Batch 30/800 - loss: 0.5980 - GPU: 29.59GB/30.67GB
  Epoch 1/15 - Batch 35/800 - loss: 1.8714 - GPU: 29.59GB/30.66GB
  Epoch 1/15 - Batch 40/800 - loss: 0.5481 - GPU: 22.37GB/23.07GB
  Epoch 1/15 - Batch 45/800 - loss: 0.9286 - GPU: 29.59GB/29.80GB
  Epoch 1/15 - Batch 50/800 - loss: 0.7823 - GPU: 29.59GB/30.67GB
  Epoch 1/15 - Batch 55/800 - loss: 1.0880 - GPU: 29.59GB/30.67GB
  Epoch 1/15 - Batch 60/800 - loss: 1.2118 - GPU: 22.37GB/23.04GB
  Epoch 1/15 - Batch 65/800 - loss: 0.8142 - GPU: 29.59GB/29.80GB
  Epoch 1/15 - Batch 70/800 - loss: 2.5914 - GPU: 29.59GB/30.67GB
  Epoch 1/15 - Batch 75/800 - loss: 0.5419 - GPU: 29.59GB/30.67GB
  Epoch 1/15 - Batch 80/800 - loss: 0.6741 - GPU: 22.37GB/23.07GB
  Epoch 1/15 - Batch 85/800 - loss: 0.4119 - GPU: 29.59GB/29.80GB
  Epoch 1/15 - Batch 90/800 - loss: 1.3737 - GPU: 29.59GB/30.67GB
  Epoch 1/15 - Batch 95/800 - loss: 1.2124 - GPU: 29.59GB/30.67GB
  Epoch 1/15 - Batch 100/800 - loss: 0.9402 - GPU: 22.37GB/23.04GB
  Epoch 1/15 - Batch 105/800 - loss: 0.9718 - GPU: 29.59GB/29.80GB
  Epoch 1/15 - Batch 110/800 - loss: 0.8957 - GPU: 29.59GB/30.67GB
  Epoch 1/15 - Batch 115/800 - loss: 0.4266 - GPU: 29.59GB/30.67GB
  Epoch 1/15 - Batch 120/800 - loss: 1.2669 - GPU: 22.37GB/23.07GB
  Epoch 1/15 - Batch 125/800 - loss: 1.1697 - GPU: 29.59GB/29.80GB
  Epoch 1/15 - Batch 130/800 - loss: 0.7016 - GPU: 29.59GB/30.67GB
  Epoch 1/15 - Batch 135/800 - loss: 2.1633 - GPU: 29.59GB/30.67GB
  Epoch 1/15 - Batch 140/800 - loss: 1.3470 - GPU: 22.37GB/23.04GB
  Epoch 1/15 - Batch 145/800 - loss: 0.6695 - GPU: 29.59GB/29.80GB
  Epoch 1/15 - Batch 150/800 - loss: 1.5321 - GPU: 29.59GB/30.67GB
  Epoch 1/15 - Batch 155/800 - loss: 1.2918 - GPU: 29.59GB/30.67GB
  Epoch 1/15 - Batch 160/800 - loss: 1.2113 - GPU: 22.37GB/23.07GB
  Epoch 1/15 - Batch 165/800 - loss: 0.5146 - GPU: 29.59GB/29.80GB
  Epoch 1/15 - Batch 170/800 - loss: 0.8778 - GPU: 29.59GB/30.67GB
  Epoch 1/15 - Batch 175/800 - loss: 0.7159 - GPU: 29.59GB/30.67GB
  Epoch 1/15 - Batch 180/800 - loss: 0.4951 - GPU: 22.37GB/23.04GB
  Epoch 1/15 - Batch 185/800 - loss: 0.9545 - GPU: 29.59GB/29.80GB
  Epoch 1/15 - Batch 190/800 - loss: 1.0702 - GPU: 29.59GB/30.67GB
  Epoch 1/15 - Batch 195/800 - loss: 1.5086 - GPU: 29.59GB/30.67GB
  Epoch 1/15 - Batch 200/800 - loss: 0.6498 - GPU: 22.37GB/23.07GB
  Epoch 1/15 - Batch 205/800 - loss: 0.4343 - GPU: 29.59GB/29.80GB
  Epoch 1/15 - Batch 210/800 - loss: 0.7095 - GPU: 29.59GB/30.67GB
  Epoch 1/15 - Batch 215/800 - loss: 0.4710 - GPU: 29.59GB/30.67GB
  Epoch 1/15 - Batch 220/800 - loss: 0.5400 - GPU: 22.37GB/23.04GB
  Epoch 1/15 - Batch 225/800 - loss: 0.8547 - GPU: 29.59GB/29.80GB
  Epoch 1/15 - Batch 230/800 - loss: 1.2487 - GPU: 29.59GB/30.67GB
  Epoch 1/15 - Batch 235/800 - loss: 0.4781 - GPU: 29.59GB/30.67GB
  Epoch 1/15 - Batch 240/800 - loss: 1.8791 - GPU: 22.37GB/23.07GB
  Epoch 1/15 - Batch 245/800 - loss: 0.9847 - GPU: 29.59GB/29.80GB
  Epoch 1/15 - Batch 250/800 - loss: 0.8661 - GPU: 29.59GB/30.67GB
  Epoch 1/15 - Batch 255/800 - loss: 1.2142 - GPU: 29.59GB/30.67GB
  Epoch 1/15 - Batch 260/800 - loss: 1.2059 - GPU: 22.37GB/23.04GB
  Epoch 1/15 - Batch 265/800 - loss: 2.9927 - GPU: 29.59GB/29.80GB
  Epoch 1/15 - Batch 270/800 - loss: 0.5044 - GPU: 29.59GB/30.67GB
  Epoch 1/15 - Batch 275/800 - loss: 1.4995 - GPU: 29.59GB/30.67GB
  Epoch 1/15 - Batch 280/800 - loss: 1.3257 - GPU: 22.37GB/23.07GB
  Epoch 1/15 - Batch 285/800 - loss: 0.9872 - GPU: 29.59GB/29.80GB
  Epoch 1/15 - Batch 290/800 - loss: 1.2546 - GPU: 29.59GB/30.67GB
  Epoch 1/15 - Batch 295/800 - loss: 0.4629 - GPU: 29.59GB/30.67GB
  Epoch 1/15 - Batch 300/800 - loss: 0.9765 - GPU: 22.37GB/23.04GB
  Epoch 1/15 - Batch 305/800 - loss: 0.9455 - GPU: 29.59GB/29.80GB
  Epoch 1/15 - Batch 310/800 - loss: 1.1681 - GPU: 29.59GB/30.67GB
  Epoch 1/15 - Batch 315/800 - loss: 0.6662 - GPU: 29.59GB/30.67GB
  Epoch 1/15 - Batch 320/800 - loss: 0.5125 - GPU: 22.37GB/23.07GB
  Epoch 1/15 - Batch 325/800 - loss: 1.0910 - GPU: 29.59GB/29.80GB
  Epoch 1/15 - Batch 330/800 - loss: 1.1121 - GPU: 29.59GB/30.67GB
  Epoch 1/15 - Batch 335/800 - loss: 1.1482 - GPU: 29.59GB/30.67GB
  Epoch 1/15 - Batch 340/800 - loss: 1.7461 - GPU: 22.37GB/23.04GB
  Epoch 1/15 - Batch 345/800 - loss: 1.1716 - GPU: 29.59GB/29.80GB
  Epoch 1/15 - Batch 350/800 - loss: 0.6457 - GPU: 29.59GB/30.67GB
  Epoch 1/15 - Batch 355/800 - loss: 0.4320 - GPU: 29.59GB/30.67GB
  Epoch 1/15 - Batch 360/800 - loss: 1.3591 - GPU: 22.37GB/23.07GB
  Epoch 1/15 - Batch 365/800 - loss: 0.4864 - GPU: 29.59GB/29.80GB
  Epoch 1/15 - Batch 370/800 - loss: 1.0825 - GPU: 29.59GB/30.67GB
  Epoch 1/15 - Batch 375/800 - loss: 1.0268 - GPU: 29.59GB/30.67GB
  Epoch 1/15 - Batch 380/800 - loss: 1.6028 - GPU: 22.37GB/23.04GB
  Epoch 1/15 - Batch 385/800 - loss: 0.8053 - GPU: 29.59GB/29.80GB
  Epoch 1/15 - Batch 390/800 - loss: 0.5667 - GPU: 29.59GB/30.67GB
  Epoch 1/15 - Batch 395/800 - loss: 1.0392 - GPU: 29.59GB/30.67GB
  Epoch 1/15 - Batch 400/800 - loss: 0.8085 - GPU: 22.37GB/23.07GB
  Epoch 1/15 - Batch 405/800 - loss: 0.6207 - GPU: 29.59GB/29.80GB
  Epoch 1/15 - Batch 410/800 - loss: 0.6672 - GPU: 29.59GB/30.67GB
  Epoch 1/15 - Batch 415/800 - loss: 0.5997 - GPU: 29.59GB/30.67GB
  Epoch 1/15 - Batch 420/800 - loss: 1.0281 - GPU: 22.37GB/23.04GB
  Epoch 1/15 - Batch 425/800 - loss: 0.7475 - GPU: 29.59GB/29.80GB
  Epoch 1/15 - Batch 430/800 - loss: 1.1273 - GPU: 29.59GB/30.67GB
  Epoch 1/15 - Batch 435/800 - loss: 0.7018 - GPU: 29.59GB/30.67GB
  Epoch 1/15 - Batch 440/800 - loss: 1.1891 - GPU: 22.37GB/23.07GB
  Epoch 1/15 - Batch 445/800 - loss: 0.8323 - GPU: 29.59GB/29.80GB
  Epoch 1/15 - Batch 450/800 - loss: 1.2308 - GPU: 29.59GB/30.67GB
  Epoch 1/15 - Batch 455/800 - loss: 1.3990 - GPU: 29.59GB/30.67GB
  Epoch 1/15 - Batch 460/800 - loss: 1.3355 - GPU: 22.37GB/23.04GB
  Epoch 1/15 - Batch 465/800 - loss: 0.9771 - GPU: 29.59GB/29.80GB
  Epoch 1/15 - Batch 470/800 - loss: 0.7216 - GPU: 29.59GB/30.67GB
  Epoch 1/15 - Batch 475/800 - loss: 1.4555 - GPU: 29.59GB/30.67GB
  Epoch 1/15 - Batch 480/800 - loss: 1.2912 - GPU: 22.37GB/23.07GB
  Epoch 1/15 - Batch 485/800 - loss: 2.3935 - GPU: 29.59GB/29.80GB
  Epoch 1/15 - Batch 490/800 - loss: 0.4940 - GPU: 29.59GB/30.67GB
  Epoch 1/15 - Batch 495/800 - loss: 0.4958 - GPU: 29.59GB/30.67GB
  Epoch 1/15 - Batch 500/800 - loss: 0.5232 - GPU: 22.37GB/23.04GB
  Epoch 1/15 - Batch 505/800 - loss: 0.8877 - GPU: 29.59GB/29.80GB
  Epoch 1/15 - Batch 510/800 - loss: 0.6409 - GPU: 29.59GB/30.67GB
  Epoch 1/15 - Batch 515/800 - loss: 0.4582 - GPU: 29.59GB/30.67GB
  Epoch 1/15 - Batch 520/800 - loss: 1.2241 - GPU: 22.37GB/23.07GB
  Epoch 1/15 - Batch 525/800 - loss: 0.7083 - GPU: 29.59GB/29.80GB
  Epoch 1/15 - Batch 530/800 - loss: 2.3471 - GPU: 29.59GB/30.67GB
  Epoch 1/15 - Batch 535/800 - loss: 0.4968 - GPU: 29.59GB/30.67GB
  Epoch 1/15 - Batch 540/800 - loss: 1.4163 - GPU: 22.37GB/23.04GB
  Epoch 1/15 - Batch 545/800 - loss: 0.6560 - GPU: 29.59GB/29.80GB
  Epoch 1/15 - Batch 550/800 - loss: 1.0813 - GPU: 29.59GB/30.67GB
  Epoch 1/15 - Batch 555/800 - loss: 0.9386 - GPU: 29.59GB/30.67GB
  Epoch 1/15 - Batch 560/800 - loss: 0.6454 - GPU: 22.37GB/23.07GB
  Epoch 1/15 - Batch 565/800 - loss: 0.5933 - GPU: 29.59GB/29.80GB
  Epoch 1/15 - Batch 570/800 - loss: 2.2338 - GPU: 29.59GB/30.67GB
  Epoch 1/15 - Batch 575/800 - loss: 0.6715 - GPU: 29.59GB/30.67GB
  Epoch 1/15 - Batch 580/800 - loss: 1.7642 - GPU: 22.37GB/23.04GB
  Epoch 1/15 - Batch 585/800 - loss: 1.6114 - GPU: 29.59GB/29.80GB
  Epoch 1/15 - Batch 590/800 - loss: 0.6286 - GPU: 29.59GB/30.67GB
  Epoch 1/15 - Batch 595/800 - loss: 1.3008 - GPU: 29.59GB/30.67GB
  Epoch 1/15 - Batch 600/800 - loss: 1.2515 - GPU: 22.37GB/23.07GB
  Epoch 1/15 - Batch 605/800 - loss: 1.2898 - GPU: 29.59GB/29.80GB
  Epoch 1/15 - Batch 610/800 - loss: 1.7625 - GPU: 29.59GB/30.67GB
  Epoch 1/15 - Batch 615/800 - loss: 0.5010 - GPU: 29.59GB/30.67GB
  Epoch 1/15 - Batch 620/800 - loss: 1.5145 - GPU: 22.37GB/23.04GB
  Epoch 1/15 - Batch 625/800 - loss: 0.9603 - GPU: 29.59GB/29.80GB
  Epoch 1/15 - Batch 630/800 - loss: 1.0772 - GPU: 29.59GB/30.67GB
  Epoch 1/15 - Batch 635/800 - loss: 0.8135 - GPU: 29.59GB/30.67GB
  Epoch 1/15 - Batch 640/800 - loss: 1.2961 - GPU: 22.37GB/23.07GB
  Epoch 1/15 - Batch 645/800 - loss: 0.7611 - GPU: 29.59GB/29.80GB
  Epoch 1/15 - Batch 650/800 - loss: 0.9202 - GPU: 29.59GB/30.67GB
  Epoch 1/15 - Batch 655/800 - loss: 2.5739 - GPU: 29.59GB/30.67GB
  Epoch 1/15 - Batch 660/800 - loss: 1.3622 - GPU: 22.37GB/23.04GB
  Epoch 1/15 - Batch 665/800 - loss: 2.4015 - GPU: 29.59GB/29.80GB
  Epoch 1/15 - Batch 670/800 - loss: 1.0939 - GPU: 29.59GB/30.67GB
  Epoch 1/15 - Batch 675/800 - loss: 0.9508 - GPU: 29.59GB/30.67GB
  Epoch 1/15 - Batch 680/800 - loss: 0.8074 - GPU: 22.37GB/23.07GB
  Epoch 1/15 - Batch 685/800 - loss: 0.5755 - GPU: 29.59GB/29.80GB
  Epoch 1/15 - Batch 690/800 - loss: 0.6614 - GPU: 29.59GB/30.67GB
  Epoch 1/15 - Batch 695/800 - loss: 0.7009 - GPU: 29.59GB/30.67GB
  Epoch 1/15 - Batch 700/800 - loss: 0.5063 - GPU: 22.37GB/23.04GB
  Epoch 1/15 - Batch 705/800 - loss: 0.7002 - GPU: 29.59GB/29.80GB
  Epoch 1/15 - Batch 710/800 - loss: 0.8959 - GPU: 29.59GB/30.67GB
  Epoch 1/15 - Batch 715/800 - loss: 0.9854 - GPU: 29.59GB/30.67GB
  Epoch 1/15 - Batch 720/800 - loss: 1.1022 - GPU: 22.37GB/23.07GB
  Epoch 1/15 - Batch 725/800 - loss: 1.0176 - GPU: 29.59GB/29.80GB
  Epoch 1/15 - Batch 730/800 - loss: 0.5209 - GPU: 29.59GB/30.67GB
  Epoch 1/15 - Batch 735/800 - loss: 1.4011 - GPU: 29.59GB/30.67GB
  Epoch 1/15 - Batch 740/800 - loss: 0.4360 - GPU: 22.37GB/23.04GB
  Epoch 1/15 - Batch 745/800 - loss: 0.4818 - GPU: 29.59GB/29.80GB
  Epoch 1/15 - Batch 750/800 - loss: 0.8890 - GPU: 29.59GB/30.67GB
  Epoch 1/15 - Batch 755/800 - loss: 1.0656 - GPU: 29.59GB/30.67GB
  Epoch 1/15 - Batch 760/800 - loss: 0.6746 - GPU: 22.37GB/23.07GB
  Epoch 1/15 - Batch 765/800 - loss: 0.4856 - GPU: 29.59GB/29.80GB
  Epoch 1/15 - Batch 770/800 - loss: 0.5896 - GPU: 29.59GB/30.67GB
  Epoch 1/15 - Batch 775/800 - loss: 1.0278 - GPU: 29.59GB/30.67GB
  Epoch 1/15 - Batch 780/800 - loss: 0.7617 - GPU: 22.37GB/23.04GB
  Epoch 1/15 - Batch 785/800 - loss: 1.0313 - GPU: 29.59GB/29.80GB
  Epoch 1/15 - Batch 790/800 - loss: 1.1640 - GPU: 29.59GB/30.67GB
  Epoch 1/15 - Batch 795/800 - loss: 1.3803 - GPU: 29.59GB/30.67GB
  Epoch 1/15 - Batch 800/800 - loss: 1.2174 - GPU: 22.37GB/23.07GB
Epoch 1/15 - train_loss: 0.9731 | val_loss: 0.9146
  → Best model saved (val_loss=0.9146)
  Epoch 2/15 - Batch 5/800 - loss: 0.7448 - GPU: 29.59GB/29.80GB
  Epoch 2/15 - Batch 10/800 - loss: 1.7408 - GPU: 29.59GB/30.67GB
  Epoch 2/15 - Batch 15/800 - loss: 0.8018 - GPU: 29.59GB/30.67GB
  Epoch 2/15 - Batch 20/800 - loss: 0.5578 - GPU: 22.37GB/23.04GB
  Epoch 2/15 - Batch 25/800 - loss: 0.6769 - GPU: 29.59GB/29.80GB
  Epoch 2/15 - Batch 30/800 - loss: 1.0581 - GPU: 29.59GB/30.67GB
  Epoch 2/15 - Batch 35/800 - loss: 0.4097 - GPU: 29.59GB/30.67GB
  Epoch 2/15 - Batch 40/800 - loss: 0.8166 - GPU: 22.37GB/23.07GB
  Epoch 2/15 - Batch 45/800 - loss: 1.1987 - GPU: 29.59GB/29.80GB
  Epoch 2/15 - Batch 50/800 - loss: 0.8796 - GPU: 29.59GB/30.67GB
  Epoch 2/15 - Batch 55/800 - loss: 0.6835 - GPU: 29.59GB/30.67GB
  Epoch 2/15 - Batch 60/800 - loss: 0.6496 - GPU: 22.37GB/23.04GB
  Epoch 2/15 - Batch 65/800 - loss: 1.3356 - GPU: 29.59GB/29.80GB
  Epoch 2/15 - Batch 70/800 - loss: 0.5919 - GPU: 29.59GB/30.67GB
  Epoch 2/15 - Batch 75/800 - loss: 1.2260 - GPU: 29.59GB/30.67GB
  Epoch 2/15 - Batch 80/800 - loss: 0.9148 - GPU: 22.37GB/23.07GB
  Epoch 2/15 - Batch 85/800 - loss: 0.8395 - GPU: 29.59GB/29.80GB
  Epoch 2/15 - Batch 90/800 - loss: 1.3915 - GPU: 29.59GB/30.67GB
  Epoch 2/15 - Batch 95/800 - loss: 1.0209 - GPU: 29.59GB/30.67GB
  Epoch 2/15 - Batch 100/800 - loss: 1.0786 - GPU: 22.37GB/23.04GB
  Epoch 2/15 - Batch 105/800 - loss: 0.9416 - GPU: 29.59GB/29.80GB
  Epoch 2/15 - Batch 110/800 - loss: 1.1901 - GPU: 29.59GB/30.67GB
  Epoch 2/15 - Batch 115/800 - loss: 1.6635 - GPU: 29.59GB/30.67GB
  Epoch 2/15 - Batch 120/800 - loss: 1.4686 - GPU: 22.37GB/23.07GB
  Epoch 2/15 - Batch 125/800 - loss: 0.8269 - GPU: 29.59GB/29.80GB
  Epoch 2/15 - Batch 130/800 - loss: 1.2027 - GPU: 29.59GB/30.67GB
  Epoch 2/15 - Batch 135/800 - loss: 0.4833 - GPU: 29.59GB/30.67GB
  Epoch 2/15 - Batch 140/800 - loss: 0.6151 - GPU: 22.37GB/23.04GB
  Epoch 2/15 - Batch 145/800 - loss: 0.5746 - GPU: 29.59GB/29.80GB
  Epoch 2/15 - Batch 150/800 - loss: 1.2201 - GPU: 29.59GB/30.67GB
  Epoch 2/15 - Batch 155/800 - loss: 1.8005 - GPU: 29.59GB/30.67GB
  Epoch 2/15 - Batch 160/800 - loss: 1.0764 - GPU: 22.37GB/23.07GB
  Epoch 2/15 - Batch 165/800 - loss: 1.0999 - GPU: 29.59GB/29.80GB
  Epoch 2/15 - Batch 170/800 - loss: 1.8293 - GPU: 29.59GB/30.67GB
  Epoch 2/15 - Batch 175/800 - loss: 0.6115 - GPU: 29.59GB/30.67GB
  Epoch 2/15 - Batch 180/800 - loss: 0.8909 - GPU: 22.37GB/23.04GB
  Epoch 2/15 - Batch 185/800 - loss: 1.0919 - GPU: 29.59GB/29.80GB
  Epoch 2/15 - Batch 190/800 - loss: 1.2868 - GPU: 29.59GB/30.67GB
  Epoch 2/15 - Batch 195/800 - loss: 0.8669 - GPU: 29.59GB/30.67GB
  Epoch 2/15 - Batch 200/800 - loss: 0.5678 - GPU: 22.37GB/23.07GB
  Epoch 2/15 - Batch 205/800 - loss: 0.9598 - GPU: 29.59GB/29.80GB
  Epoch 2/15 - Batch 210/800 - loss: 1.1716 - GPU: 29.59GB/30.67GB
  Epoch 2/15 - Batch 215/800 - loss: 0.5761 - GPU: 29.59GB/30.67GB
  Epoch 2/15 - Batch 220/800 - loss: 1.2297 - GPU: 22.37GB/23.04GB
  Epoch 2/15 - Batch 225/800 - loss: 1.2347 - GPU: 29.59GB/29.80GB
  Epoch 2/15 - Batch 230/800 - loss: 1.1981 - GPU: 29.59GB/30.67GB
  Epoch 2/15 - Batch 235/800 - loss: 0.3812 - GPU: 29.59GB/30.67GB
  Epoch 2/15 - Batch 240/800 - loss: 0.4634 - GPU: 22.37GB/23.07GB
  Epoch 2/15 - Batch 245/800 - loss: 1.1951 - GPU: 29.59GB/29.80GB
  Epoch 2/15 - Batch 250/800 - loss: 0.6651 - GPU: 29.59GB/30.67GB
  Epoch 2/15 - Batch 255/800 - loss: 0.9535 - GPU: 29.59GB/30.67GB
  Epoch 2/15 - Batch 260/800 - loss: 0.7098 - GPU: 22.37GB/23.04GB
  Epoch 2/15 - Batch 265/800 - loss: 1.1773 - GPU: 29.59GB/29.80GB
  Epoch 2/15 - Batch 270/800 - loss: 0.6315 - GPU: 29.59GB/30.67GB
  Epoch 2/15 - Batch 275/800 - loss: 0.9526 - GPU: 29.59GB/30.67GB
  Epoch 2/15 - Batch 280/800 - loss: 0.7077 - GPU: 22.37GB/23.07GB
  Epoch 2/15 - Batch 285/800 - loss: 0.4748 - GPU: 29.59GB/29.80GB
  Epoch 2/15 - Batch 290/800 - loss: 1.2166 - GPU: 29.59GB/30.67GB
  Epoch 2/15 - Batch 295/800 - loss: 0.6003 - GPU: 29.59GB/30.67GB
  Epoch 2/15 - Batch 300/800 - loss: 1.0988 - GPU: 22.37GB/23.04GB
  Epoch 2/15 - Batch 305/800 - loss: 1.0488 - GPU: 29.59GB/29.80GB
  Epoch 2/15 - Batch 310/800 - loss: 0.5932 - GPU: 29.59GB/30.67GB
  Epoch 2/15 - Batch 315/800 - loss: 0.8389 - GPU: 29.59GB/30.67GB
  Epoch 2/15 - Batch 320/800 - loss: 0.4251 - GPU: 22.37GB/23.07GB
  Epoch 2/15 - Batch 325/800 - loss: 1.3644 - GPU: 29.59GB/29.80GB
  Epoch 2/15 - Batch 330/800 - loss: 0.5392 - GPU: 29.59GB/30.67GB
  Epoch 2/15 - Batch 335/800 - loss: 0.6057 - GPU: 29.59GB/30.67GB
  Epoch 2/15 - Batch 340/800 - loss: 1.1713 - GPU: 22.37GB/23.04GB
  Epoch 2/15 - Batch 345/800 - loss: 0.5492 - GPU: 29.59GB/29.80GB
  Epoch 2/15 - Batch 350/800 - loss: 1.2747 - GPU: 29.59GB/30.67GB
  Epoch 2/15 - Batch 355/800 - loss: 0.3919 - GPU: 29.59GB/30.67GB
  Epoch 2/15 - Batch 360/800 - loss: 1.1778 - GPU: 22.37GB/23.07GB
  Epoch 2/15 - Batch 365/800 - loss: 1.0063 - GPU: 29.59GB/29.80GB
  Epoch 2/15 - Batch 370/800 - loss: 0.8442 - GPU: 29.59GB/30.67GB
  Epoch 2/15 - Batch 375/800 - loss: 0.5584 - GPU: 29.59GB/30.67GB
  Epoch 2/15 - Batch 380/800 - loss: 1.2879 - GPU: 22.37GB/23.04GB
  Epoch 2/15 - Batch 385/800 - loss: 0.7755 - GPU: 29.59GB/29.80GB
  Epoch 2/15 - Batch 390/800 - loss: 0.6873 - GPU: 29.59GB/30.67GB
  Epoch 2/15 - Batch 395/800 - loss: 0.8036 - GPU: 29.59GB/30.67GB
  Epoch 2/15 - Batch 400/800 - loss: 1.3110 - GPU: 22.37GB/23.07GB
  Epoch 2/15 - Batch 405/800 - loss: 1.0806 - GPU: 29.59GB/29.80GB
  Epoch 2/15 - Batch 410/800 - loss: 0.6100 - GPU: 29.59GB/30.67GB
  Epoch 2/15 - Batch 415/800 - loss: 0.5147 - GPU: 29.59GB/30.67GB
  Epoch 2/15 - Batch 420/800 - loss: 0.7590 - GPU: 22.37GB/23.04GB
  Epoch 2/15 - Batch 425/800 - loss: 0.6280 - GPU: 29.59GB/29.80GB
  Epoch 2/15 - Batch 430/800 - loss: 0.5907 - GPU: 29.59GB/30.67GB
  Epoch 2/15 - Batch 435/800 - loss: 0.9958 - GPU: 29.59GB/30.67GB
  Epoch 2/15 - Batch 440/800 - loss: 0.8287 - GPU: 22.37GB/23.07GB
  Epoch 2/15 - Batch 445/800 - loss: 0.6926 - GPU: 29.59GB/29.80GB
  Epoch 2/15 - Batch 450/800 - loss: 0.6970 - GPU: 29.59GB/30.67GB
  Epoch 2/15 - Batch 455/800 - loss: 1.1431 - GPU: 29.59GB/30.67GB
  Epoch 2/15 - Batch 460/800 - loss: 1.1062 - GPU: 22.37GB/23.04GB
  Epoch 2/15 - Batch 465/800 - loss: 0.9377 - GPU: 29.59GB/29.80GB
  Epoch 2/15 - Batch 470/800 - loss: 1.0861 - GPU: 29.59GB/30.67GB
  Epoch 2/15 - Batch 475/800 - loss: 1.2194 - GPU: 29.59GB/30.67GB
  Epoch 2/15 - Batch 480/800 - loss: 0.5512 - GPU: 22.37GB/23.07GB
  Epoch 2/15 - Batch 485/800 - loss: 0.5575 - GPU: 29.59GB/29.80GB
  Epoch 2/15 - Batch 490/800 - loss: 1.3326 - GPU: 29.59GB/30.67GB
  Epoch 2/15 - Batch 495/800 - loss: 0.6514 - GPU: 29.59GB/30.67GB
  Epoch 2/15 - Batch 500/800 - loss: 0.6670 - GPU: 22.37GB/23.04GB
  Epoch 2/15 - Batch 505/800 - loss: 0.8576 - GPU: 29.59GB/29.80GB
  Epoch 2/15 - Batch 510/800 - loss: 0.3769 - GPU: 29.59GB/30.67GB
  Epoch 2/15 - Batch 515/800 - loss: 0.9684 - GPU: 29.59GB/30.67GB
  Epoch 2/15 - Batch 520/800 - loss: 0.9695 - GPU: 22.37GB/23.07GB
  Epoch 2/15 - Batch 525/800 - loss: 0.5483 - GPU: 29.59GB/29.80GB
  Epoch 2/15 - Batch 530/800 - loss: 0.6760 - GPU: 29.59GB/30.67GB
  Epoch 2/15 - Batch 535/800 - loss: 1.1815 - GPU: 29.59GB/30.67GB
  Epoch 2/15 - Batch 540/800 - loss: 0.7444 - GPU: 22.37GB/23.04GB
  Epoch 2/15 - Batch 545/800 - loss: 0.6178 - GPU: 29.59GB/29.80GB
  Epoch 2/15 - Batch 550/800 - loss: 1.1658 - GPU: 29.59GB/30.67GB
  Epoch 2/15 - Batch 555/800 - loss: 0.9305 - GPU: 29.59GB/30.67GB
  Epoch 2/15 - Batch 560/800 - loss: 1.2253 - GPU: 22.37GB/23.07GB
  Epoch 2/15 - Batch 565/800 - loss: 1.1918 - GPU: 29.59GB/29.80GB
  Epoch 2/15 - Batch 570/800 - loss: 0.5621 - GPU: 29.59GB/30.67GB
  Epoch 2/15 - Batch 575/800 - loss: 1.1321 - GPU: 29.59GB/30.67GB
  Epoch 2/15 - Batch 580/800 - loss: 1.2874 - GPU: 22.37GB/23.04GB
  Epoch 2/15 - Batch 585/800 - loss: 0.7093 - GPU: 29.59GB/29.80GB
  Epoch 2/15 - Batch 590/800 - loss: 1.2426 - GPU: 29.59GB/30.67GB
  Epoch 2/15 - Batch 595/800 - loss: 1.1020 - GPU: 29.59GB/30.67GB
  Epoch 2/15 - Batch 600/800 - loss: 1.0851 - GPU: 22.37GB/23.07GB
  Epoch 2/15 - Batch 605/800 - loss: 0.5677 - GPU: 29.59GB/29.80GB
  Epoch 2/15 - Batch 610/800 - loss: 0.5713 - GPU: 29.59GB/30.67GB
  Epoch 2/15 - Batch 615/800 - loss: 1.2056 - GPU: 29.59GB/30.67GB
  Epoch 2/15 - Batch 620/800 - loss: 0.9681 - GPU: 22.37GB/23.04GB
  Epoch 2/15 - Batch 625/800 - loss: 1.0953 - GPU: 29.59GB/29.80GB
  Epoch 2/15 - Batch 630/800 - loss: 0.9725 - GPU: 29.59GB/30.67GB
  Epoch 2/15 - Batch 635/800 - loss: 0.7676 - GPU: 29.59GB/30.67GB
  Epoch 2/15 - Batch 640/800 - loss: 0.5976 - GPU: 22.37GB/23.07GB
  Epoch 2/15 - Batch 645/800 - loss: 1.1552 - GPU: 29.59GB/29.80GB
  Epoch 2/15 - Batch 650/800 - loss: 1.1513 - GPU: 29.59GB/30.67GB
  Epoch 2/15 - Batch 655/800 - loss: 0.7838 - GPU: 29.59GB/30.67GB
  Epoch 2/15 - Batch 660/800 - loss: 1.0439 - GPU: 22.37GB/23.04GB
  Epoch 2/15 - Batch 665/800 - loss: 0.7977 - GPU: 29.59GB/29.80GB
  Epoch 2/15 - Batch 670/800 - loss: 0.9711 - GPU: 29.59GB/30.67GB
  Epoch 2/15 - Batch 675/800 - loss: 1.0727 - GPU: 29.59GB/30.67GB
  Epoch 2/15 - Batch 680/800 - loss: 1.1884 - GPU: 22.37GB/23.07GB
  Epoch 2/15 - Batch 685/800 - loss: 1.1063 - GPU: 29.59GB/29.80GB
  Epoch 2/15 - Batch 690/800 - loss: 0.7709 - GPU: 29.59GB/30.67GB
  Epoch 2/15 - Batch 695/800 - loss: 0.9510 - GPU: 29.59GB/30.67GB
  Epoch 2/15 - Batch 700/800 - loss: 0.7887 - GPU: 22.37GB/23.04GB
  Epoch 2/15 - Batch 705/800 - loss: 0.9169 - GPU: 29.59GB/29.80GB
  Epoch 2/15 - Batch 710/800 - loss: 1.3151 - GPU: 29.59GB/30.67GB
  Epoch 2/15 - Batch 715/800 - loss: 0.8842 - GPU: 29.59GB/30.67GB
  Epoch 2/15 - Batch 720/800 - loss: 1.1694 - GPU: 22.37GB/23.07GB
  Epoch 2/15 - Batch 725/800 - loss: 1.0376 - GPU: 29.59GB/29.80GB
  Epoch 2/15 - Batch 730/800 - loss: 1.2227 - GPU: 29.59GB/30.67GB
  Epoch 2/15 - Batch 735/800 - loss: 0.9428 - GPU: 29.59GB/30.67GB
  Epoch 2/15 - Batch 740/800 - loss: 1.2357 - GPU: 22.37GB/23.04GB
  Epoch 2/15 - Batch 745/800 - loss: 0.8536 - GPU: 29.59GB/29.80GB
  Epoch 2/15 - Batch 750/800 - loss: 0.6921 - GPU: 29.59GB/30.67GB
  Epoch 2/15 - Batch 755/800 - loss: 0.9997 - GPU: 29.59GB/30.67GB
  Epoch 2/15 - Batch 760/800 - loss: 1.1687 - GPU: 22.37GB/23.07GB
  Epoch 2/15 - Batch 765/800 - loss: 1.0277 - GPU: 29.59GB/29.80GB
  Epoch 2/15 - Batch 770/800 - loss: 0.8402 - GPU: 29.59GB/30.67GB
  Epoch 2/15 - Batch 775/800 - loss: 0.8581 - GPU: 29.59GB/30.67GB
  Epoch 2/15 - Batch 780/800 - loss: 0.5098 - GPU: 22.37GB/23.04GB
  Epoch 2/15 - Batch 785/800 - loss: 0.3718 - GPU: 29.59GB/29.80GB
  Epoch 2/15 - Batch 790/800 - loss: 1.0966 - GPU: 29.59GB/30.67GB
  Epoch 2/15 - Batch 795/800 - loss: 0.7675 - GPU: 29.59GB/30.67GB
  Epoch 2/15 - Batch 800/800 - loss: 1.1414 - GPU: 22.37GB/23.07GB
Epoch 2/15 - train_loss: 0.9088 | val_loss: 0.8553
  → Best model saved (val_loss=0.8553)
  Epoch 3/15 - Batch 5/800 - loss: 0.7204 - GPU: 29.59GB/29.80GB
  Epoch 3/15 - Batch 10/800 - loss: 0.9929 - GPU: 29.59GB/30.67GB
  Epoch 3/15 - Batch 15/800 - loss: 1.2953 - GPU: 29.59GB/30.67GB
  Epoch 3/15 - Batch 20/800 - loss: 1.0982 - GPU: 22.37GB/23.04GB
  Epoch 3/15 - Batch 25/800 - loss: 0.7870 - GPU: 29.59GB/29.80GB
  Epoch 3/15 - Batch 30/800 - loss: 0.4624 - GPU: 29.59GB/30.67GB
  Epoch 3/15 - Batch 35/800 - loss: 1.1984 - GPU: 29.59GB/30.67GB
  Epoch 3/15 - Batch 40/800 - loss: 0.7239 - GPU: 22.37GB/23.07GB
  Epoch 3/15 - Batch 45/800 - loss: 1.0503 - GPU: 29.59GB/29.80GB
  Epoch 3/15 - Batch 50/800 - loss: 0.8322 - GPU: 29.59GB/30.67GB
  Epoch 3/15 - Batch 55/800 - loss: 0.5916 - GPU: 29.59GB/30.67GB
  Epoch 3/15 - Batch 60/800 - loss: 1.1816 - GPU: 22.37GB/23.04GB
  Epoch 3/15 - Batch 65/800 - loss: 1.2018 - GPU: 29.59GB/29.80GB
  Epoch 3/15 - Batch 70/800 - loss: 0.5456 - GPU: 29.59GB/30.67GB
  Epoch 3/15 - Batch 75/800 - loss: 1.0840 - GPU: 29.59GB/30.67GB
  Epoch 3/15 - Batch 80/800 - loss: 1.1186 - GPU: 22.37GB/23.07GB
  Epoch 3/15 - Batch 85/800 - loss: 0.7149 - GPU: 29.59GB/29.80GB
  Epoch 3/15 - Batch 90/800 - loss: 1.1539 - GPU: 29.59GB/30.67GB
  Epoch 3/15 - Batch 95/800 - loss: 0.7796 - GPU: 29.59GB/30.67GB
  Epoch 3/15 - Batch 100/800 - loss: 0.6886 - GPU: 22.37GB/23.04GB
  Epoch 3/15 - Batch 105/800 - loss: 0.4996 - GPU: 29.59GB/29.80GB
  Epoch 3/15 - Batch 110/800 - loss: 0.6896 - GPU: 29.59GB/30.67GB
  Epoch 3/15 - Batch 115/800 - loss: 0.8627 - GPU: 29.59GB/30.67GB
  Epoch 3/15 - Batch 120/800 - loss: 1.1542 - GPU: 22.37GB/23.07GB
  Epoch 3/15 - Batch 125/800 - loss: 1.1455 - GPU: 29.59GB/29.80GB
  Epoch 3/15 - Batch 130/800 - loss: 1.1948 - GPU: 29.59GB/30.67GB
  Epoch 3/15 - Batch 135/800 - loss: 0.6270 - GPU: 29.59GB/30.67GB
  Epoch 3/15 - Batch 140/800 - loss: 0.7676 - GPU: 22.37GB/23.04GB
  Epoch 3/15 - Batch 145/800 - loss: 0.7552 - GPU: 29.59GB/29.80GB
  Epoch 3/15 - Batch 150/800 - loss: 0.6319 - GPU: 29.59GB/30.67GB
  Epoch 3/15 - Batch 155/800 - loss: 0.5073 - GPU: 29.59GB/30.67GB
  Epoch 3/15 - Batch 160/800 - loss: 1.1850 - GPU: 22.37GB/23.07GB
  Epoch 3/15 - Batch 165/800 - loss: 1.2467 - GPU: 29.59GB/29.80GB
  Epoch 3/15 - Batch 170/800 - loss: 1.2058 - GPU: 29.59GB/30.67GB
  Epoch 3/15 - Batch 175/800 - loss: 1.0997 - GPU: 29.59GB/30.67GB
  Epoch 3/15 - Batch 180/800 - loss: 0.5103 - GPU: 22.37GB/23.04GB
  Epoch 3/15 - Batch 185/800 - loss: 1.0844 - GPU: 29.59GB/29.80GB
  Epoch 3/15 - Batch 190/800 - loss: 0.6994 - GPU: 29.59GB/30.67GB
  Epoch 3/15 - Batch 195/800 - loss: 1.2365 - GPU: 29.59GB/30.67GB
  Epoch 3/15 - Batch 200/800 - loss: 1.1642 - GPU: 22.37GB/23.07GB
  Epoch 3/15 - Batch 205/800 - loss: 0.9157 - GPU: 29.59GB/29.80GB
  Epoch 3/15 - Batch 210/800 - loss: 1.0732 - GPU: 29.59GB/30.67GB
  Epoch 3/15 - Batch 215/800 - loss: 0.7133 - GPU: 29.59GB/30.67GB
  Epoch 3/15 - Batch 220/800 - loss: 1.1875 - GPU: 22.37GB/23.04GB
  Epoch 3/15 - Batch 225/800 - loss: 1.2015 - GPU: 29.59GB/29.80GB
  Epoch 3/15 - Batch 230/800 - loss: 1.1690 - GPU: 29.59GB/30.67GB
  Epoch 3/15 - Batch 235/800 - loss: 1.0124 - GPU: 29.59GB/30.67GB
  Epoch 3/15 - Batch 240/800 - loss: 1.0823 - GPU: 22.37GB/23.07GB
  Epoch 3/15 - Batch 245/800 - loss: 0.9604 - GPU: 29.59GB/29.80GB
  Epoch 3/15 - Batch 250/800 - loss: 1.2262 - GPU: 29.59GB/30.67GB
  Epoch 3/15 - Batch 255/800 - loss: 0.9176 - GPU: 29.59GB/30.67GB
  Epoch 3/15 - Batch 260/800 - loss: 1.1398 - GPU: 22.37GB/23.04GB
  Epoch 3/15 - Batch 265/800 - loss: 1.1839 - GPU: 29.59GB/29.80GB
  Epoch 3/15 - Batch 270/800 - loss: 1.1822 - GPU: 29.59GB/30.67GB
  Epoch 3/15 - Batch 275/800 - loss: 0.5347 - GPU: 29.59GB/30.67GB
  Epoch 3/15 - Batch 280/800 - loss: 1.1730 - GPU: 22.37GB/23.07GB
  Epoch 3/15 - Batch 285/800 - loss: 0.2880 - GPU: 29.59GB/29.80GB
  Epoch 3/15 - Batch 290/800 - loss: 0.9245 - GPU: 29.59GB/30.67GB
  Epoch 3/15 - Batch 295/800 - loss: 0.6422 - GPU: 29.59GB/30.67GB
  Epoch 3/15 - Batch 300/800 - loss: 0.7534 - GPU: 22.37GB/23.04GB
  Epoch 3/15 - Batch 305/800 - loss: 0.7310 - GPU: 29.59GB/29.80GB
  Epoch 3/15 - Batch 310/800 - loss: 1.0190 - GPU: 29.59GB/30.67GB
  Epoch 3/15 - Batch 315/800 - loss: 1.1354 - GPU: 29.59GB/30.67GB
  Epoch 3/15 - Batch 320/800 - loss: 0.4998 - GPU: 22.37GB/23.07GB
  Epoch 3/15 - Batch 325/800 - loss: 0.3578 - GPU: 29.59GB/29.80GB
  Epoch 3/15 - Batch 330/800 - loss: 1.1088 - GPU: 29.59GB/30.67GB
  Epoch 3/15 - Batch 335/800 - loss: 0.9028 - GPU: 29.59GB/30.67GB
  Epoch 3/15 - Batch 340/800 - loss: 1.1147 - GPU: 22.37GB/23.04GB
  Epoch 3/15 - Batch 345/800 - loss: 0.5790 - GPU: 29.59GB/29.80GB
  Epoch 3/15 - Batch 350/800 - loss: 0.9834 - GPU: 29.59GB/30.67GB
  Epoch 3/15 - Batch 355/800 - loss: 0.8166 - GPU: 29.59GB/30.67GB
  Epoch 3/15 - Batch 360/800 - loss: 0.8992 - GPU: 22.37GB/23.07GB
  Epoch 3/15 - Batch 365/800 - loss: 0.6554 - GPU: 29.59GB/29.80GB
  Epoch 3/15 - Batch 370/800 - loss: 0.4922 - GPU: 29.59GB/30.67GB
  Epoch 3/15 - Batch 375/800 - loss: 1.1810 - GPU: 29.59GB/30.67GB
  Epoch 3/15 - Batch 380/800 - loss: 1.0629 - GPU: 22.37GB/23.04GB
  Epoch 3/15 - Batch 385/800 - loss: 1.1398 - GPU: 29.59GB/29.80GB
  Epoch 3/15 - Batch 390/800 - loss: 0.6774 - GPU: 29.59GB/30.67GB
  Epoch 3/15 - Batch 395/800 - loss: 0.4484 - GPU: 29.59GB/30.67GB
  Epoch 3/15 - Batch 400/800 - loss: 0.7727 - GPU: 22.37GB/23.07GB
  Epoch 3/15 - Batch 405/800 - loss: 1.0472 - GPU: 29.59GB/29.80GB
  Epoch 3/15 - Batch 410/800 - loss: 1.2401 - GPU: 29.59GB/30.67GB
  Epoch 3/15 - Batch 415/800 - loss: 1.0327 - GPU: 29.59GB/30.67GB
  Epoch 3/15 - Batch 420/800 - loss: 1.1127 - GPU: 22.37GB/23.04GB
  Epoch 3/15 - Batch 425/800 - loss: 1.0558 - GPU: 29.59GB/29.80GB
  Epoch 3/15 - Batch 430/800 - loss: 0.9460 - GPU: 29.59GB/30.67GB
  Epoch 3/15 - Batch 435/800 - loss: 1.0400 - GPU: 29.59GB/30.67GB
  Epoch 3/15 - Batch 440/800 - loss: 1.0378 - GPU: 22.37GB/23.07GB
  Epoch 3/15 - Batch 445/800 - loss: 0.8051 - GPU: 29.59GB/29.80GB
  Epoch 3/15 - Batch 450/800 - loss: 0.7301 - GPU: 29.59GB/30.67GB
  Epoch 3/15 - Batch 455/800 - loss: 1.1763 - GPU: 29.59GB/30.67GB
  Epoch 3/15 - Batch 460/800 - loss: 0.6837 - GPU: 22.37GB/23.04GB
  Epoch 3/15 - Batch 465/800 - loss: 0.5242 - GPU: 29.59GB/29.80GB
  Epoch 3/15 - Batch 470/800 - loss: 1.2145 - GPU: 29.59GB/30.67GB
  Epoch 3/15 - Batch 475/800 - loss: 0.5359 - GPU: 29.59GB/30.67GB
  Epoch 3/15 - Batch 480/800 - loss: 0.8802 - GPU: 22.37GB/23.07GB
  Epoch 3/15 - Batch 485/800 - loss: 1.1303 - GPU: 29.59GB/29.80GB
  Epoch 3/15 - Batch 490/800 - loss: 0.6199 - GPU: 29.59GB/30.67GB
  Epoch 3/15 - Batch 495/800 - loss: 1.0973 - GPU: 29.59GB/30.67GB
  Epoch 3/15 - Batch 500/800 - loss: 1.1376 - GPU: 22.37GB/23.04GB
  Epoch 3/15 - Batch 505/800 - loss: 0.7342 - GPU: 29.59GB/29.80GB
  Epoch 3/15 - Batch 510/800 - loss: 0.4798 - GPU: 29.59GB/30.67GB
  Epoch 3/15 - Batch 515/800 - loss: 0.6301 - GPU: 29.59GB/30.67GB
  Epoch 3/15 - Batch 520/800 - loss: 1.0491 - GPU: 22.37GB/23.07GB
  Epoch 3/15 - Batch 525/800 - loss: 0.6858 - GPU: 29.59GB/29.80GB
  Epoch 3/15 - Batch 530/800 - loss: 0.8195 - GPU: 29.59GB/30.67GB
  Epoch 3/15 - Batch 535/800 - loss: 0.5708 - GPU: 29.59GB/30.67GB
  Epoch 3/15 - Batch 540/800 - loss: 0.5393 - GPU: 22.37GB/23.04GB
  Epoch 3/15 - Batch 545/800 - loss: 1.1487 - GPU: 29.59GB/29.80GB
  Epoch 3/15 - Batch 550/800 - loss: 0.6040 - GPU: 29.59GB/30.67GB
  Epoch 3/15 - Batch 555/800 - loss: 0.5874 - GPU: 29.59GB/30.67GB
  Epoch 3/15 - Batch 560/800 - loss: 0.4587 - GPU: 22.37GB/23.07GB
  Epoch 3/15 - Batch 565/800 - loss: 0.6140 - GPU: 29.59GB/29.80GB
  Epoch 3/15 - Batch 570/800 - loss: 0.6074 - GPU: 29.59GB/30.67GB
  Epoch 3/15 - Batch 575/800 - loss: 0.7218 - GPU: 29.59GB/30.67GB
  Epoch 3/15 - Batch 580/800 - loss: 0.6536 - GPU: 22.37GB/23.04GB
  Epoch 3/15 - Batch 585/800 - loss: 1.0184 - GPU: 29.59GB/29.80GB
  Epoch 3/15 - Batch 590/800 - loss: 0.5952 - GPU: 29.59GB/30.67GB
  Epoch 3/15 - Batch 595/800 - loss: 0.8456 - GPU: 29.59GB/30.67GB
  Epoch 3/15 - Batch 600/800 - loss: 0.7802 - GPU: 22.37GB/23.07GB
  Epoch 3/15 - Batch 605/800 - loss: 1.1773 - GPU: 29.59GB/29.80GB
  Epoch 3/15 - Batch 610/800 - loss: 0.7483 - GPU: 29.59GB/30.67GB
  Epoch 3/15 - Batch 615/800 - loss: 0.4296 - GPU: 29.59GB/30.67GB
  Epoch 3/15 - Batch 620/800 - loss: 1.1990 - GPU: 22.37GB/23.04GB
  Epoch 3/15 - Batch 625/800 - loss: 0.8835 - GPU: 29.59GB/29.80GB
  Epoch 3/15 - Batch 630/800 - loss: 0.7033 - GPU: 29.59GB/30.67GB
  Epoch 3/15 - Batch 635/800 - loss: 0.8870 - GPU: 29.59GB/30.67GB
  Epoch 3/15 - Batch 640/800 - loss: 0.9538 - GPU: 22.37GB/23.07GB
  Epoch 3/15 - Batch 645/800 - loss: 1.0564 - GPU: 29.59GB/29.80GB
  Epoch 3/15 - Batch 650/800 - loss: 1.1790 - GPU: 29.59GB/30.67GB
  Epoch 3/15 - Batch 655/800 - loss: 0.6063 - GPU: 29.59GB/30.67GB
  Epoch 3/15 - Batch 660/800 - loss: 1.1604 - GPU: 22.37GB/23.04GB
  Epoch 3/15 - Batch 665/800 - loss: 0.4537 - GPU: 29.59GB/29.80GB
  Epoch 3/15 - Batch 670/800 - loss: 0.7511 - GPU: 29.59GB/30.67GB
  Epoch 3/15 - Batch 675/800 - loss: 1.1811 - GPU: 29.59GB/30.67GB
  Epoch 3/15 - Batch 680/800 - loss: 1.1509 - GPU: 22.37GB/23.07GB
  Epoch 3/15 - Batch 685/800 - loss: 0.6740 - GPU: 29.59GB/29.80GB
  Epoch 3/15 - Batch 690/800 - loss: 1.0688 - GPU: 29.59GB/30.67GB
  Epoch 3/15 - Batch 695/800 - loss: 1.2682 - GPU: 29.59GB/30.67GB
  Epoch 3/15 - Batch 700/800 - loss: 1.1166 - GPU: 22.37GB/23.04GB
  Epoch 3/15 - Batch 705/800 - loss: 1.1165 - GPU: 29.59GB/29.80GB
  Epoch 3/15 - Batch 710/800 - loss: 1.1281 - GPU: 29.59GB/30.67GB
  Epoch 3/15 - Batch 715/800 - loss: 1.1263 - GPU: 29.59GB/30.67GB
  Epoch 3/15 - Batch 720/800 - loss: 0.6121 - GPU: 22.37GB/23.07GB
  Epoch 3/15 - Batch 725/800 - loss: 1.1947 - GPU: 29.59GB/29.80GB
  Epoch 3/15 - Batch 730/800 - loss: 0.9705 - GPU: 29.59GB/30.67GB
  Epoch 3/15 - Batch 735/800 - loss: 0.6943 - GPU: 29.59GB/30.67GB
  Epoch 3/15 - Batch 740/800 - loss: 1.1688 - GPU: 22.37GB/23.04GB
  Epoch 3/15 - Batch 745/800 - loss: 0.9967 - GPU: 29.59GB/29.80GB
  Epoch 3/15 - Batch 750/800 - loss: 1.1753 - GPU: 29.59GB/30.67GB
  Epoch 3/15 - Batch 755/800 - loss: 0.3968 - GPU: 29.59GB/30.67GB
  Epoch 3/15 - Batch 760/800 - loss: 1.2036 - GPU: 22.37GB/23.07GB
  Epoch 3/15 - Batch 765/800 - loss: 0.9389 - GPU: 29.59GB/29.80GB
  Epoch 3/15 - Batch 770/800 - loss: 0.8627 - GPU: 29.59GB/30.67GB
  Epoch 3/15 - Batch 775/800 - loss: 1.0338 - GPU: 29.59GB/30.67GB
  Epoch 3/15 - Batch 780/800 - loss: 0.6243 - GPU: 22.37GB/23.04GB
  Epoch 3/15 - Batch 785/800 - loss: 1.1629 - GPU: 29.59GB/29.80GB
  Epoch 3/15 - Batch 790/800 - loss: 1.1799 - GPU: 29.59GB/30.67GB
  Epoch 3/15 - Batch 795/800 - loss: 0.6674 - GPU: 29.59GB/30.67GB
  Epoch 3/15 - Batch 800/800 - loss: 0.3988 - GPU: 22.37GB/23.07GB
Epoch 3/15 - train_loss: 0.8630 | val_loss: 0.8561
  No improvement for 1/4 epochs
  Epoch 4/15 - Batch 5/800 - loss: 1.0156 - GPU: 29.59GB/29.80GB
  Epoch 4/15 - Batch 10/800 - loss: 0.5101 - GPU: 29.59GB/30.67GB
  Epoch 4/15 - Batch 15/800 - loss: 0.7780 - GPU: 29.59GB/30.67GB
  Epoch 4/15 - Batch 20/800 - loss: 0.9446 - GPU: 22.37GB/23.04GB
  Epoch 4/15 - Batch 25/800 - loss: 1.1468 - GPU: 29.59GB/29.80GB
  Epoch 4/15 - Batch 30/800 - loss: 1.1911 - GPU: 29.59GB/30.67GB
  Epoch 4/15 - Batch 35/800 - loss: 0.8245 - GPU: 29.59GB/30.67GB
  Epoch 4/15 - Batch 40/800 - loss: 0.7003 - GPU: 22.37GB/23.07GB
  Epoch 4/15 - Batch 45/800 - loss: 0.6902 - GPU: 29.59GB/29.80GB
  Epoch 4/15 - Batch 50/800 - loss: 0.5165 - GPU: 29.59GB/30.67GB
  Epoch 4/15 - Batch 55/800 - loss: 0.5630 - GPU: 29.59GB/30.67GB
  Epoch 4/15 - Batch 60/800 - loss: 1.1942 - GPU: 22.37GB/23.04GB
  Epoch 4/15 - Batch 65/800 - loss: 1.2119 - GPU: 29.59GB/29.80GB
  Epoch 4/15 - Batch 70/800 - loss: 0.8065 - GPU: 29.59GB/30.67GB
  Epoch 4/15 - Batch 75/800 - loss: 0.5829 - GPU: 29.59GB/30.67GB
  Epoch 4/15 - Batch 80/800 - loss: 1.0944 - GPU: 22.37GB/23.07GB
  Epoch 4/15 - Batch 85/800 - loss: 0.9299 - GPU: 29.59GB/29.80GB
  Epoch 4/15 - Batch 90/800 - loss: 0.6118 - GPU: 29.59GB/30.67GB
  Epoch 4/15 - Batch 95/800 - loss: 1.1921 - GPU: 29.59GB/30.67GB
  Epoch 4/15 - Batch 100/800 - loss: 1.1184 - GPU: 22.37GB/23.04GB
  Epoch 4/15 - Batch 105/800 - loss: 0.6362 - GPU: 29.59GB/29.80GB
  Epoch 4/15 - Batch 110/800 - loss: 0.5956 - GPU: 29.59GB/30.67GB
  Epoch 4/15 - Batch 115/800 - loss: 0.6642 - GPU: 29.59GB/30.67GB
  Epoch 4/15 - Batch 120/800 - loss: 1.0738 - GPU: 22.37GB/23.07GB
  Epoch 4/15 - Batch 125/800 - loss: 0.7587 - GPU: 29.59GB/29.80GB
  Epoch 4/15 - Batch 130/800 - loss: 1.1887 - GPU: 29.59GB/30.67GB
  Epoch 4/15 - Batch 135/800 - loss: 0.5931 - GPU: 29.59GB/30.67GB
  Epoch 4/15 - Batch 140/800 - loss: 1.1810 - GPU: 22.37GB/23.04GB
  Epoch 4/15 - Batch 145/800 - loss: 1.0719 - GPU: 29.59GB/29.80GB
  Epoch 4/15 - Batch 150/800 - loss: 1.1103 - GPU: 29.59GB/30.67GB
  Epoch 4/15 - Batch 155/800 - loss: 0.6327 - GPU: 29.59GB/30.67GB
  Epoch 4/15 - Batch 160/800 - loss: 1.2074 - GPU: 22.37GB/23.07GB
  Epoch 4/15 - Batch 165/800 - loss: 1.0561 - GPU: 29.59GB/29.80GB
  Epoch 4/15 - Batch 170/800 - loss: 0.5577 - GPU: 29.59GB/30.67GB
  Epoch 4/15 - Batch 175/800 - loss: 0.8488 - GPU: 29.59GB/30.67GB
  Epoch 4/15 - Batch 180/800 - loss: 1.0533 - GPU: 22.37GB/23.04GB
  Epoch 4/15 - Batch 185/800 - loss: 1.2077 - GPU: 29.59GB/29.80GB
  Epoch 4/15 - Batch 190/800 - loss: 1.0087 - GPU: 29.59GB/30.67GB
  Epoch 4/15 - Batch 195/800 - loss: 0.5598 - GPU: 29.59GB/30.67GB
  Epoch 4/15 - Batch 200/800 - loss: 1.1789 - GPU: 22.37GB/23.07GB
  Epoch 4/15 - Batch 205/800 - loss: 1.1898 - GPU: 29.59GB/29.80GB
  Epoch 4/15 - Batch 210/800 - loss: 1.1822 - GPU: 29.59GB/30.67GB
  Epoch 4/15 - Batch 215/800 - loss: 0.8348 - GPU: 29.59GB/30.67GB
  Epoch 4/15 - Batch 220/800 - loss: 0.7371 - GPU: 22.37GB/23.04GB
  Epoch 4/15 - Batch 225/800 - loss: 0.3658 - GPU: 29.59GB/29.80GB
  Epoch 4/15 - Batch 230/800 - loss: 1.1986 - GPU: 29.59GB/30.67GB
  Epoch 4/15 - Batch 235/800 - loss: 0.8216 - GPU: 29.59GB/30.67GB
  Epoch 4/15 - Batch 240/800 - loss: 0.5021 - GPU: 22.37GB/23.07GB
  Epoch 4/15 - Batch 245/800 - loss: 0.6026 - GPU: 29.59GB/29.80GB
  Epoch 4/15 - Batch 250/800 - loss: 1.0468 - GPU: 29.59GB/30.67GB
  Epoch 4/15 - Batch 255/800 - loss: 1.0548 - GPU: 29.59GB/30.67GB
  Epoch 4/15 - Batch 260/800 - loss: 0.4846 - GPU: 22.37GB/23.04GB
  Epoch 4/15 - Batch 265/800 - loss: 1.1173 - GPU: 29.59GB/29.80GB
  Epoch 4/15 - Batch 270/800 - loss: 0.4188 - GPU: 29.59GB/30.67GB
  Epoch 4/15 - Batch 275/800 - loss: 1.0991 - GPU: 29.59GB/30.67GB
  Epoch 4/15 - Batch 280/800 - loss: 1.1232 - GPU: 22.37GB/23.07GB
  Epoch 4/15 - Batch 285/800 - loss: 0.5287 - GPU: 29.59GB/29.80GB
  Epoch 4/15 - Batch 290/800 - loss: 0.7767 - GPU: 29.59GB/30.67GB
  Epoch 4/15 - Batch 295/800 - loss: 1.1338 - GPU: 29.59GB/30.67GB
  Epoch 4/15 - Batch 300/800 - loss: 0.6955 - GPU: 22.37GB/23.04GB
  Epoch 4/15 - Batch 305/800 - loss: 0.8618 - GPU: 29.59GB/29.80GB
  Epoch 4/15 - Batch 310/800 - loss: 1.0905 - GPU: 29.59GB/30.67GB
  Epoch 4/15 - Batch 315/800 - loss: 0.8592 - GPU: 29.59GB/30.67GB
  Epoch 4/15 - Batch 320/800 - loss: 0.5711 - GPU: 22.37GB/23.07GB
  Epoch 4/15 - Batch 325/800 - loss: 1.1576 - GPU: 29.59GB/29.80GB
  Epoch 4/15 - Batch 330/800 - loss: 0.8558 - GPU: 29.59GB/30.67GB
  Epoch 4/15 - Batch 335/800 - loss: 0.6342 - GPU: 29.59GB/30.67GB
  Epoch 4/15 - Batch 340/800 - loss: 0.7014 - GPU: 22.37GB/23.04GB
  Epoch 4/15 - Batch 345/800 - loss: 1.1273 - GPU: 29.59GB/29.80GB
  Epoch 4/15 - Batch 350/800 - loss: 0.4545 - GPU: 29.59GB/30.67GB
  Epoch 4/15 - Batch 355/800 - loss: 0.7176 - GPU: 29.59GB/30.67GB
  Epoch 4/15 - Batch 360/800 - loss: 1.1763 - GPU: 22.37GB/23.07GB
  Epoch 4/15 - Batch 365/800 - loss: 1.1523 - GPU: 29.59GB/29.80GB
  Epoch 4/15 - Batch 370/800 - loss: 1.0962 - GPU: 29.59GB/30.67GB
  Epoch 4/15 - Batch 375/800 - loss: 0.8325 - GPU: 29.59GB/30.67GB
  Epoch 4/15 - Batch 380/800 - loss: 0.7103 - GPU: 22.37GB/23.04GB
  Epoch 4/15 - Batch 385/800 - loss: 0.6478 - GPU: 29.59GB/29.80GB
  Epoch 4/15 - Batch 390/800 - loss: 0.7068 - GPU: 29.59GB/30.67GB
  Epoch 4/15 - Batch 395/800 - loss: 0.9446 - GPU: 29.59GB/30.67GB
  Epoch 4/15 - Batch 400/800 - loss: 1.0397 - GPU: 22.37GB/23.07GB
  Epoch 4/15 - Batch 405/800 - loss: 1.1768 - GPU: 29.59GB/29.80GB
  Epoch 4/15 - Batch 410/800 - loss: 1.1531 - GPU: 29.59GB/30.67GB
  Epoch 4/15 - Batch 415/800 - loss: 1.1706 - GPU: 29.59GB/30.67GB
  Epoch 4/15 - Batch 420/800 - loss: 0.3916 - GPU: 22.37GB/23.04GB
  Epoch 4/15 - Batch 425/800 - loss: 0.9267 - GPU: 29.59GB/29.80GB
  Epoch 4/15 - Batch 430/800 - loss: 1.1992 - GPU: 29.59GB/30.67GB
  Epoch 4/15 - Batch 435/800 - loss: 0.4500 - GPU: 29.59GB/30.67GB
  Epoch 4/15 - Batch 440/800 - loss: 0.9492 - GPU: 22.37GB/23.07GB
  Epoch 4/15 - Batch 445/800 - loss: 1.1604 - GPU: 29.59GB/29.80GB
  Epoch 4/15 - Batch 450/800 - loss: 1.1426 - GPU: 29.59GB/30.67GB
  Epoch 4/15 - Batch 455/800 - loss: 0.9900 - GPU: 29.59GB/30.67GB
  Epoch 4/15 - Batch 460/800 - loss: 0.8844 - GPU: 22.37GB/23.04GB
  Epoch 4/15 - Batch 465/800 - loss: 0.7018 - GPU: 29.59GB/29.80GB
  Epoch 4/15 - Batch 470/800 - loss: 0.4898 - GPU: 29.59GB/30.67GB
  Epoch 4/15 - Batch 475/800 - loss: 0.8549 - GPU: 29.59GB/30.67GB
  Epoch 4/15 - Batch 480/800 - loss: 1.2159 - GPU: 22.37GB/23.07GB
  Epoch 4/15 - Batch 485/800 - loss: 0.9578 - GPU: 29.59GB/29.80GB
  Epoch 4/15 - Batch 490/800 - loss: 0.8504 - GPU: 29.59GB/30.67GB
  Epoch 4/15 - Batch 495/800 - loss: 1.0732 - GPU: 29.59GB/30.67GB
  Epoch 4/15 - Batch 500/800 - loss: 0.6610 - GPU: 22.37GB/23.04GB
  Epoch 4/15 - Batch 505/800 - loss: 1.1272 - GPU: 29.59GB/29.80GB
  Epoch 4/15 - Batch 510/800 - loss: 1.0665 - GPU: 29.59GB/30.67GB
  Epoch 4/15 - Batch 515/800 - loss: 0.6993 - GPU: 29.59GB/30.67GB
  Epoch 4/15 - Batch 520/800 - loss: 0.5455 - GPU: 22.37GB/23.07GB
  Epoch 4/15 - Batch 525/800 - loss: 1.2422 - GPU: 29.59GB/29.80GB
  Epoch 4/15 - Batch 530/800 - loss: 1.1524 - GPU: 29.59GB/30.67GB
  Epoch 4/15 - Batch 535/800 - loss: 0.8444 - GPU: 29.59GB/30.67GB
  Epoch 4/15 - Batch 540/800 - loss: 0.7980 - GPU: 22.37GB/23.04GB
  Epoch 4/15 - Batch 545/800 - loss: 1.0811 - GPU: 29.59GB/29.80GB
  Epoch 4/15 - Batch 550/800 - loss: 0.6329 - GPU: 29.59GB/30.67GB
  Epoch 4/15 - Batch 555/800 - loss: 0.8709 - GPU: 29.59GB/30.67GB
  Epoch 4/15 - Batch 560/800 - loss: 0.9031 - GPU: 22.37GB/23.07GB
  Epoch 4/15 - Batch 565/800 - loss: 0.6792 - GPU: 29.59GB/29.80GB
  Epoch 4/15 - Batch 570/800 - loss: 0.8739 - GPU: 29.59GB/30.67GB
  Epoch 4/15 - Batch 575/800 - loss: 0.5717 - GPU: 29.59GB/30.67GB
  Epoch 4/15 - Batch 580/800 - loss: 0.8437 - GPU: 22.37GB/23.04GB
  Epoch 4/15 - Batch 585/800 - loss: 0.5867 - GPU: 29.59GB/29.80GB
  Epoch 4/15 - Batch 590/800 - loss: 0.5222 - GPU: 29.59GB/30.67GB
  Epoch 4/15 - Batch 595/800 - loss: 0.5561 - GPU: 29.59GB/30.67GB
  Epoch 4/15 - Batch 600/800 - loss: 1.0990 - GPU: 22.37GB/23.07GB
  Epoch 4/15 - Batch 605/800 - loss: 0.8473 - GPU: 29.59GB/29.80GB
  Epoch 4/15 - Batch 610/800 - loss: 0.8770 - GPU: 29.59GB/30.67GB
  Epoch 4/15 - Batch 615/800 - loss: 0.6674 - GPU: 29.59GB/30.67GB
  Epoch 4/15 - Batch 620/800 - loss: 0.5313 - GPU: 22.37GB/23.04GB
  Epoch 4/15 - Batch 625/800 - loss: 1.1228 - GPU: 29.59GB/29.80GB
  Epoch 4/15 - Batch 630/800 - loss: 1.1670 - GPU: 29.59GB/30.67GB
  Epoch 4/15 - Batch 635/800 - loss: 0.9098 - GPU: 29.59GB/30.67GB
  Epoch 4/15 - Batch 640/800 - loss: 0.7614 - GPU: 22.37GB/23.07GB
  Epoch 4/15 - Batch 645/800 - loss: 1.1423 - GPU: 29.59GB/29.80GB
  Epoch 4/15 - Batch 650/800 - loss: 1.1582 - GPU: 29.59GB/30.67GB
  Epoch 4/15 - Batch 655/800 - loss: 0.5922 - GPU: 29.59GB/30.67GB
  Epoch 4/15 - Batch 660/800 - loss: 0.9222 - GPU: 22.37GB/23.04GB
  Epoch 4/15 - Batch 665/800 - loss: 0.7977 - GPU: 29.59GB/29.80GB
  Epoch 4/15 - Batch 670/800 - loss: 1.1084 - GPU: 29.59GB/30.67GB
  Epoch 4/15 - Batch 675/800 - loss: 0.7379 - GPU: 29.59GB/30.67GB
  Epoch 4/15 - Batch 680/800 - loss: 0.5909 - GPU: 22.37GB/23.07GB
  Epoch 4/15 - Batch 685/800 - loss: 0.8046 - GPU: 29.59GB/29.80GB
  Epoch 4/15 - Batch 690/800 - loss: 0.5640 - GPU: 29.59GB/30.67GB
  Epoch 4/15 - Batch 695/800 - loss: 0.6728 - GPU: 29.59GB/30.67GB
  Epoch 4/15 - Batch 700/800 - loss: 0.6219 - GPU: 22.37GB/23.04GB
  Epoch 4/15 - Batch 705/800 - loss: 0.5616 - GPU: 29.59GB/29.80GB
  Epoch 4/15 - Batch 710/800 - loss: 0.8750 - GPU: 29.59GB/30.67GB
  Epoch 4/15 - Batch 715/800 - loss: 1.2405 - GPU: 29.59GB/30.67GB
  Epoch 4/15 - Batch 720/800 - loss: 1.1693 - GPU: 22.37GB/23.07GB
  Epoch 4/15 - Batch 725/800 - loss: 0.7991 - GPU: 29.59GB/29.80GB
  Epoch 4/15 - Batch 730/800 - loss: 0.9571 - GPU: 29.59GB/30.67GB
  Epoch 4/15 - Batch 735/800 - loss: 0.8052 - GPU: 29.59GB/30.67GB
  Epoch 4/15 - Batch 740/800 - loss: 0.4573 - GPU: 22.37GB/23.04GB
  Epoch 4/15 - Batch 745/800 - loss: 1.1898 - GPU: 29.59GB/29.80GB
  Epoch 4/15 - Batch 750/800 - loss: 0.5386 - GPU: 29.59GB/30.67GB
  Epoch 4/15 - Batch 755/800 - loss: 0.7419 - GPU: 29.59GB/30.67GB
  Epoch 4/15 - Batch 760/800 - loss: 1.1872 - GPU: 22.37GB/23.07GB
  Epoch 4/15 - Batch 765/800 - loss: 0.4425 - GPU: 29.59GB/29.80GB
  Epoch 4/15 - Batch 770/800 - loss: 1.1282 - GPU: 29.59GB/30.67GB
  Epoch 4/15 - Batch 775/800 - loss: 0.9234 - GPU: 29.59GB/30.67GB
  Epoch 4/15 - Batch 780/800 - loss: 1.1918 - GPU: 22.37GB/23.04GB
  Epoch 4/15 - Batch 785/800 - loss: 0.7089 - GPU: 29.59GB/29.80GB
  Epoch 4/15 - Batch 790/800 - loss: 0.9406 - GPU: 29.59GB/30.67GB
  Epoch 4/15 - Batch 795/800 - loss: 0.5421 - GPU: 29.59GB/30.67GB
  Epoch 4/15 - Batch 800/800 - loss: 1.1931 - GPU: 22.37GB/23.07GB
Epoch 4/15 - train_loss: 0.8635 | val_loss: 0.8211
  → Best model saved (val_loss=0.8211)
  Epoch 5/15 - Batch 5/800 - loss: 1.1266 - GPU: 29.59GB/29.80GB
  Epoch 5/15 - Batch 10/800 - loss: 0.4587 - GPU: 29.59GB/30.67GB
  Epoch 5/15 - Batch 15/800 - loss: 1.0141 - GPU: 29.59GB/30.67GB
  Epoch 5/15 - Batch 20/800 - loss: 1.2008 - GPU: 22.37GB/23.04GB
  Epoch 5/15 - Batch 25/800 - loss: 0.4504 - GPU: 29.59GB/29.80GB
  Epoch 5/15 - Batch 30/800 - loss: 1.0006 - GPU: 29.59GB/30.67GB
  Epoch 5/15 - Batch 35/800 - loss: 0.9297 - GPU: 29.59GB/30.67GB
  Epoch 5/15 - Batch 40/800 - loss: 0.6795 - GPU: 22.37GB/23.07GB
  Epoch 5/15 - Batch 45/800 - loss: 0.9281 - GPU: 29.59GB/29.80GB
  Epoch 5/15 - Batch 50/800 - loss: 0.7383 - GPU: 29.59GB/30.67GB
  Epoch 5/15 - Batch 55/800 - loss: 0.8955 - GPU: 29.59GB/30.67GB
  Epoch 5/15 - Batch 60/800 - loss: 0.8082 - GPU: 22.37GB/23.04GB
  Epoch 5/15 - Batch 65/800 - loss: 0.5156 - GPU: 29.59GB/29.80GB
  Epoch 5/15 - Batch 70/800 - loss: 0.9793 - GPU: 29.59GB/30.67GB
  Epoch 5/15 - Batch 75/800 - loss: 0.5740 - GPU: 29.59GB/30.67GB
  Epoch 5/15 - Batch 80/800 - loss: 0.7160 - GPU: 22.37GB/23.07GB
  Epoch 5/15 - Batch 85/800 - loss: 0.9307 - GPU: 29.59GB/29.80GB
  Epoch 5/15 - Batch 90/800 - loss: 1.1922 - GPU: 29.59GB/30.67GB
  Epoch 5/15 - Batch 95/800 - loss: 0.6066 - GPU: 29.59GB/30.67GB
  Epoch 5/15 - Batch 100/800 - loss: 0.5563 - GPU: 22.37GB/23.04GB
  Epoch 5/15 - Batch 105/800 - loss: 0.7338 - GPU: 29.59GB/29.80GB
  Epoch 5/15 - Batch 110/800 - loss: 1.1419 - GPU: 29.59GB/30.67GB
  Epoch 5/15 - Batch 115/800 - loss: 0.9140 - GPU: 29.59GB/30.67GB
  Epoch 5/15 - Batch 120/800 - loss: 0.8361 - GPU: 22.37GB/23.07GB
  Epoch 5/15 - Batch 125/800 - loss: 1.1892 - GPU: 29.59GB/29.80GB
  Epoch 5/15 - Batch 130/800 - loss: 1.2044 - GPU: 29.59GB/30.67GB
  Epoch 5/15 - Batch 135/800 - loss: 0.7915 - GPU: 29.59GB/30.67GB
  Epoch 5/15 - Batch 140/800 - loss: 0.3910 - GPU: 22.37GB/23.04GB
  Epoch 5/15 - Batch 145/800 - loss: 1.0087 - GPU: 29.59GB/29.80GB
  Epoch 5/15 - Batch 150/800 - loss: 1.1487 - GPU: 29.59GB/30.67GB
  Epoch 5/15 - Batch 155/800 - loss: 1.0402 - GPU: 29.59GB/30.67GB
  Epoch 5/15 - Batch 160/800 - loss: 1.1774 - GPU: 22.37GB/23.07GB
  Epoch 5/15 - Batch 165/800 - loss: 0.4748 - GPU: 29.59GB/29.80GB
  Epoch 5/15 - Batch 170/800 - loss: 0.8961 - GPU: 29.59GB/30.67GB
  Epoch 5/15 - Batch 175/800 - loss: 1.1720 - GPU: 29.59GB/30.67GB
  Epoch 5/15 - Batch 180/800 - loss: 1.0008 - GPU: 22.37GB/23.04GB
  Epoch 5/15 - Batch 185/800 - loss: 0.9531 - GPU: 29.59GB/29.80GB
  Epoch 5/15 - Batch 190/800 - loss: 1.1141 - GPU: 29.59GB/30.67GB
  Epoch 5/15 - Batch 195/800 - loss: 0.8188 - GPU: 29.59GB/30.67GB
  Epoch 5/15 - Batch 200/800 - loss: 0.5302 - GPU: 22.37GB/23.07GB
  Epoch 5/15 - Batch 205/800 - loss: 0.8302 - GPU: 29.59GB/29.80GB
  Epoch 5/15 - Batch 210/800 - loss: 0.8138 - GPU: 29.59GB/30.67GB
  Epoch 5/15 - Batch 215/800 - loss: 0.8447 - GPU: 29.59GB/30.67GB
  Epoch 5/15 - Batch 220/800 - loss: 0.5282 - GPU: 22.37GB/23.04GB
  Epoch 5/15 - Batch 225/800 - loss: 0.7244 - GPU: 29.59GB/29.80GB
  Epoch 5/15 - Batch 230/800 - loss: 1.1997 - GPU: 29.59GB/30.67GB
  Epoch 5/15 - Batch 235/800 - loss: 0.5765 - GPU: 29.59GB/30.67GB
  Epoch 5/15 - Batch 240/800 - loss: 0.5424 - GPU: 22.37GB/23.07GB
  Epoch 5/15 - Batch 245/800 - loss: 1.0205 - GPU: 29.59GB/29.80GB
  Epoch 5/15 - Batch 250/800 - loss: 1.2279 - GPU: 29.59GB/30.67GB
  Epoch 5/15 - Batch 255/800 - loss: 0.7758 - GPU: 29.59GB/30.67GB
  Epoch 5/15 - Batch 260/800 - loss: 0.6299 - GPU: 22.37GB/23.04GB
  Epoch 5/15 - Batch 265/800 - loss: 0.7630 - GPU: 29.59GB/29.80GB
  Epoch 5/15 - Batch 270/800 - loss: 1.1342 - GPU: 29.59GB/30.67GB
  Epoch 5/15 - Batch 275/800 - loss: 0.4159 - GPU: 29.59GB/30.67GB
  Epoch 5/15 - Batch 280/800 - loss: 0.9352 - GPU: 22.37GB/23.07GB
  Epoch 5/15 - Batch 285/800 - loss: 0.5983 - GPU: 29.59GB/29.80GB
  Epoch 5/15 - Batch 290/800 - loss: 1.1016 - GPU: 29.59GB/30.67GB
  Epoch 5/15 - Batch 295/800 - loss: 0.9855 - GPU: 29.59GB/30.67GB
  Epoch 5/15 - Batch 300/800 - loss: 1.0375 - GPU: 22.37GB/23.04GB
  Epoch 5/15 - Batch 305/800 - loss: 0.8536 - GPU: 29.59GB/29.80GB
  Epoch 5/15 - Batch 310/800 - loss: 1.1568 - GPU: 29.59GB/30.67GB
  Epoch 5/15 - Batch 315/800 - loss: 0.5308 - GPU: 29.59GB/30.67GB
  Epoch 5/15 - Batch 320/800 - loss: 0.8553 - GPU: 22.37GB/23.07GB
  Epoch 5/15 - Batch 325/800 - loss: 0.9922 - GPU: 29.59GB/29.80GB
  Epoch 5/15 - Batch 330/800 - loss: 1.0336 - GPU: 29.59GB/30.67GB
  Epoch 5/15 - Batch 335/800 - loss: 1.0954 - GPU: 29.59GB/30.67GB
  Epoch 5/15 - Batch 340/800 - loss: 0.9275 - GPU: 22.37GB/23.04GB
  Epoch 5/15 - Batch 345/800 - loss: 1.0529 - GPU: 29.59GB/29.80GB
  Epoch 5/15 - Batch 350/800 - loss: 0.8373 - GPU: 29.59GB/30.67GB
  Epoch 5/15 - Batch 355/800 - loss: 0.7018 - GPU: 29.59GB/30.67GB
  Epoch 5/15 - Batch 360/800 - loss: 0.5081 - GPU: 22.37GB/23.07GB
  Epoch 5/15 - Batch 365/800 - loss: 1.1076 - GPU: 29.59GB/29.80GB
  Epoch 5/15 - Batch 370/800 - loss: 1.1409 - GPU: 29.59GB/30.67GB
  Epoch 5/15 - Batch 375/800 - loss: 1.1883 - GPU: 29.59GB/30.67GB
  Epoch 5/15 - Batch 380/800 - loss: 0.3922 - GPU: 22.37GB/23.04GB
  Epoch 5/15 - Batch 385/800 - loss: 1.1443 - GPU: 29.59GB/29.80GB
  Epoch 5/15 - Batch 390/800 - loss: 1.2335 - GPU: 29.59GB/30.67GB
  Epoch 5/15 - Batch 395/800 - loss: 1.1981 - GPU: 29.59GB/30.67GB
  Epoch 5/15 - Batch 400/800 - loss: 0.8577 - GPU: 22.37GB/23.07GB
  Epoch 5/15 - Batch 405/800 - loss: 1.1486 - GPU: 29.59GB/29.80GB
  Epoch 5/15 - Batch 410/800 - loss: 1.2062 - GPU: 29.59GB/30.67GB
  Epoch 5/15 - Batch 415/800 - loss: 1.1110 - GPU: 29.59GB/30.67GB
  Epoch 5/15 - Batch 420/800 - loss: 0.6201 - GPU: 22.37GB/23.04GB
  Epoch 5/15 - Batch 425/800 - loss: 1.0052 - GPU: 29.59GB/29.80GB
  Epoch 5/15 - Batch 430/800 - loss: 0.9065 - GPU: 29.59GB/30.67GB
  Epoch 5/15 - Batch 435/800 - loss: 1.0598 - GPU: 29.59GB/30.67GB
  Epoch 5/15 - Batch 440/800 - loss: 1.0418 - GPU: 22.37GB/23.07GB
  Epoch 5/15 - Batch 445/800 - loss: 0.7333 - GPU: 29.59GB/29.80GB
  Epoch 5/15 - Batch 450/800 - loss: 1.1845 - GPU: 29.59GB/30.67GB
  Epoch 5/15 - Batch 455/800 - loss: 0.6684 - GPU: 29.59GB/30.67GB
  Epoch 5/15 - Batch 460/800 - loss: 0.5643 - GPU: 22.37GB/23.04GB
  Epoch 5/15 - Batch 465/800 - loss: 0.5356 - GPU: 29.59GB/29.80GB
  Epoch 5/15 - Batch 470/800 - loss: 1.1396 - GPU: 29.59GB/30.67GB
  Epoch 5/15 - Batch 475/800 - loss: 0.6558 - GPU: 29.59GB/30.67GB
  Epoch 5/15 - Batch 480/800 - loss: 0.6079 - GPU: 22.37GB/23.07GB
  Epoch 5/15 - Batch 485/800 - loss: 1.0811 - GPU: 29.59GB/29.80GB
  Epoch 5/15 - Batch 490/800 - loss: 0.8478 - GPU: 29.59GB/30.67GB
  Epoch 5/15 - Batch 495/800 - loss: 1.1265 - GPU: 29.59GB/30.67GB
  Epoch 5/15 - Batch 500/800 - loss: 0.8252 - GPU: 22.37GB/23.04GB
  Epoch 5/15 - Batch 505/800 - loss: 0.7890 - GPU: 29.59GB/29.80GB
  Epoch 5/15 - Batch 510/800 - loss: 0.9942 - GPU: 29.59GB/30.67GB
  Epoch 5/15 - Batch 515/800 - loss: 0.7684 - GPU: 29.59GB/30.67GB
  Epoch 5/15 - Batch 520/800 - loss: 0.8435 - GPU: 22.37GB/23.07GB
  Epoch 5/15 - Batch 525/800 - loss: 1.0279 - GPU: 29.59GB/29.80GB
  Epoch 5/15 - Batch 530/800 - loss: 1.1455 - GPU: 29.59GB/30.67GB
  Epoch 5/15 - Batch 535/800 - loss: 0.7562 - GPU: 29.59GB/30.67GB
  Epoch 5/15 - Batch 540/800 - loss: 0.8836 - GPU: 22.37GB/23.04GB
  Epoch 5/15 - Batch 545/800 - loss: 1.1439 - GPU: 29.59GB/29.80GB
  Epoch 5/15 - Batch 550/800 - loss: 1.0733 - GPU: 29.59GB/30.67GB
  Epoch 5/15 - Batch 555/800 - loss: 0.6023 - GPU: 29.59GB/30.67GB
  Epoch 5/15 - Batch 560/800 - loss: 0.7044 - GPU: 22.37GB/23.07GB
  Epoch 5/15 - Batch 565/800 - loss: 0.5368 - GPU: 29.59GB/29.80GB
  Epoch 5/15 - Batch 570/800 - loss: 0.7431 - GPU: 29.59GB/30.67GB
  Epoch 5/15 - Batch 575/800 - loss: 0.4663 - GPU: 29.59GB/30.67GB
  Epoch 5/15 - Batch 580/800 - loss: 0.8753 - GPU: 22.37GB/23.04GB
  Epoch 5/15 - Batch 585/800 - loss: 1.0069 - GPU: 29.59GB/29.80GB
  Epoch 5/15 - Batch 590/800 - loss: 1.1572 - GPU: 29.59GB/30.67GB
  Epoch 5/15 - Batch 595/800 - loss: 0.4402 - GPU: 29.59GB/30.67GB
  Epoch 5/15 - Batch 600/800 - loss: 0.9028 - GPU: 22.37GB/23.07GB
  Epoch 5/15 - Batch 605/800 - loss: 0.5461 - GPU: 29.59GB/29.80GB
  Epoch 5/15 - Batch 610/800 - loss: 1.1476 - GPU: 29.59GB/30.67GB
  Epoch 5/15 - Batch 615/800 - loss: 0.9309 - GPU: 29.59GB/30.67GB
  Epoch 5/15 - Batch 620/800 - loss: 0.7471 - GPU: 22.37GB/23.04GB
  Epoch 5/15 - Batch 625/800 - loss: 0.9649 - GPU: 29.59GB/29.80GB
  Epoch 5/15 - Batch 630/800 - loss: 1.1522 - GPU: 29.59GB/30.67GB
  Epoch 5/15 - Batch 635/800 - loss: 1.1058 - GPU: 29.59GB/30.67GB
  Epoch 5/15 - Batch 640/800 - loss: 1.0410 - GPU: 22.37GB/23.07GB
  Epoch 5/15 - Batch 645/800 - loss: 1.1941 - GPU: 29.59GB/29.80GB
  Epoch 5/15 - Batch 650/800 - loss: 1.1455 - GPU: 29.59GB/30.67GB
  Epoch 5/15 - Batch 655/800 - loss: 1.1920 - GPU: 29.59GB/30.67GB
  Epoch 5/15 - Batch 660/800 - loss: 0.8911 - GPU: 22.37GB/23.04GB
  Epoch 5/15 - Batch 665/800 - loss: 1.1855 - GPU: 29.59GB/29.80GB
  Epoch 5/15 - Batch 670/800 - loss: 1.1717 - GPU: 29.59GB/30.67GB
  Epoch 5/15 - Batch 675/800 - loss: 0.6940 - GPU: 29.59GB/30.67GB
  Epoch 5/15 - Batch 680/800 - loss: 1.1489 - GPU: 22.37GB/23.07GB
  Epoch 5/15 - Batch 685/800 - loss: 0.9969 - GPU: 29.59GB/29.80GB
  Epoch 5/15 - Batch 690/800 - loss: 1.1823 - GPU: 29.59GB/30.67GB
  Epoch 5/15 - Batch 695/800 - loss: 0.7877 - GPU: 29.59GB/30.67GB
  Epoch 5/15 - Batch 700/800 - loss: 1.0592 - GPU: 22.37GB/23.04GB
  Epoch 5/15 - Batch 705/800 - loss: 1.1555 - GPU: 29.59GB/29.80GB
  Epoch 5/15 - Batch 710/800 - loss: 1.2091 - GPU: 29.59GB/30.67GB
  Epoch 5/15 - Batch 715/800 - loss: 1.0415 - GPU: 29.59GB/30.67GB
  Epoch 5/15 - Batch 720/800 - loss: 1.0976 - GPU: 22.37GB/23.07GB
  Epoch 5/15 - Batch 725/800 - loss: 0.8416 - GPU: 29.59GB/29.80GB
  Epoch 5/15 - Batch 730/800 - loss: 1.1493 - GPU: 29.59GB/30.67GB
  Epoch 5/15 - Batch 735/800 - loss: 0.7670 - GPU: 29.59GB/30.67GB
  Epoch 5/15 - Batch 740/800 - loss: 0.5080 - GPU: 22.37GB/23.04GB
  Epoch 5/15 - Batch 745/800 - loss: 0.4067 - GPU: 29.59GB/29.80GB
  Epoch 5/15 - Batch 750/800 - loss: 0.6051 - GPU: 29.59GB/30.67GB
  Epoch 5/15 - Batch 755/800 - loss: 0.6169 - GPU: 29.59GB/30.67GB
  Epoch 5/15 - Batch 760/800 - loss: 0.9203 - GPU: 22.37GB/23.07GB
  Epoch 5/15 - Batch 765/800 - loss: 0.5664 - GPU: 29.59GB/29.80GB
  Epoch 5/15 - Batch 770/800 - loss: 1.0579 - GPU: 29.59GB/30.67GB
  Epoch 5/15 - Batch 775/800 - loss: 1.0356 - GPU: 29.59GB/30.67GB
  Epoch 5/15 - Batch 780/800 - loss: 1.1954 - GPU: 22.37GB/23.04GB
  Epoch 5/15 - Batch 785/800 - loss: 0.7580 - GPU: 29.59GB/29.80GB
  Epoch 5/15 - Batch 790/800 - loss: 1.1770 - GPU: 29.59GB/30.67GB
  Epoch 5/15 - Batch 795/800 - loss: 1.0741 - GPU: 29.59GB/30.67GB
  Epoch 5/15 - Batch 800/800 - loss: 0.8361 - GPU: 22.37GB/23.07GB
Epoch 5/15 - train_loss: 0.8513 | val_loss: 0.8677
  No improvement for 1/4 epochs
  Epoch 6/15 - Batch 5/800 - loss: 1.1976 - GPU: 29.59GB/29.80GB
  Epoch 6/15 - Batch 10/800 - loss: 1.2011 - GPU: 29.59GB/30.67GB
  Epoch 6/15 - Batch 15/800 - loss: 0.7273 - GPU: 29.59GB/30.67GB
  Epoch 6/15 - Batch 20/800 - loss: 1.0531 - GPU: 22.37GB/23.04GB
  Epoch 6/15 - Batch 25/800 - loss: 0.8357 - GPU: 29.59GB/29.80GB
  Epoch 6/15 - Batch 30/800 - loss: 1.1753 - GPU: 29.59GB/30.67GB
  Epoch 6/15 - Batch 35/800 - loss: 0.9859 - GPU: 29.59GB/30.67GB
  Epoch 6/15 - Batch 40/800 - loss: 0.5176 - GPU: 22.37GB/23.07GB
  Epoch 6/15 - Batch 45/800 - loss: 1.2000 - GPU: 29.59GB/29.80GB
  Epoch 6/15 - Batch 50/800 - loss: 0.8148 - GPU: 29.59GB/30.67GB
  Epoch 6/15 - Batch 55/800 - loss: 0.9726 - GPU: 29.59GB/30.67GB
  Epoch 6/15 - Batch 60/800 - loss: 1.1262 - GPU: 22.37GB/23.04GB
  Epoch 6/15 - Batch 65/800 - loss: 1.2051 - GPU: 29.59GB/29.80GB
  Epoch 6/15 - Batch 70/800 - loss: 1.1776 - GPU: 29.59GB/30.67GB
  Epoch 6/15 - Batch 75/800 - loss: 1.1864 - GPU: 29.59GB/30.67GB
  Epoch 6/15 - Batch 80/800 - loss: 1.0813 - GPU: 22.37GB/23.07GB
  Epoch 6/15 - Batch 85/800 - loss: 0.8753 - GPU: 29.59GB/29.80GB
  Epoch 6/15 - Batch 90/800 - loss: 0.9405 - GPU: 29.59GB/30.67GB
  Epoch 6/15 - Batch 95/800 - loss: 1.2361 - GPU: 29.59GB/30.67GB
  Epoch 6/15 - Batch 100/800 - loss: 0.6136 - GPU: 22.37GB/23.04GB
  Epoch 6/15 - Batch 105/800 - loss: 1.0712 - GPU: 29.59GB/29.80GB
  Epoch 6/15 - Batch 110/800 - loss: 0.7761 - GPU: 29.59GB/30.67GB
  Epoch 6/15 - Batch 115/800 - loss: 0.8212 - GPU: 29.59GB/30.67GB
  Epoch 6/15 - Batch 120/800 - loss: 1.1445 - GPU: 22.37GB/23.07GB
  Epoch 6/15 - Batch 125/800 - loss: 0.4623 - GPU: 29.59GB/29.80GB
  Epoch 6/15 - Batch 130/800 - loss: 0.8725 - GPU: 29.59GB/30.67GB
  Epoch 6/15 - Batch 135/800 - loss: 0.6118 - GPU: 29.59GB/30.67GB
  Epoch 6/15 - Batch 140/800 - loss: 0.7126 - GPU: 22.37GB/23.04GB
  Epoch 6/15 - Batch 145/800 - loss: 1.0641 - GPU: 29.59GB/29.80GB
  Epoch 6/15 - Batch 150/800 - loss: 1.1421 - GPU: 29.59GB/30.67GB
  Epoch 6/15 - Batch 155/800 - loss: 0.6405 - GPU: 29.59GB/30.67GB
  Epoch 6/15 - Batch 160/800 - loss: 0.9652 - GPU: 22.37GB/23.07GB
  Epoch 6/15 - Batch 165/800 - loss: 0.6889 - GPU: 29.59GB/29.80GB
  Epoch 6/15 - Batch 170/800 - loss: 1.0929 - GPU: 29.59GB/30.67GB
  Epoch 6/15 - Batch 175/800 - loss: 0.8811 - GPU: 29.59GB/30.67GB
  Epoch 6/15 - Batch 180/800 - loss: 1.1291 - GPU: 22.37GB/23.04GB
  Epoch 6/15 - Batch 185/800 - loss: 1.0434 - GPU: 29.59GB/29.80GB
  Epoch 6/15 - Batch 190/800 - loss: 1.1225 - GPU: 29.59GB/30.67GB
  Epoch 6/15 - Batch 195/800 - loss: 1.1671 - GPU: 29.59GB/30.67GB
  Epoch 6/15 - Batch 200/800 - loss: 1.0624 - GPU: 22.37GB/23.07GB
  Epoch 6/15 - Batch 205/800 - loss: 1.1294 - GPU: 29.59GB/29.80GB
  Epoch 6/15 - Batch 210/800 - loss: 1.2086 - GPU: 29.59GB/30.67GB
  Epoch 6/15 - Batch 215/800 - loss: 0.8839 - GPU: 29.59GB/30.67GB
  Epoch 6/15 - Batch 220/800 - loss: 0.7112 - GPU: 22.37GB/23.04GB
  Epoch 6/15 - Batch 225/800 - loss: 1.0251 - GPU: 29.59GB/29.80GB
  Epoch 6/15 - Batch 230/800 - loss: 0.3969 - GPU: 29.59GB/30.67GB
  Epoch 6/15 - Batch 235/800 - loss: 0.7528 - GPU: 29.59GB/30.67GB
  Epoch 6/15 - Batch 240/800 - loss: 1.0086 - GPU: 22.37GB/23.07GB
  Epoch 6/15 - Batch 245/800 - loss: 1.1960 - GPU: 29.59GB/29.80GB
  Epoch 6/15 - Batch 250/800 - loss: 1.0441 - GPU: 29.59GB/30.67GB
  Epoch 6/15 - Batch 255/800 - loss: 1.0671 - GPU: 29.59GB/30.67GB
  Epoch 6/15 - Batch 260/800 - loss: 0.8854 - GPU: 22.37GB/23.04GB
  Epoch 6/15 - Batch 265/800 - loss: 1.0960 - GPU: 29.59GB/29.80GB
  Epoch 6/15 - Batch 270/800 - loss: 0.5141 - GPU: 29.59GB/30.67GB
  Epoch 6/15 - Batch 275/800 - loss: 1.1743 - GPU: 29.59GB/30.67GB
  Epoch 6/15 - Batch 280/800 - loss: 1.1632 - GPU: 22.37GB/23.07GB
  Epoch 6/15 - Batch 285/800 - loss: 0.7857 - GPU: 29.59GB/29.80GB
  Epoch 6/15 - Batch 290/800 - loss: 0.6525 - GPU: 29.59GB/30.67GB
  Epoch 6/15 - Batch 295/800 - loss: 0.8552 - GPU: 29.59GB/30.67GB
  Epoch 6/15 - Batch 300/800 - loss: 0.8213 - GPU: 22.37GB/23.04GB
  Epoch 6/15 - Batch 305/800 - loss: 0.9650 - GPU: 29.59GB/29.80GB
  Epoch 6/15 - Batch 310/800 - loss: 0.4996 - GPU: 29.59GB/30.67GB
  Epoch 6/15 - Batch 315/800 - loss: 0.9493 - GPU: 29.59GB/30.67GB
  Epoch 6/15 - Batch 320/800 - loss: 0.9097 - GPU: 22.37GB/23.07GB
  Epoch 6/15 - Batch 325/800 - loss: 1.0054 - GPU: 29.59GB/29.80GB
  Epoch 6/15 - Batch 330/800 - loss: 1.0905 - GPU: 29.59GB/30.67GB
  Epoch 6/15 - Batch 335/800 - loss: 1.1886 - GPU: 29.59GB/30.67GB
  Epoch 6/15 - Batch 340/800 - loss: 1.2070 - GPU: 22.37GB/23.04GB
  Epoch 6/15 - Batch 345/800 - loss: 1.1950 - GPU: 29.59GB/29.80GB
  Epoch 6/15 - Batch 350/800 - loss: 0.7081 - GPU: 29.59GB/30.67GB
  Epoch 6/15 - Batch 355/800 - loss: 0.8073 - GPU: 29.59GB/30.67GB
  Epoch 6/15 - Batch 360/800 - loss: 1.0366 - GPU: 22.37GB/23.07GB
  Epoch 6/15 - Batch 365/800 - loss: 0.5358 - GPU: 29.59GB/29.80GB
  Epoch 6/15 - Batch 370/800 - loss: 0.5931 - GPU: 29.59GB/30.67GB
  Epoch 6/15 - Batch 375/800 - loss: 1.1366 - GPU: 29.59GB/30.67GB
  Epoch 6/15 - Batch 380/800 - loss: 0.8834 - GPU: 22.37GB/23.04GB
  Epoch 6/15 - Batch 385/800 - loss: 0.7158 - GPU: 29.59GB/29.80GB
  Epoch 6/15 - Batch 390/800 - loss: 1.0956 - GPU: 29.59GB/30.67GB
  Epoch 6/15 - Batch 395/800 - loss: 1.1749 - GPU: 29.59GB/30.67GB
  Epoch 6/15 - Batch 400/800 - loss: 0.8241 - GPU: 22.37GB/23.07GB
  Epoch 6/15 - Batch 405/800 - loss: 1.1368 - GPU: 29.59GB/29.80GB
  Epoch 6/15 - Batch 410/800 - loss: 1.0364 - GPU: 29.59GB/30.67GB
  Epoch 6/15 - Batch 415/800 - loss: 0.5900 - GPU: 29.59GB/30.67GB
  Epoch 6/15 - Batch 420/800 - loss: 0.9601 - GPU: 22.37GB/23.04GB
  Epoch 6/15 - Batch 425/800 - loss: 0.8473 - GPU: 29.59GB/29.80GB
  Epoch 6/15 - Batch 430/800 - loss: 0.6813 - GPU: 29.59GB/30.67GB
  Epoch 6/15 - Batch 435/800 - loss: 1.1140 - GPU: 29.59GB/30.67GB
  Epoch 6/15 - Batch 440/800 - loss: 0.8971 - GPU: 22.37GB/23.07GB
  Epoch 6/15 - Batch 445/800 - loss: 1.1714 - GPU: 29.59GB/29.80GB
  Epoch 6/15 - Batch 450/800 - loss: 1.0963 - GPU: 29.59GB/30.67GB
  Epoch 6/15 - Batch 455/800 - loss: 0.6462 - GPU: 29.59GB/30.67GB
  Epoch 6/15 - Batch 460/800 - loss: 1.1117 - GPU: 22.37GB/23.04GB
  Epoch 6/15 - Batch 465/800 - loss: 0.6966 - GPU: 29.59GB/29.80GB
  Epoch 6/15 - Batch 470/800 - loss: 0.8796 - GPU: 29.59GB/30.67GB
  Epoch 6/15 - Batch 475/800 - loss: 1.1471 - GPU: 29.59GB/30.67GB
  Epoch 6/15 - Batch 480/800 - loss: 0.9208 - GPU: 22.37GB/23.07GB
  Epoch 6/15 - Batch 485/800 - loss: 0.7727 - GPU: 29.59GB/29.80GB
  Epoch 6/15 - Batch 490/800 - loss: 0.9623 - GPU: 29.59GB/30.67GB
  Epoch 6/15 - Batch 495/800 - loss: 0.8362 - GPU: 29.59GB/30.67GB
  Epoch 6/15 - Batch 500/800 - loss: 1.0681 - GPU: 22.37GB/23.04GB
  Epoch 6/15 - Batch 505/800 - loss: 1.0343 - GPU: 29.59GB/29.80GB
  Epoch 6/15 - Batch 510/800 - loss: 1.0750 - GPU: 29.59GB/30.67GB
  Epoch 6/15 - Batch 515/800 - loss: 0.7609 - GPU: 29.59GB/30.67GB
  Epoch 6/15 - Batch 520/800 - loss: 1.1926 - GPU: 22.37GB/23.07GB
  Epoch 6/15 - Batch 525/800 - loss: 0.8945 - GPU: 29.59GB/29.80GB
  Epoch 6/15 - Batch 530/800 - loss: 1.1206 - GPU: 29.59GB/30.67GB
  Epoch 6/15 - Batch 535/800 - loss: 1.0683 - GPU: 29.59GB/30.67GB
  Epoch 6/15 - Batch 540/800 - loss: 1.1978 - GPU: 22.37GB/23.04GB
  Epoch 6/15 - Batch 545/800 - loss: 0.7400 - GPU: 29.59GB/29.80GB
  Epoch 6/15 - Batch 550/800 - loss: 0.5333 - GPU: 29.59GB/30.67GB
  Epoch 6/15 - Batch 555/800 - loss: 0.6129 - GPU: 29.59GB/30.67GB
  Epoch 6/15 - Batch 560/800 - loss: 1.0093 - GPU: 22.37GB/23.07GB
  Epoch 6/15 - Batch 565/800 - loss: 1.0286 - GPU: 29.59GB/29.80GB
  Epoch 6/15 - Batch 570/800 - loss: 0.5863 - GPU: 29.59GB/30.67GB
  Epoch 6/15 - Batch 575/800 - loss: 1.0441 - GPU: 29.59GB/30.67GB
  Epoch 6/15 - Batch 580/800 - loss: 1.1347 - GPU: 22.37GB/23.04GB
  Epoch 6/15 - Batch 585/800 - loss: 0.4751 - GPU: 29.59GB/29.80GB
  Epoch 6/15 - Batch 590/800 - loss: 1.0536 - GPU: 29.59GB/30.67GB
  Epoch 6/15 - Batch 595/800 - loss: 0.5541 - GPU: 29.59GB/30.67GB
  Epoch 6/15 - Batch 600/800 - loss: 1.1180 - GPU: 22.37GB/23.07GB
  Epoch 6/15 - Batch 605/800 - loss: 0.4828 - GPU: 29.59GB/29.80GB
  Epoch 6/15 - Batch 610/800 - loss: 0.8720 - GPU: 29.59GB/30.67GB
  Epoch 6/15 - Batch 615/800 - loss: 0.5845 - GPU: 29.59GB/30.67GB
  Epoch 6/15 - Batch 620/800 - loss: 1.1657 - GPU: 22.37GB/23.04GB
  Epoch 6/15 - Batch 625/800 - loss: 1.0635 - GPU: 29.59GB/29.80GB
  Epoch 6/15 - Batch 630/800 - loss: 0.6824 - GPU: 29.59GB/30.67GB
  Epoch 6/15 - Batch 635/800 - loss: 0.4298 - GPU: 29.59GB/30.67GB
  Epoch 6/15 - Batch 640/800 - loss: 0.9216 - GPU: 22.37GB/23.07GB
  Epoch 6/15 - Batch 645/800 - loss: 1.1341 - GPU: 29.59GB/29.80GB
  Epoch 6/15 - Batch 650/800 - loss: 0.8392 - GPU: 29.59GB/30.67GB
  Epoch 6/15 - Batch 655/800 - loss: 0.7461 - GPU: 29.59GB/30.67GB
  Epoch 6/15 - Batch 660/800 - loss: 0.7375 - GPU: 22.37GB/23.04GB
  Epoch 6/15 - Batch 665/800 - loss: 1.0391 - GPU: 29.59GB/29.80GB
  Epoch 6/15 - Batch 670/800 - loss: 0.5041 - GPU: 29.59GB/30.67GB
  Epoch 6/15 - Batch 675/800 - loss: 1.1967 - GPU: 29.59GB/30.67GB
  Epoch 6/15 - Batch 680/800 - loss: 0.7060 - GPU: 22.37GB/23.07GB
  Epoch 6/15 - Batch 685/800 - loss: 1.1990 - GPU: 29.59GB/29.80GB
  Epoch 6/15 - Batch 690/800 - loss: 0.9320 - GPU: 29.59GB/30.67GB
  Epoch 6/15 - Batch 695/800 - loss: 0.5935 - GPU: 29.59GB/30.67GB
  Epoch 6/15 - Batch 700/800 - loss: 0.4868 - GPU: 22.37GB/23.04GB
  Epoch 6/15 - Batch 705/800 - loss: 0.5107 - GPU: 29.59GB/29.80GB
  Epoch 6/15 - Batch 710/800 - loss: 1.1381 - GPU: 29.59GB/30.67GB
  Epoch 6/15 - Batch 715/800 - loss: 1.0946 - GPU: 29.59GB/30.67GB
  Epoch 6/15 - Batch 720/800 - loss: 0.9296 - GPU: 22.37GB/23.07GB
  Epoch 6/15 - Batch 725/800 - loss: 1.1136 - GPU: 29.59GB/29.80GB
  Epoch 6/15 - Batch 730/800 - loss: 1.1289 - GPU: 29.59GB/30.67GB
  Epoch 6/15 - Batch 735/800 - loss: 0.7012 - GPU: 29.59GB/30.67GB
  Epoch 6/15 - Batch 740/800 - loss: 0.5826 - GPU: 22.37GB/23.04GB
  Epoch 6/15 - Batch 745/800 - loss: 0.9479 - GPU: 29.59GB/29.80GB
  Epoch 6/15 - Batch 750/800 - loss: 0.6686 - GPU: 29.59GB/30.67GB
  Epoch 6/15 - Batch 755/800 - loss: 1.2106 - GPU: 29.59GB/30.67GB
  Epoch 6/15 - Batch 760/800 - loss: 0.4397 - GPU: 22.37GB/23.07GB
  Epoch 6/15 - Batch 765/800 - loss: 1.1626 - GPU: 29.59GB/29.80GB
  Epoch 6/15 - Batch 770/800 - loss: 1.0436 - GPU: 29.59GB/30.67GB
  Epoch 6/15 - Batch 775/800 - loss: 1.1505 - GPU: 29.59GB/30.67GB
  Epoch 6/15 - Batch 780/800 - loss: 0.5385 - GPU: 22.37GB/23.04GB
  Epoch 6/15 - Batch 785/800 - loss: 0.6340 - GPU: 29.59GB/29.80GB
  Epoch 6/15 - Batch 790/800 - loss: 1.2097 - GPU: 29.59GB/30.67GB
  Epoch 6/15 - Batch 795/800 - loss: 0.8346 - GPU: 29.59GB/30.67GB
  Epoch 6/15 - Batch 800/800 - loss: 1.0930 - GPU: 22.37GB/23.07GB
Epoch 6/15 - train_loss: 0.8658 | val_loss: 0.8623
  No improvement for 2/4 epochs
  Epoch 7/15 - Batch 5/800 - loss: 1.0713 - GPU: 29.59GB/29.80GB
  Epoch 7/15 - Batch 10/800 - loss: 0.4790 - GPU: 29.59GB/30.67GB
  Epoch 7/15 - Batch 15/800 - loss: 1.2010 - GPU: 29.59GB/30.67GB
  Epoch 7/15 - Batch 20/800 - loss: 0.7434 - GPU: 22.37GB/23.04GB
  Epoch 7/15 - Batch 25/800 - loss: 0.4872 - GPU: 29.59GB/29.80GB
  Epoch 7/15 - Batch 30/800 - loss: 0.7821 - GPU: 29.59GB/30.67GB
  Epoch 7/15 - Batch 35/800 - loss: 1.1147 - GPU: 29.59GB/30.67GB
  Epoch 7/15 - Batch 40/800 - loss: 0.5632 - GPU: 22.37GB/23.07GB
  Epoch 7/15 - Batch 45/800 - loss: 0.6795 - GPU: 29.59GB/29.80GB
  Epoch 7/15 - Batch 50/800 - loss: 0.7726 - GPU: 29.59GB/30.67GB
  Epoch 7/15 - Batch 55/800 - loss: 1.1998 - GPU: 29.59GB/30.67GB
  Epoch 7/15 - Batch 60/800 - loss: 1.1455 - GPU: 22.37GB/23.04GB
  Epoch 7/15 - Batch 65/800 - loss: 1.1316 - GPU: 29.59GB/29.80GB
  Epoch 7/15 - Batch 70/800 - loss: 0.7753 - GPU: 29.59GB/30.67GB
  Epoch 7/15 - Batch 75/800 - loss: 0.8927 - GPU: 29.59GB/30.67GB
  Epoch 7/15 - Batch 80/800 - loss: 0.9469 - GPU: 22.37GB/23.07GB
  Epoch 7/15 - Batch 85/800 - loss: 0.5638 - GPU: 29.59GB/29.80GB
  Epoch 7/15 - Batch 90/800 - loss: 1.2334 - GPU: 29.59GB/30.67GB
  Epoch 7/15 - Batch 95/800 - loss: 0.9442 - GPU: 29.59GB/30.67GB
  Epoch 7/15 - Batch 100/800 - loss: 1.1428 - GPU: 22.37GB/23.04GB
  Epoch 7/15 - Batch 105/800 - loss: 1.1770 - GPU: 29.59GB/29.80GB
  Epoch 7/15 - Batch 110/800 - loss: 0.9079 - GPU: 29.59GB/30.67GB
  Epoch 7/15 - Batch 115/800 - loss: 0.7947 - GPU: 29.59GB/30.67GB
  Epoch 7/15 - Batch 120/800 - loss: 0.8073 - GPU: 22.37GB/23.07GB
  Epoch 7/15 - Batch 125/800 - loss: 0.8036 - GPU: 29.59GB/29.80GB
  Epoch 7/15 - Batch 130/800 - loss: 1.1742 - GPU: 29.59GB/30.67GB
  Epoch 7/15 - Batch 135/800 - loss: 1.0501 - GPU: 29.59GB/30.67GB
  Epoch 7/15 - Batch 140/800 - loss: 0.9965 - GPU: 22.37GB/23.04GB
  Epoch 7/15 - Batch 145/800 - loss: 1.0641 - GPU: 29.59GB/29.80GB
  Epoch 7/15 - Batch 150/800 - loss: 1.1139 - GPU: 29.59GB/30.67GB
  Epoch 7/15 - Batch 155/800 - loss: 0.3718 - GPU: 29.59GB/30.67GB
  Epoch 7/15 - Batch 160/800 - loss: 0.9806 - GPU: 22.37GB/23.07GB
  Epoch 7/15 - Batch 165/800 - loss: 0.6982 - GPU: 29.59GB/29.80GB
  Epoch 7/15 - Batch 170/800 - loss: 1.2095 - GPU: 29.59GB/30.67GB
  Epoch 7/15 - Batch 175/800 - loss: 1.1742 - GPU: 29.59GB/30.67GB
  Epoch 7/15 - Batch 180/800 - loss: 1.1829 - GPU: 22.37GB/23.04GB
  Epoch 7/15 - Batch 185/800 - loss: 1.0886 - GPU: 29.59GB/29.80GB
  Epoch 7/15 - Batch 190/800 - loss: 1.2004 - GPU: 29.59GB/30.67GB
  Epoch 7/15 - Batch 195/800 - loss: 1.1765 - GPU: 29.59GB/30.67GB
  Epoch 7/15 - Batch 200/800 - loss: 0.9678 - GPU: 22.37GB/23.07GB
  Epoch 7/15 - Batch 205/800 - loss: 1.1604 - GPU: 29.59GB/29.80GB
  Epoch 7/15 - Batch 210/800 - loss: 0.5291 - GPU: 29.59GB/30.67GB
  Epoch 7/15 - Batch 215/800 - loss: 0.6072 - GPU: 29.59GB/30.67GB
  Epoch 7/15 - Batch 220/800 - loss: 0.8124 - GPU: 22.37GB/23.04GB
  Epoch 7/15 - Batch 225/800 - loss: 1.1692 - GPU: 29.59GB/29.80GB
  Epoch 7/15 - Batch 230/800 - loss: 1.2161 - GPU: 29.59GB/30.67GB
  Epoch 7/15 - Batch 235/800 - loss: 0.7005 - GPU: 29.59GB/30.67GB
  Epoch 7/15 - Batch 240/800 - loss: 1.1523 - GPU: 22.37GB/23.07GB
  Epoch 7/15 - Batch 245/800 - loss: 0.7232 - GPU: 29.59GB/29.80GB
  Epoch 7/15 - Batch 250/800 - loss: 0.6569 - GPU: 29.59GB/30.67GB
  Epoch 7/15 - Batch 255/800 - loss: 1.1554 - GPU: 29.59GB/30.67GB
  Epoch 7/15 - Batch 260/800 - loss: 0.5199 - GPU: 22.37GB/23.04GB
  Epoch 7/15 - Batch 265/800 - loss: 0.8291 - GPU: 29.59GB/29.80GB
  Epoch 7/15 - Batch 270/800 - loss: 0.7337 - GPU: 29.59GB/30.67GB
  Epoch 7/15 - Batch 275/800 - loss: 0.8730 - GPU: 29.59GB/30.67GB
  Epoch 7/15 - Batch 280/800 - loss: 1.0639 - GPU: 22.37GB/23.07GB
  Epoch 7/15 - Batch 285/800 - loss: 1.1068 - GPU: 29.59GB/29.80GB
  Epoch 7/15 - Batch 290/800 - loss: 1.1820 - GPU: 29.59GB/30.67GB
  Epoch 7/15 - Batch 295/800 - loss: 0.4911 - GPU: 29.59GB/30.67GB
  Epoch 7/15 - Batch 300/800 - loss: 0.7808 - GPU: 22.37GB/23.04GB
  Epoch 7/15 - Batch 305/800 - loss: 1.1136 - GPU: 29.59GB/29.80GB
  Epoch 7/15 - Batch 310/800 - loss: 0.5275 - GPU: 29.59GB/30.67GB
  Epoch 7/15 - Batch 315/800 - loss: 0.6829 - GPU: 29.59GB/30.67GB
  Epoch 7/15 - Batch 320/800 - loss: 0.7885 - GPU: 22.37GB/23.07GB
  Epoch 7/15 - Batch 325/800 - loss: 0.6339 - GPU: 29.59GB/29.80GB
  Epoch 7/15 - Batch 330/800 - loss: 1.1170 - GPU: 29.59GB/30.67GB
  Epoch 7/15 - Batch 335/800 - loss: 1.1077 - GPU: 29.59GB/30.67GB
  Epoch 7/15 - Batch 340/800 - loss: 1.0562 - GPU: 22.37GB/23.04GB
  Epoch 7/15 - Batch 345/800 - loss: 0.6009 - GPU: 29.59GB/29.80GB
  Epoch 7/15 - Batch 350/800 - loss: 1.0504 - GPU: 29.59GB/30.67GB
  Epoch 7/15 - Batch 355/800 - loss: 1.0666 - GPU: 29.59GB/30.67GB
  Epoch 7/15 - Batch 360/800 - loss: 1.1405 - GPU: 22.37GB/23.07GB
  Epoch 7/15 - Batch 365/800 - loss: 0.7869 - GPU: 29.59GB/29.80GB
  Epoch 7/15 - Batch 370/800 - loss: 0.9204 - GPU: 29.59GB/30.67GB
  Epoch 7/15 - Batch 375/800 - loss: 1.0663 - GPU: 29.59GB/30.67GB
  Epoch 7/15 - Batch 380/800 - loss: 1.1131 - GPU: 22.37GB/23.04GB
  Epoch 7/15 - Batch 385/800 - loss: 0.8827 - GPU: 29.59GB/29.80GB
  Epoch 7/15 - Batch 390/800 - loss: 0.8183 - GPU: 29.59GB/30.67GB
  Epoch 7/15 - Batch 395/800 - loss: 0.6164 - GPU: 29.59GB/30.67GB
  Epoch 7/15 - Batch 400/800 - loss: 0.5289 - GPU: 22.37GB/23.07GB
  Epoch 7/15 - Batch 405/800 - loss: 1.0495 - GPU: 29.59GB/29.80GB
  Epoch 7/15 - Batch 410/800 - loss: 0.7426 - GPU: 29.59GB/30.67GB
  Epoch 7/15 - Batch 415/800 - loss: 1.0945 - GPU: 29.59GB/30.67GB
  Epoch 7/15 - Batch 420/800 - loss: 0.7518 - GPU: 22.37GB/23.04GB
  Epoch 7/15 - Batch 425/800 - loss: 0.6657 - GPU: 29.59GB/29.80GB
  Epoch 7/15 - Batch 430/800 - loss: 1.2095 - GPU: 29.59GB/30.67GB
  Epoch 7/15 - Batch 435/800 - loss: 0.9254 - GPU: 29.59GB/30.67GB
  Epoch 7/15 - Batch 440/800 - loss: 1.2076 - GPU: 22.37GB/23.07GB
  Epoch 7/15 - Batch 445/800 - loss: 1.2029 - GPU: 29.59GB/29.80GB
  Epoch 7/15 - Batch 450/800 - loss: 0.6864 - GPU: 29.59GB/30.67GB
  Epoch 7/15 - Batch 455/800 - loss: 1.1362 - GPU: 29.59GB/30.67GB
  Epoch 7/15 - Batch 460/800 - loss: 0.7350 - GPU: 22.37GB/23.04GB
  Epoch 7/15 - Batch 465/800 - loss: 1.0518 - GPU: 29.59GB/29.80GB
  Epoch 7/15 - Batch 470/800 - loss: 1.1205 - GPU: 29.59GB/30.67GB
  Epoch 7/15 - Batch 475/800 - loss: 0.7312 - GPU: 29.59GB/30.67GB
  Epoch 7/15 - Batch 480/800 - loss: 1.1149 - GPU: 22.37GB/23.07GB
  Epoch 7/15 - Batch 485/800 - loss: 0.7503 - GPU: 29.59GB/29.80GB
  Epoch 7/15 - Batch 490/800 - loss: 0.4873 - GPU: 29.59GB/30.67GB
  Epoch 7/15 - Batch 495/800 - loss: 1.1639 - GPU: 29.59GB/30.67GB
  Epoch 7/15 - Batch 500/800 - loss: 0.8166 - GPU: 22.37GB/23.04GB
  Epoch 7/15 - Batch 505/800 - loss: 0.6472 - GPU: 29.59GB/29.80GB
  Epoch 7/15 - Batch 510/800 - loss: 0.5554 - GPU: 29.59GB/30.67GB
  Epoch 7/15 - Batch 515/800 - loss: 0.7726 - GPU: 29.59GB/30.67GB
  Epoch 7/15 - Batch 520/800 - loss: 1.1296 - GPU: 22.37GB/23.07GB
  Epoch 7/15 - Batch 525/800 - loss: 0.5092 - GPU: 29.59GB/29.80GB
  Epoch 7/15 - Batch 530/800 - loss: 1.2114 - GPU: 29.59GB/30.67GB
  Epoch 7/15 - Batch 535/800 - loss: 0.5794 - GPU: 29.59GB/30.67GB
  Epoch 7/15 - Batch 540/800 - loss: 0.5552 - GPU: 22.37GB/23.04GB
  Epoch 7/15 - Batch 545/800 - loss: 1.2053 - GPU: 29.59GB/29.80GB
  Epoch 7/15 - Batch 550/800 - loss: 0.5219 - GPU: 29.59GB/30.67GB
  Epoch 7/15 - Batch 555/800 - loss: 1.2293 - GPU: 29.59GB/30.67GB
  Epoch 7/15 - Batch 560/800 - loss: 0.5007 - GPU: 22.37GB/23.07GB
  Epoch 7/15 - Batch 565/800 - loss: 1.1968 - GPU: 29.59GB/29.80GB
  Epoch 7/15 - Batch 570/800 - loss: 1.1433 - GPU: 29.59GB/30.67GB
  Epoch 7/15 - Batch 575/800 - loss: 0.6144 - GPU: 29.59GB/30.67GB
  Epoch 7/15 - Batch 580/800 - loss: 1.1801 - GPU: 22.37GB/23.04GB
  Epoch 7/15 - Batch 585/800 - loss: 0.9298 - GPU: 29.59GB/29.80GB
  Epoch 7/15 - Batch 590/800 - loss: 0.5842 - GPU: 29.59GB/30.67GB
  Epoch 7/15 - Batch 595/800 - loss: 0.4954 - GPU: 29.59GB/30.67GB
  Epoch 7/15 - Batch 600/800 - loss: 1.1756 - GPU: 22.37GB/23.07GB
  Epoch 7/15 - Batch 605/800 - loss: 0.4974 - GPU: 29.59GB/29.80GB
  Epoch 7/15 - Batch 610/800 - loss: 0.6358 - GPU: 29.59GB/30.67GB
  Epoch 7/15 - Batch 615/800 - loss: 0.5636 - GPU: 29.59GB/30.67GB
  Epoch 7/15 - Batch 620/800 - loss: 0.5672 - GPU: 22.37GB/23.04GB
  Epoch 7/15 - Batch 625/800 - loss: 0.5573 - GPU: 29.59GB/29.80GB
  Epoch 7/15 - Batch 630/800 - loss: 0.8088 - GPU: 29.59GB/30.67GB
  Epoch 7/15 - Batch 635/800 - loss: 0.8693 - GPU: 29.59GB/30.67GB
  Epoch 7/15 - Batch 640/800 - loss: 0.4504 - GPU: 22.37GB/23.07GB
  Epoch 7/15 - Batch 645/800 - loss: 1.0767 - GPU: 29.59GB/29.80GB
  Epoch 7/15 - Batch 650/800 - loss: 1.1783 - GPU: 29.59GB/30.67GB
  Epoch 7/15 - Batch 655/800 - loss: 0.5502 - GPU: 29.59GB/30.67GB
  Epoch 7/15 - Batch 660/800 - loss: 0.8261 - GPU: 22.37GB/23.04GB
  Epoch 7/15 - Batch 665/800 - loss: 1.2076 - GPU: 29.59GB/29.80GB
  Epoch 7/15 - Batch 670/800 - loss: 1.1012 - GPU: 29.59GB/30.67GB
  Epoch 7/15 - Batch 675/800 - loss: 1.1416 - GPU: 29.59GB/30.67GB
  Epoch 7/15 - Batch 680/800 - loss: 1.2237 - GPU: 22.37GB/23.07GB
  Epoch 7/15 - Batch 685/800 - loss: 1.1397 - GPU: 29.59GB/29.80GB
  Epoch 7/15 - Batch 690/800 - loss: 0.5370 - GPU: 29.59GB/30.67GB
  Epoch 7/15 - Batch 695/800 - loss: 1.1975 - GPU: 29.59GB/30.67GB
  Epoch 7/15 - Batch 700/800 - loss: 0.7702 - GPU: 22.37GB/23.04GB
  Epoch 7/15 - Batch 705/800 - loss: 0.5991 - GPU: 29.59GB/29.80GB
  Epoch 7/15 - Batch 710/800 - loss: 0.8272 - GPU: 29.59GB/30.67GB
  Epoch 7/15 - Batch 715/800 - loss: 0.6490 - GPU: 29.59GB/30.67GB
  Epoch 7/15 - Batch 720/800 - loss: 0.9071 - GPU: 22.37GB/23.07GB
  Epoch 7/15 - Batch 725/800 - loss: 0.6821 - GPU: 29.59GB/29.80GB
  Epoch 7/15 - Batch 730/800 - loss: 1.1278 - GPU: 29.59GB/30.67GB
  Epoch 7/15 - Batch 735/800 - loss: 0.5626 - GPU: 29.59GB/30.67GB
  Epoch 7/15 - Batch 740/800 - loss: 0.6937 - GPU: 22.37GB/23.04GB
  Epoch 7/15 - Batch 745/800 - loss: 1.1765 - GPU: 29.59GB/29.80GB
  Epoch 7/15 - Batch 750/800 - loss: 1.1309 - GPU: 29.59GB/30.67GB
  Epoch 7/15 - Batch 755/800 - loss: 0.7084 - GPU: 29.59GB/30.67GB
  Epoch 7/15 - Batch 760/800 - loss: 1.1704 - GPU: 22.37GB/23.07GB
  Epoch 7/15 - Batch 765/800 - loss: 0.5278 - GPU: 29.59GB/29.80GB
  Epoch 7/15 - Batch 770/800 - loss: 0.9374 - GPU: 29.59GB/30.67GB
  Epoch 7/15 - Batch 775/800 - loss: 0.9753 - GPU: 29.59GB/30.67GB
  Epoch 7/15 - Batch 780/800 - loss: 1.1540 - GPU: 22.37GB/23.04GB
  Epoch 7/15 - Batch 785/800 - loss: 1.0183 - GPU: 29.59GB/29.80GB
  Epoch 7/15 - Batch 790/800 - loss: 0.7003 - GPU: 29.59GB/30.67GB
  Epoch 7/15 - Batch 795/800 - loss: 0.9758 - GPU: 29.59GB/30.67GB
  Epoch 7/15 - Batch 800/800 - loss: 1.0970 - GPU: 22.37GB/23.07GB
Epoch 7/15 - train_loss: 0.8645 | val_loss: 0.8327
  No improvement for 3/4 epochs
  Epoch 8/15 - Batch 5/800 - loss: 0.5876 - GPU: 29.59GB/29.80GB
  Epoch 8/15 - Batch 10/800 - loss: 1.0676 - GPU: 29.59GB/30.67GB
  Epoch 8/15 - Batch 15/800 - loss: 0.8434 - GPU: 29.59GB/30.67GB
  Epoch 8/15 - Batch 20/800 - loss: 0.4533 - GPU: 22.37GB/23.04GB
  Epoch 8/15 - Batch 25/800 - loss: 1.1073 - GPU: 29.59GB/29.80GB
  Epoch 8/15 - Batch 30/800 - loss: 0.7683 - GPU: 29.59GB/30.67GB
  Epoch 8/15 - Batch 35/800 - loss: 0.7924 - GPU: 29.59GB/30.67GB
  Epoch 8/15 - Batch 40/800 - loss: 0.6811 - GPU: 22.37GB/23.07GB
  Epoch 8/15 - Batch 45/800 - loss: 0.7688 - GPU: 29.59GB/29.80GB
  Epoch 8/15 - Batch 50/800 - loss: 1.1288 - GPU: 29.59GB/30.67GB
  Epoch 8/15 - Batch 55/800 - loss: 1.1113 - GPU: 29.59GB/30.67GB
  Epoch 8/15 - Batch 60/800 - loss: 1.0483 - GPU: 22.37GB/23.04GB
  Epoch 8/15 - Batch 65/800 - loss: 0.4432 - GPU: 29.59GB/29.80GB
  Epoch 8/15 - Batch 70/800 - loss: 1.2082 - GPU: 29.59GB/30.67GB
  Epoch 8/15 - Batch 75/800 - loss: 0.6752 - GPU: 29.59GB/30.67GB
  Epoch 8/15 - Batch 80/800 - loss: 1.1806 - GPU: 22.37GB/23.07GB
  Epoch 8/15 - Batch 85/800 - loss: 0.9587 - GPU: 29.59GB/29.80GB
  Epoch 8/15 - Batch 90/800 - loss: 1.1770 - GPU: 29.59GB/30.67GB
  Epoch 8/15 - Batch 95/800 - loss: 0.7811 - GPU: 29.59GB/30.67GB
  Epoch 8/15 - Batch 100/800 - loss: 1.1125 - GPU: 22.37GB/23.04GB
  Epoch 8/15 - Batch 105/800 - loss: 0.5994 - GPU: 29.59GB/29.80GB
  Epoch 8/15 - Batch 110/800 - loss: 0.5583 - GPU: 29.59GB/30.67GB
  Epoch 8/15 - Batch 115/800 - loss: 1.0076 - GPU: 29.59GB/30.67GB
  Epoch 8/15 - Batch 120/800 - loss: 0.6985 - GPU: 22.37GB/23.07GB
  Epoch 8/15 - Batch 125/800 - loss: 0.7860 - GPU: 29.59GB/29.80GB
  Epoch 8/15 - Batch 130/800 - loss: 0.7138 - GPU: 29.59GB/30.67GB
  Epoch 8/15 - Batch 135/800 - loss: 1.1069 - GPU: 29.59GB/30.67GB
  Epoch 8/15 - Batch 140/800 - loss: 1.1221 - GPU: 22.37GB/23.04GB
  Epoch 8/15 - Batch 145/800 - loss: 0.7092 - GPU: 29.59GB/29.80GB
  Epoch 8/15 - Batch 150/800 - loss: 0.9084 - GPU: 29.59GB/30.67GB
  Epoch 8/15 - Batch 155/800 - loss: 0.6121 - GPU: 29.59GB/30.67GB
  Epoch 8/15 - Batch 160/800 - loss: 0.6558 - GPU: 22.37GB/23.07GB
  Epoch 8/15 - Batch 165/800 - loss: 0.4994 - GPU: 29.59GB/29.80GB
  Epoch 8/15 - Batch 170/800 - loss: 1.0421 - GPU: 29.59GB/30.67GB
  Epoch 8/15 - Batch 175/800 - loss: 0.9655 - GPU: 29.59GB/30.67GB
  Epoch 8/15 - Batch 180/800 - loss: 0.9294 - GPU: 22.37GB/23.04GB
  Epoch 8/15 - Batch 185/800 - loss: 0.4786 - GPU: 29.59GB/29.80GB
  Epoch 8/15 - Batch 190/800 - loss: 1.1218 - GPU: 29.59GB/30.67GB
  Epoch 8/15 - Batch 195/800 - loss: 0.8879 - GPU: 29.59GB/30.67GB
  Epoch 8/15 - Batch 200/800 - loss: 1.0906 - GPU: 22.37GB/23.07GB
  Epoch 8/15 - Batch 205/800 - loss: 1.0607 - GPU: 29.59GB/29.80GB
  Epoch 8/15 - Batch 210/800 - loss: 0.8134 - GPU: 29.59GB/30.67GB
  Epoch 8/15 - Batch 215/800 - loss: 1.1733 - GPU: 29.59GB/30.67GB
  Epoch 8/15 - Batch 220/800 - loss: 1.0640 - GPU: 22.37GB/23.04GB
  Epoch 8/15 - Batch 225/800 - loss: 1.1144 - GPU: 29.59GB/29.80GB
  Epoch 8/15 - Batch 230/800 - loss: 0.5859 - GPU: 29.59GB/30.67GB
  Epoch 8/15 - Batch 235/800 - loss: 1.1603 - GPU: 29.59GB/30.67GB
  Epoch 8/15 - Batch 240/800 - loss: 0.6620 - GPU: 22.37GB/23.07GB
  Epoch 8/15 - Batch 245/800 - loss: 0.6960 - GPU: 29.59GB/29.80GB
  Epoch 8/15 - Batch 250/800 - loss: 0.7422 - GPU: 29.59GB/30.67GB
  Epoch 8/15 - Batch 255/800 - loss: 0.7889 - GPU: 29.59GB/30.67GB
  Epoch 8/15 - Batch 260/800 - loss: 1.0901 - GPU: 22.37GB/23.04GB
  Epoch 8/15 - Batch 265/800 - loss: 0.5108 - GPU: 29.59GB/29.80GB
  Epoch 8/15 - Batch 270/800 - loss: 0.9873 - GPU: 29.59GB/30.67GB
  Epoch 8/15 - Batch 275/800 - loss: 0.6182 - GPU: 29.59GB/30.67GB
  Epoch 8/15 - Batch 280/800 - loss: 0.6575 - GPU: 22.37GB/23.07GB
  Epoch 8/15 - Batch 285/800 - loss: 0.6002 - GPU: 29.59GB/29.80GB
  Epoch 8/15 - Batch 290/800 - loss: 0.6137 - GPU: 29.59GB/30.67GB
  Epoch 8/15 - Batch 295/800 - loss: 0.7501 - GPU: 29.59GB/30.67GB
  Epoch 8/15 - Batch 300/800 - loss: 0.5031 - GPU: 22.37GB/23.04GB
  Epoch 8/15 - Batch 305/800 - loss: 0.5737 - GPU: 29.59GB/29.80GB
  Epoch 8/15 - Batch 310/800 - loss: 0.7450 - GPU: 29.59GB/30.67GB
  Epoch 8/15 - Batch 315/800 - loss: 1.2038 - GPU: 29.59GB/30.67GB
  Epoch 8/15 - Batch 320/800 - loss: 1.1927 - GPU: 22.37GB/23.07GB
  Epoch 8/15 - Batch 325/800 - loss: 0.6223 - GPU: 29.59GB/29.80GB
  Epoch 8/15 - Batch 330/800 - loss: 0.7619 - GPU: 29.59GB/30.67GB
  Epoch 8/15 - Batch 335/800 - loss: 0.4943 - GPU: 29.59GB/30.67GB
  Epoch 8/15 - Batch 340/800 - loss: 1.0189 - GPU: 22.37GB/23.04GB
  Epoch 8/15 - Batch 345/800 - loss: 0.6397 - GPU: 29.59GB/29.80GB
  Epoch 8/15 - Batch 350/800 - loss: 0.6591 - GPU: 29.59GB/30.67GB
  Epoch 8/15 - Batch 355/800 - loss: 1.0758 - GPU: 29.59GB/30.67GB
  Epoch 8/15 - Batch 360/800 - loss: 1.0800 - GPU: 22.37GB/23.07GB
  Epoch 8/15 - Batch 365/800 - loss: 1.0930 - GPU: 29.59GB/29.80GB
  Epoch 8/15 - Batch 370/800 - loss: 1.0568 - GPU: 29.59GB/30.67GB
  Epoch 8/15 - Batch 375/800 - loss: 1.2139 - GPU: 29.59GB/30.67GB
  Epoch 8/15 - Batch 380/800 - loss: 1.1867 - GPU: 22.37GB/23.04GB
  Epoch 8/15 - Batch 385/800 - loss: 0.6259 - GPU: 29.59GB/29.80GB
  Epoch 8/15 - Batch 390/800 - loss: 0.6617 - GPU: 29.59GB/30.67GB
  Epoch 8/15 - Batch 395/800 - loss: 0.3581 - GPU: 29.59GB/30.67GB
  Epoch 8/15 - Batch 400/800 - loss: 0.6832 - GPU: 22.37GB/23.07GB
  Epoch 8/15 - Batch 405/800 - loss: 1.1457 - GPU: 29.59GB/29.80GB
  Epoch 8/15 - Batch 410/800 - loss: 0.4424 - GPU: 29.59GB/30.67GB
  Epoch 8/15 - Batch 415/800 - loss: 0.9244 - GPU: 29.59GB/30.67GB
  Epoch 8/15 - Batch 420/800 - loss: 0.4121 - GPU: 22.37GB/23.04GB
  Epoch 8/15 - Batch 425/800 - loss: 0.6476 - GPU: 29.59GB/29.80GB
  Epoch 8/15 - Batch 430/800 - loss: 0.4729 - GPU: 29.59GB/30.67GB
  Epoch 8/15 - Batch 435/800 - loss: 0.7928 - GPU: 29.59GB/30.67GB
  Epoch 8/15 - Batch 440/800 - loss: 0.8863 - GPU: 22.37GB/23.07GB
  Epoch 8/15 - Batch 445/800 - loss: 1.2476 - GPU: 29.59GB/29.80GB
  Epoch 8/15 - Batch 450/800 - loss: 1.1999 - GPU: 29.59GB/30.67GB
  Epoch 8/15 - Batch 455/800 - loss: 1.1535 - GPU: 29.59GB/30.67GB
  Epoch 8/15 - Batch 460/800 - loss: 0.7957 - GPU: 22.37GB/23.04GB
  Epoch 8/15 - Batch 465/800 - loss: 0.6867 - GPU: 29.59GB/29.80GB
  Epoch 8/15 - Batch 470/800 - loss: 0.7338 - GPU: 29.59GB/30.67GB
  Epoch 8/15 - Batch 475/800 - loss: 0.7269 - GPU: 29.59GB/30.67GB
  Epoch 8/15 - Batch 480/800 - loss: 1.1048 - GPU: 22.37GB/23.07GB
  Epoch 8/15 - Batch 485/800 - loss: 1.1589 - GPU: 29.59GB/29.80GB
  Epoch 8/15 - Batch 490/800 - loss: 1.1443 - GPU: 29.59GB/30.67GB
  Epoch 8/15 - Batch 495/800 - loss: 0.4055 - GPU: 29.59GB/30.67GB
  Epoch 8/15 - Batch 500/800 - loss: 1.1805 - GPU: 22.37GB/23.04GB
  Epoch 8/15 - Batch 505/800 - loss: 1.1563 - GPU: 29.59GB/29.80GB
  Epoch 8/15 - Batch 510/800 - loss: 1.0809 - GPU: 29.59GB/30.67GB
  Epoch 8/15 - Batch 515/800 - loss: 1.1727 - GPU: 29.59GB/30.67GB
  Epoch 8/15 - Batch 520/800 - loss: 0.5727 - GPU: 22.37GB/23.07GB
  Epoch 8/15 - Batch 525/800 - loss: 1.2565 - GPU: 29.59GB/29.80GB
  Epoch 8/15 - Batch 530/800 - loss: 0.5510 - GPU: 29.59GB/30.67GB
  Epoch 8/15 - Batch 535/800 - loss: 1.2085 - GPU: 29.59GB/30.67GB
  Epoch 8/15 - Batch 540/800 - loss: 0.7922 - GPU: 22.37GB/23.04GB
  Epoch 8/15 - Batch 545/800 - loss: 1.2107 - GPU: 29.59GB/29.80GB
  Epoch 8/15 - Batch 550/800 - loss: 0.6753 - GPU: 29.59GB/30.67GB
  Epoch 8/15 - Batch 555/800 - loss: 1.1996 - GPU: 29.59GB/30.67GB
  Epoch 8/15 - Batch 560/800 - loss: 0.9276 - GPU: 22.37GB/23.07GB
  Epoch 8/15 - Batch 565/800 - loss: 1.0436 - GPU: 29.59GB/29.80GB
  Epoch 8/15 - Batch 570/800 - loss: 0.7168 - GPU: 29.59GB/30.67GB
  Epoch 8/15 - Batch 575/800 - loss: 0.6808 - GPU: 29.59GB/30.67GB
  Epoch 8/15 - Batch 580/800 - loss: 0.6531 - GPU: 22.37GB/23.04GB
  Epoch 8/15 - Batch 585/800 - loss: 0.6169 - GPU: 29.59GB/29.80GB
  Epoch 8/15 - Batch 590/800 - loss: 1.1793 - GPU: 29.59GB/30.67GB
  Epoch 8/15 - Batch 595/800 - loss: 0.8130 - GPU: 29.59GB/30.67GB
  Epoch 8/15 - Batch 600/800 - loss: 1.0106 - GPU: 22.37GB/23.07GB
  Epoch 8/15 - Batch 605/800 - loss: 1.0688 - GPU: 29.59GB/29.80GB
  Epoch 8/15 - Batch 610/800 - loss: 0.4426 - GPU: 29.59GB/30.67GB
  Epoch 8/15 - Batch 615/800 - loss: 0.7432 - GPU: 29.59GB/30.67GB
  Epoch 8/15 - Batch 620/800 - loss: 1.1436 - GPU: 22.37GB/23.04GB
  Epoch 8/15 - Batch 625/800 - loss: 1.1983 - GPU: 29.59GB/29.80GB
  Epoch 8/15 - Batch 630/800 - loss: 1.1535 - GPU: 29.59GB/30.67GB
  Epoch 8/15 - Batch 635/800 - loss: 1.0829 - GPU: 29.59GB/30.67GB
  Epoch 8/15 - Batch 640/800 - loss: 1.1524 - GPU: 22.37GB/23.07GB
  Epoch 8/15 - Batch 645/800 - loss: 0.6821 - GPU: 29.59GB/29.80GB
  Epoch 8/15 - Batch 650/800 - loss: 0.7695 - GPU: 29.59GB/30.67GB
  Epoch 8/15 - Batch 655/800 - loss: 0.7075 - GPU: 29.59GB/30.67GB
  Epoch 8/15 - Batch 660/800 - loss: 1.1860 - GPU: 22.37GB/23.04GB
  Epoch 8/15 - Batch 665/800 - loss: 1.1814 - GPU: 29.59GB/29.80GB
  Epoch 8/15 - Batch 670/800 - loss: 1.1190 - GPU: 29.59GB/30.67GB
  Epoch 8/15 - Batch 675/800 - loss: 0.8938 - GPU: 29.59GB/30.67GB
  Epoch 8/15 - Batch 680/800 - loss: 0.4202 - GPU: 22.37GB/23.07GB
  Epoch 8/15 - Batch 685/800 - loss: 0.8932 - GPU: 29.59GB/29.80GB
  Epoch 8/15 - Batch 690/800 - loss: 1.1158 - GPU: 29.59GB/30.67GB
  Epoch 8/15 - Batch 695/800 - loss: 0.7711 - GPU: 29.59GB/30.67GB
  Epoch 8/15 - Batch 700/800 - loss: 0.6038 - GPU: 22.37GB/23.04GB
  Epoch 8/15 - Batch 705/800 - loss: 0.5155 - GPU: 29.59GB/29.80GB
  Epoch 8/15 - Batch 710/800 - loss: 0.7862 - GPU: 29.59GB/30.67GB
  Epoch 8/15 - Batch 715/800 - loss: 0.7844 - GPU: 29.59GB/30.67GB
  Epoch 8/15 - Batch 720/800 - loss: 0.6007 - GPU: 22.37GB/23.07GB
  Epoch 8/15 - Batch 725/800 - loss: 0.8264 - GPU: 29.59GB/29.80GB
  Epoch 8/15 - Batch 730/800 - loss: 0.5175 - GPU: 29.59GB/30.67GB
  Epoch 8/15 - Batch 735/800 - loss: 0.7611 - GPU: 29.59GB/30.67GB
  Epoch 8/15 - Batch 740/800 - loss: 0.7553 - GPU: 22.37GB/23.04GB
  Epoch 8/15 - Batch 745/800 - loss: 1.1398 - GPU: 29.59GB/29.80GB
  Epoch 8/15 - Batch 750/800 - loss: 0.6914 - GPU: 29.59GB/30.67GB
  Epoch 8/15 - Batch 755/800 - loss: 0.7887 - GPU: 29.59GB/30.67GB
  Epoch 8/15 - Batch 760/800 - loss: 0.9356 - GPU: 22.37GB/23.07GB
  Epoch 8/15 - Batch 765/800 - loss: 0.4649 - GPU: 29.59GB/29.80GB
  Epoch 8/15 - Batch 770/800 - loss: 1.0708 - GPU: 29.59GB/30.67GB
  Epoch 8/15 - Batch 775/800 - loss: 0.9542 - GPU: 29.59GB/30.67GB
  Epoch 8/15 - Batch 780/800 - loss: 1.0309 - GPU: 22.37GB/23.04GB
  Epoch 8/15 - Batch 785/800 - loss: 1.2036 - GPU: 29.59GB/29.80GB
  Epoch 8/15 - Batch 790/800 - loss: 0.5173 - GPU: 29.59GB/30.67GB
  Epoch 8/15 - Batch 795/800 - loss: 0.7389 - GPU: 29.59GB/30.67GB
  Epoch 8/15 - Batch 800/800 - loss: 1.2071 - GPU: 22.37GB/23.07GB
Epoch 8/15 - train_loss: 0.8545 | val_loss: 0.8475
  No improvement for 4/4 epochs
  Early stopping triggered at epoch 8
Saved metrics to: results/metrics/full_finetune_resources.csv

[5/5] Done. Best model saved to models/full_finetune/
✓ Metrics saved to results/metrics/full_finetune.json

============================================================
RESULTS: full_finetune
============================================================

[TRAINING EFFICIENCY]
  trainable_params: 3875544576
  trainable_percentage: 100.0
  peak_vram_gb: 30.15
  energy_kwh: 0.018416
  carbon_gco2eq: 18.42
  training_time_hours: 0.85
  adapter_size_mb: None

[VALIDATION]
  val_loss: 0.8211

[TEST METRICS]

[INFERENCE]
============================================================


✓ Full fine-tuning complete
Done: lun. 23 mars 2026 01:46:38 CET
