Job ID : 14825
Node   : ensta-l40s02
GPU    : NVIDIA L40S
Date   : mar. 17 mars 2026 23:21:02 CET
============================================================
LORA CROSS-ATTENTION ONLY - RANK 16
============================================================

[1/5] Loading model...

[2/5] Configuring LoRA on cross-attention (rank=16)...
trainable params: 983,040 || all params: 3,876,527,616 || trainable%: 0.0254

[3/5] Loading dataset...
Loaded 400 samples from data/train.json
Loaded 50 samples from data/val.json
  Train: 400 | Val: 50

[4/5] Setting up optimizer...

[5/5] Training...
  → Best model saved (val_loss=0.8513)
Epoch 3/15 - train_loss: 0.8695 | val_loss: 0.8445
  → Best model saved (val_loss=0.8445)
  → Best model saved (val_loss=0.8428)
Epoch 6/15 - train_loss: 0.8442 | val_loss: 0.8260
  → Best model saved (val_loss=0.8260)
  → Best model saved (val_loss=0.8117)
Epoch 9/15 - train_loss: 0.8632 | val_loss: 0.8287
Epoch 12/15 - train_loss: 0.8593 | val_loss: 0.8449
Epoch 15/15 - train_loss: 0.8612 | val_loss: 0.8420
Saved metrics to: results/metrics/lora_cross_attention_rank16_resources.csv
✓ Metrics saved to results/metrics/lora_cross_attention_rank16.json

============================================================
RESULTS: lora_cross_attention_rank16
============================================================

[TRAINING EFFICIENCY]
  trainable_params: 983040
  trainable_percentage: 0.03
  peak_vram_gb: 19.02
  energy_kwh: 0.009774
  carbon_gco2eq: 9.77
  training_time_hours: 0.45
  adapter_size_mb: None

[VALIDATION]
  val_loss: 0.8117

[TEST METRICS]

[INFERENCE]
============================================================


✓ LoRA cross-attention rank 16 complete
============================================================
LORA CROSS-ATTENTION ONLY - RANK 32
============================================================

[1/5] Loading model...

[2/5] Configuring LoRA on cross-attention (rank=32)...
trainable params: 1,966,080 || all params: 3,877,510,656 || trainable%: 0.0507

[3/5] Loading dataset...
Loaded 400 samples from data/train.json
Loaded 50 samples from data/val.json
  Train: 400 | Val: 50

[4/5] Setting up optimizer...

[5/5] Training...
  → Best model saved (val_loss=0.8405)
Epoch 3/15 - train_loss: 0.8715 | val_loss: 0.8411
Epoch 6/15 - train_loss: 0.8416 | val_loss: 0.8239
  → Best model saved (val_loss=0.8239)
  → Best model saved (val_loss=0.8093)
Epoch 9/15 - train_loss: 0.8543 | val_loss: 0.8266
Epoch 12/15 - train_loss: 0.8556 | val_loss: 0.8434
Epoch 15/15 - train_loss: 0.8603 | val_loss: 0.8397
Saved metrics to: results/metrics/lora_cross_attention_rank32_resources.csv
✓ Metrics saved to results/metrics/lora_cross_attention_rank32.json

============================================================
RESULTS: lora_cross_attention_rank32
============================================================

[TRAINING EFFICIENCY]
  trainable_params: 1966080
  trainable_percentage: 0.05
  peak_vram_gb: 19.04
  energy_kwh: 0.009811
  carbon_gco2eq: 9.81
  training_time_hours: 0.45
  adapter_size_mb: None

[VALIDATION]
  val_loss: 0.8093

[TEST METRICS]

[INFERENCE]
============================================================


✓ LoRA cross-attention rank 32 complete
Done: mer. 18 mars 2026 00:15:01 CET
