Job ID : 14836
Node   : ensta-l40s02
GPU    : NVIDIA L40S
Date   : mer. 18 mars 2026 00:52:19 CET

============================================================
LORA RANK SWEEP
============================================================

============================================================
LORA FLUX.2-KLEIN - RANK 8
============================================================

[1/5] Loading model...

[2/5] Configuring LoRA (rank=8)...
trainable params: 983,040 || all params: 3,876,527,616 || trainable%: 0.0254

[3/5] Loading dataset...
Loaded 400 samples from data/train.json
Loaded 50 samples from data/val.json
  Train: 400 | Val: 50

[4/5] Setting up optimizer...

[5/5] Training...
  → Best model saved (val_loss=0.8909)
Epoch 2/10 - train_loss: 0.8661 | val_loss: 0.8674
  → Best model saved (val_loss=0.8674)
  → Best model saved (val_loss=0.8361)
Epoch 4/10 - train_loss: 0.8504 | val_loss: 0.8369
  → Best model saved (val_loss=0.7981)
Epoch 6/10 - train_loss: 0.8530 | val_loss: 0.8445
  → Best model saved (val_loss=0.7553)
Epoch 8/10 - train_loss: 0.8553 | val_loss: 0.8414
Epoch 10/10 - train_loss: 0.8488 | val_loss: 0.8368
Saved metrics to: results/metrics/lora_flux2klein_rank8_resources.csv
✓ Metrics saved to results/metrics/lora_flux2klein_rank8.json

============================================================
RESULTS: lora_flux2klein_rank8
============================================================

[TRAINING EFFICIENCY]
  trainable_params: 983040
  trainable_percentage: 0.03
  peak_vram_gb: 19.11
  energy_kwh: 0.006586
  carbon_gco2eq: 6.59
  training_time_hours: 0.3
  adapter_size_mb: None

[VALIDATION]
  val_loss: 0.7553

[TEST METRICS]

[INFERENCE]
============================================================


✓ LoRA rank 8 complete

============================================================
LORA FLUX.2-KLEIN - RANK 16
============================================================

[1/5] Loading model...

[2/5] Configuring LoRA (rank=16)...
trainable params: 1,966,080 || all params: 3,877,510,656 || trainable%: 0.0507

[3/5] Loading dataset...
Loaded 400 samples from data/train.json
Loaded 50 samples from data/val.json
  Train: 400 | Val: 50

[4/5] Setting up optimizer...

[5/5] Training...
  → Best model saved (val_loss=0.8861)
Epoch 2/10 - train_loss: 0.8633 | val_loss: 0.8633
  → Best model saved (val_loss=0.8633)
  → Best model saved (val_loss=0.8336)
Epoch 4/10 - train_loss: 0.8501 | val_loss: 0.8336
  → Best model saved (val_loss=0.7970)
Epoch 6/10 - train_loss: 0.8476 | val_loss: 0.8415
  → Best model saved (val_loss=0.7546)
Epoch 8/10 - train_loss: 0.8558 | val_loss: 0.8384
Epoch 10/10 - train_loss: 0.8521 | val_loss: 0.8346
Saved metrics to: results/metrics/lora_flux2klein_rank16_resources.csv
✓ Metrics saved to results/metrics/lora_flux2klein_rank16.json

============================================================
RESULTS: lora_flux2klein_rank16
============================================================

[TRAINING EFFICIENCY]
  trainable_params: 1966080
  trainable_percentage: 0.05
  peak_vram_gb: 19.13
  energy_kwh: 0.006574
  carbon_gco2eq: 6.57
  training_time_hours: 0.3
  adapter_size_mb: None

[VALIDATION]
  val_loss: 0.7546

[TEST METRICS]

[INFERENCE]
============================================================


✓ LoRA rank 16 complete

============================================================
LORA FLUX.2-KLEIN - RANK 32
============================================================

[1/5] Loading model...

[2/5] Configuring LoRA (rank=32)...
trainable params: 3,932,160 || all params: 3,879,476,736 || trainable%: 0.1014

[3/5] Loading dataset...
Loaded 400 samples from data/train.json
Loaded 50 samples from data/val.json
  Train: 400 | Val: 50

[4/5] Setting up optimizer...

[5/5] Training...
  → Best model saved (val_loss=0.8812)
Epoch 2/10 - train_loss: 0.8584 | val_loss: 0.8624
  → Best model saved (val_loss=0.8624)
  → Best model saved (val_loss=0.8320)
Epoch 4/10 - train_loss: 0.8498 | val_loss: 0.8312
  → Best model saved (val_loss=0.8312)
  → Best model saved (val_loss=0.7948)
Epoch 6/10 - train_loss: 0.8488 | val_loss: 0.8398
  → Best model saved (val_loss=0.7528)
Epoch 8/10 - train_loss: 0.8566 | val_loss: 0.8367
Epoch 10/10 - train_loss: 0.8559 | val_loss: 0.8331
Saved metrics to: results/metrics/lora_flux2klein_rank32_resources.csv
✓ Metrics saved to results/metrics/lora_flux2klein_rank32.json

============================================================
RESULTS: lora_flux2klein_rank32
============================================================

[TRAINING EFFICIENCY]
  trainable_params: 3932160
  trainable_percentage: 0.1
  peak_vram_gb: 19.16
  energy_kwh: 0.006588
  carbon_gco2eq: 6.59
  training_time_hours: 0.3
  adapter_size_mb: None

[VALIDATION]
  val_loss: 0.7528

[TEST METRICS]

[INFERENCE]
============================================================


✓ LoRA rank 32 complete

============================================================
LORA FLUX.2-KLEIN - RANK 64
============================================================

[1/5] Loading model...

[2/5] Configuring LoRA (rank=64)...
trainable params: 7,864,320 || all params: 3,883,408,896 || trainable%: 0.2025

[3/5] Loading dataset...
Loaded 400 samples from data/train.json
Loaded 50 samples from data/val.json
  Train: 400 | Val: 50

[4/5] Setting up optimizer...

[5/5] Training...
  → Best model saved (val_loss=0.8803)
Epoch 2/10 - train_loss: 0.8569 | val_loss: 0.8590
  → Best model saved (val_loss=0.8590)
  → Best model saved (val_loss=0.8297)
Epoch 4/10 - train_loss: 0.8510 | val_loss: 0.8297
  → Best model saved (val_loss=0.8297)
  → Best model saved (val_loss=0.7950)
Epoch 6/10 - train_loss: 0.8490 | val_loss: 0.8388
  → Best model saved (val_loss=0.7530)
Epoch 8/10 - train_loss: 0.8532 | val_loss: 0.8350
Epoch 10/10 - train_loss: 0.8500 | val_loss: 0.8318
Saved metrics to: results/metrics/lora_flux2klein_rank64_resources.csv
✓ Metrics saved to results/metrics/lora_flux2klein_rank64.json

============================================================
RESULTS: lora_flux2klein_rank64
============================================================

[TRAINING EFFICIENCY]
  trainable_params: 7864320
  trainable_percentage: 0.2
  peak_vram_gb: 19.23
  energy_kwh: 0.006604
  carbon_gco2eq: 6.6
  training_time_hours: 0.3
  adapter_size_mb: None

[VALIDATION]
  val_loss: 0.753

[TEST METRICS]

[INFERENCE]
============================================================


✓ LoRA rank 64 complete

============================================================
RANK COMPARISON
============================================================
  Rank  8: params=983,040 | vram=19.11GB | val_loss=0.7553
  Rank 16: params=1,966,080 | vram=19.13GB | val_loss=0.7546
  Rank 32: params=3,932,160 | vram=19.16GB | val_loss=0.7528
  Rank 64: params=7,864,320 | vram=19.23GB | val_loss=0.753

✓ Comparison saved to results/metrics/lora_rank_comparison.json
Done: mer. 18 mars 2026 02:05:07 CET
