Job ID : 16937
Node   : ensta-l40s02
GPU    : NVIDIA L40S
Date   : lun. 23 mars 2026 14:25:10 CET
Loaded 100 test samples from data/test.json

Word-count distribution in test set:
  1 word    : 14 samples
  2 words   : 35 samples
  3 words   : 25 samples
  4 words   : 17 samples
  5 words   : 4 samples
  6 words   : 2 samples
  7 words   : 1 samples
  8 words   : 2 samples

Found generated images for: ['original_baseline', 'full_finetune', 'lora_flux2klein_rank8', 'lora_flux2klein_rank16', 'lora_flux2klein_rank32', 'lora_flux2klein_rank64', 'lora_cross_attention_rank16', 'lora_cross_attention_rank32', 'qlora_cross_attention_rank16']

Processing original_baseline...
Processing full_finetune...
Processing lora_flux2klein_rank8...
Processing lora_flux2klein_rank16...
Processing lora_flux2klein_rank32...
Processing lora_flux2klein_rank64...
Processing lora_cross_attention_rank16...
Processing lora_cross_attention_rank32...
Processing qlora_cross_attention_rank16...

====================================================================================================
OCR EXACT MATCH BY TEXT LENGTH
====================================================================================================
Experiment                                          1 word             2 words            3+ words                 all
----------------------------------------------------------------------------------------------------
original_baseline                              0.43 (n=14)         0.34 (n=35)         0.14 (n=51)        0.25 (n=100)
full_finetune                                  0.50 (n=14)         0.29 (n=35)         0.16 (n=51)        0.25 (n=100)
lora_flux2klein_rank8                          0.36 (n=14)         0.31 (n=35)         0.24 (n=51)        0.28 (n=100)
lora_flux2klein_rank16                         0.43 (n=14)         0.26 (n=35)         0.18 (n=51)        0.24 (n=100)
lora_flux2klein_rank32                         0.36 (n=14)         0.46 (n=35)         0.12 (n=51)        0.27 (n=100)
lora_flux2klein_rank64                         0.36 (n=14)         0.23 (n=35)         0.08 (n=51)        0.17 (n=100)
lora_cross_attention_rank16                    0.43 (n=14)         0.34 (n=35)         0.24 (n=51)        0.30 (n=100)
lora_cross_attention_rank32                    0.43 (n=14)         0.26 (n=35)         0.20 (n=51)        0.25 (n=100)
qlora_cross_attention_rank16                   0.36 (n=14)         0.29 (n=35)         0.16 (n=51)        0.23 (n=100)

====================================================================================================
OCR WORD ACCURACY BY TEXT LENGTH
====================================================================================================
Experiment                                          1 word             2 words            3+ words                 all
----------------------------------------------------------------------------------------------------
original_baseline                              0.43 (n=14)         0.63 (n=35)         0.68 (n=51)        0.63 (n=100)
full_finetune                                  0.50 (n=14)         0.54 (n=35)         0.64 (n=51)        0.58 (n=100)
lora_flux2klein_rank8                          0.36 (n=14)         0.57 (n=35)         0.63 (n=51)        0.57 (n=100)
lora_flux2klein_rank16                         0.43 (n=14)         0.57 (n=35)         0.60 (n=51)        0.57 (n=100)
lora_flux2klein_rank32                         0.36 (n=14)         0.64 (n=35)         0.62 (n=51)        0.59 (n=100)
lora_flux2klein_rank64                         0.36 (n=14)         0.54 (n=35)         0.48 (n=51)        0.49 (n=100)
lora_cross_attention_rank16                    0.43 (n=14)         0.60 (n=35)         0.68 (n=51)        0.62 (n=100)
lora_cross_attention_rank32                    0.43 (n=14)         0.56 (n=35)         0.67 (n=51)        0.60 (n=100)
qlora_cross_attention_rank16                   0.36 (n=14)         0.56 (n=35)         0.58 (n=51)        0.54 (n=100)

✓ Saved to results/metrics/ocr_by_length.json
✓ Heatmap saved to results/plots/ocr_by_length_heatmap.png
✓ Bar chart saved to results/plots/ocr_by_length.png
Done: lun. 23 mars 2026 14:25:47 CET
