Job ID : 14842
Node   : ensta-l40s02
GPU    : NVIDIA L40S
Date   : mer. 18 mars 2026 03:23:23 CET
============================================================
GENERATING PLOTS
============================================================
  Loaded metrics for 11 experiments:
    - lora_flux2klein_rank32
    - lora_rank_comparison
    - lora_flux2klein_rank8
    - full_finetune
    - lora_flux2klein_rank16
    - lora_flux2klein_rank64
    - original_baseline
    - lora_cross_attention_rank16
    - lora_flux2klein_rank2
    - qlora_cross_attention_rank16
    - lora_cross_attention_rank32

  Generating plots...
  ✓ results/plots/tradeoff_scatter.png
  ✓ results/plots/radar_chart.png
  ✓ results/plots/adapter_sizes.png
  [SKIP] No loss_curve data found.
  ✓ results/plots/ocr_comparison.png

 All plots saved to /home/ensta/ensta-walha/text-in-image-generation/Finetune_with_LoRA/results/plots/
============================================================
Done: mer. 18 mars 2026 03:23:24 CET
