Job ID : 14826
Node   : ensta-l40s02
GPU    : NVIDIA L40S
Date   : mer. 18 mars 2026 00:15:02 CET
============================================================
QLORA CROSS-ATTENTION ONLY - RANK 16
============================================================

[1/5] Loading quantized model...

[2/5] Configuring QLoRA (rank=16)...
trainable params: 983,040 || all params: 3,876,527,616 || trainable%: 0.0254

[3/5] Loading dataset...
Loaded 400 samples from data/train.json
Loaded 50 samples from data/val.json
  Train: 400 | Val: 50

[4/5] Setting up 8-bit optimizer...

[5/5] Training...
  Epoch 1 - Batch 10 - GPU: 9.61GB
  Epoch 1 - Batch 20 - GPU: 9.61GB
  Epoch 1 - Batch 30 - GPU: 9.61GB
  Epoch 1 - Batch 40 - GPU: 9.61GB
  Epoch 1 - Batch 50 - GPU: 9.61GB
  Epoch 1 - Batch 60 - GPU: 9.61GB
  Epoch 1 - Batch 70 - GPU: 9.61GB
  Epoch 1 - Batch 80 - GPU: 9.61GB
  Epoch 1 - Batch 90 - GPU: 9.61GB
  Epoch 1 - Batch 100 - GPU: 9.61GB
  Epoch 1 - Batch 110 - GPU: 9.61GB
  Epoch 1 - Batch 120 - GPU: 9.61GB
  Epoch 1 - Batch 130 - GPU: 9.61GB
  Epoch 1 - Batch 140 - GPU: 9.61GB
  Epoch 1 - Batch 150 - GPU: 9.61GB
  Epoch 1 - Batch 160 - GPU: 9.61GB
  Epoch 1 - Batch 170 - GPU: 9.61GB
  Epoch 1 - Batch 180 - GPU: 9.61GB
  Epoch 1 - Batch 190 - GPU: 9.61GB
  Epoch 1 - Batch 200 - GPU: 9.61GB
  Epoch 1 - Batch 210 - GPU: 9.61GB
  Epoch 1 - Batch 220 - GPU: 9.61GB
  Epoch 1 - Batch 230 - GPU: 9.61GB
  Epoch 1 - Batch 240 - GPU: 9.61GB
  Epoch 1 - Batch 250 - GPU: 9.61GB
  Epoch 1 - Batch 260 - GPU: 9.61GB
  Epoch 1 - Batch 270 - GPU: 9.61GB
  Epoch 1 - Batch 280 - GPU: 9.61GB
  Epoch 1 - Batch 290 - GPU: 9.61GB
  Epoch 1 - Batch 300 - GPU: 9.61GB
  Epoch 1 - Batch 310 - GPU: 9.61GB
  Epoch 1 - Batch 320 - GPU: 9.61GB
  Epoch 1 - Batch 330 - GPU: 9.61GB
  Epoch 1 - Batch 340 - GPU: 9.61GB
  Epoch 1 - Batch 350 - GPU: 9.61GB
  Epoch 1 - Batch 360 - GPU: 9.61GB
  Epoch 1 - Batch 370 - GPU: 9.61GB
  Epoch 1 - Batch 380 - GPU: 9.61GB
  Epoch 1 - Batch 390 - GPU: 9.61GB
  Epoch 1 - Batch 400 - GPU: 9.61GB
  → Best model saved (val_loss=0.8537)
  Epoch 2 - Batch 10 - GPU: 9.61GB
  Epoch 2 - Batch 20 - GPU: 9.61GB
  Epoch 2 - Batch 30 - GPU: 9.61GB
  Epoch 2 - Batch 40 - GPU: 9.61GB
  Epoch 2 - Batch 50 - GPU: 9.61GB
  Epoch 2 - Batch 60 - GPU: 9.61GB
  Epoch 2 - Batch 70 - GPU: 9.61GB
  Epoch 2 - Batch 80 - GPU: 9.61GB
  Epoch 2 - Batch 90 - GPU: 9.61GB
  Epoch 2 - Batch 100 - GPU: 9.61GB
  Epoch 2 - Batch 110 - GPU: 9.61GB
  Epoch 2 - Batch 120 - GPU: 9.61GB
  Epoch 2 - Batch 130 - GPU: 9.61GB
  Epoch 2 - Batch 140 - GPU: 9.61GB
  Epoch 2 - Batch 150 - GPU: 9.61GB
  Epoch 2 - Batch 160 - GPU: 9.61GB
  Epoch 2 - Batch 170 - GPU: 9.61GB
  Epoch 2 - Batch 180 - GPU: 9.61GB
  Epoch 2 - Batch 190 - GPU: 9.61GB
  Epoch 2 - Batch 200 - GPU: 9.61GB
  Epoch 2 - Batch 210 - GPU: 9.61GB
  Epoch 2 - Batch 220 - GPU: 9.61GB
  Epoch 2 - Batch 230 - GPU: 9.61GB
  Epoch 2 - Batch 240 - GPU: 9.61GB
  Epoch 2 - Batch 250 - GPU: 9.61GB
  Epoch 2 - Batch 260 - GPU: 9.61GB
  Epoch 2 - Batch 270 - GPU: 9.61GB
  Epoch 2 - Batch 280 - GPU: 9.61GB
  Epoch 2 - Batch 290 - GPU: 9.61GB
  Epoch 2 - Batch 300 - GPU: 9.61GB
  Epoch 2 - Batch 310 - GPU: 9.61GB
  Epoch 2 - Batch 320 - GPU: 9.61GB
  Epoch 2 - Batch 330 - GPU: 9.61GB
  Epoch 2 - Batch 340 - GPU: 9.61GB
  Epoch 2 - Batch 350 - GPU: 9.61GB
  Epoch 2 - Batch 360 - GPU: 9.61GB
  Epoch 2 - Batch 370 - GPU: 9.61GB
  Epoch 2 - Batch 380 - GPU: 9.61GB
  Epoch 2 - Batch 390 - GPU: 9.61GB
  Epoch 2 - Batch 400 - GPU: 9.61GB
  Epoch 3 - Batch 10 - GPU: 9.61GB
  Epoch 3 - Batch 20 - GPU: 9.61GB
  Epoch 3 - Batch 30 - GPU: 9.61GB
  Epoch 3 - Batch 40 - GPU: 9.61GB
  Epoch 3 - Batch 50 - GPU: 9.61GB
  Epoch 3 - Batch 60 - GPU: 9.61GB
  Epoch 3 - Batch 70 - GPU: 9.61GB
  Epoch 3 - Batch 80 - GPU: 9.61GB
  Epoch 3 - Batch 90 - GPU: 9.61GB
  Epoch 3 - Batch 100 - GPU: 9.61GB
  Epoch 3 - Batch 110 - GPU: 9.61GB
  Epoch 3 - Batch 120 - GPU: 9.61GB
  Epoch 3 - Batch 130 - GPU: 9.61GB
  Epoch 3 - Batch 140 - GPU: 9.61GB
  Epoch 3 - Batch 150 - GPU: 9.61GB
  Epoch 3 - Batch 160 - GPU: 9.61GB
  Epoch 3 - Batch 170 - GPU: 9.61GB
  Epoch 3 - Batch 180 - GPU: 9.61GB
  Epoch 3 - Batch 190 - GPU: 9.61GB
  Epoch 3 - Batch 200 - GPU: 9.61GB
  Epoch 3 - Batch 210 - GPU: 9.61GB
  Epoch 3 - Batch 220 - GPU: 9.61GB
  Epoch 3 - Batch 230 - GPU: 9.61GB
  Epoch 3 - Batch 240 - GPU: 9.61GB
  Epoch 3 - Batch 250 - GPU: 9.61GB
  Epoch 3 - Batch 260 - GPU: 9.61GB
  Epoch 3 - Batch 270 - GPU: 9.61GB
  Epoch 3 - Batch 280 - GPU: 9.61GB
  Epoch 3 - Batch 290 - GPU: 9.61GB
  Epoch 3 - Batch 300 - GPU: 9.61GB
  Epoch 3 - Batch 310 - GPU: 9.61GB
  Epoch 3 - Batch 320 - GPU: 9.61GB
  Epoch 3 - Batch 330 - GPU: 9.61GB
  Epoch 3 - Batch 340 - GPU: 9.61GB
  Epoch 3 - Batch 350 - GPU: 9.61GB
  Epoch 3 - Batch 360 - GPU: 9.61GB
  Epoch 3 - Batch 370 - GPU: 9.61GB
  Epoch 3 - Batch 380 - GPU: 9.61GB
  Epoch 3 - Batch 390 - GPU: 9.61GB
  Epoch 3 - Batch 400 - GPU: 9.61GB
Epoch 3/15 - train_loss: 0.8778 | val_loss: 0.8521
  → Best model saved (val_loss=0.8521)
  Epoch 4 - Batch 10 - GPU: 9.61GB
  Epoch 4 - Batch 20 - GPU: 9.61GB
  Epoch 4 - Batch 30 - GPU: 9.61GB
  Epoch 4 - Batch 40 - GPU: 9.61GB
  Epoch 4 - Batch 50 - GPU: 9.61GB
  Epoch 4 - Batch 60 - GPU: 9.61GB
  Epoch 4 - Batch 70 - GPU: 9.61GB
  Epoch 4 - Batch 80 - GPU: 9.61GB
  Epoch 4 - Batch 90 - GPU: 9.61GB
  Epoch 4 - Batch 100 - GPU: 9.61GB
  Epoch 4 - Batch 110 - GPU: 9.61GB
  Epoch 4 - Batch 120 - GPU: 9.61GB
  Epoch 4 - Batch 130 - GPU: 9.61GB
  Epoch 4 - Batch 140 - GPU: 9.61GB
  Epoch 4 - Batch 150 - GPU: 9.61GB
  Epoch 4 - Batch 160 - GPU: 9.61GB
  Epoch 4 - Batch 170 - GPU: 9.61GB
  Epoch 4 - Batch 180 - GPU: 9.61GB
  Epoch 4 - Batch 190 - GPU: 9.61GB
  Epoch 4 - Batch 200 - GPU: 9.61GB
  Epoch 4 - Batch 210 - GPU: 9.61GB
  Epoch 4 - Batch 220 - GPU: 9.61GB
  Epoch 4 - Batch 230 - GPU: 9.61GB
  Epoch 4 - Batch 240 - GPU: 9.61GB
  Epoch 4 - Batch 250 - GPU: 9.61GB
  Epoch 4 - Batch 260 - GPU: 9.61GB
  Epoch 4 - Batch 270 - GPU: 9.61GB
  Epoch 4 - Batch 280 - GPU: 9.61GB
  Epoch 4 - Batch 290 - GPU: 9.61GB
  Epoch 4 - Batch 300 - GPU: 9.61GB
  Epoch 4 - Batch 310 - GPU: 9.61GB
  Epoch 4 - Batch 320 - GPU: 9.61GB
  Epoch 4 - Batch 330 - GPU: 9.61GB
  Epoch 4 - Batch 340 - GPU: 9.61GB
  Epoch 4 - Batch 350 - GPU: 9.61GB
  Epoch 4 - Batch 360 - GPU: 9.61GB
  Epoch 4 - Batch 370 - GPU: 9.61GB
  Epoch 4 - Batch 380 - GPU: 9.61GB
  Epoch 4 - Batch 390 - GPU: 9.61GB
  Epoch 4 - Batch 400 - GPU: 9.61GB
  Epoch 5 - Batch 10 - GPU: 9.61GB
  Epoch 5 - Batch 20 - GPU: 9.61GB
  Epoch 5 - Batch 30 - GPU: 9.61GB
  Epoch 5 - Batch 40 - GPU: 9.61GB
  Epoch 5 - Batch 50 - GPU: 9.61GB
  Epoch 5 - Batch 60 - GPU: 9.61GB
  Epoch 5 - Batch 70 - GPU: 9.61GB
  Epoch 5 - Batch 80 - GPU: 9.61GB
  Epoch 5 - Batch 90 - GPU: 9.61GB
  Epoch 5 - Batch 100 - GPU: 9.61GB
  Epoch 5 - Batch 110 - GPU: 9.61GB
  Epoch 5 - Batch 120 - GPU: 9.61GB
  Epoch 5 - Batch 130 - GPU: 9.61GB
  Epoch 5 - Batch 140 - GPU: 9.61GB
  Epoch 5 - Batch 150 - GPU: 9.61GB
  Epoch 5 - Batch 160 - GPU: 9.61GB
  Epoch 5 - Batch 170 - GPU: 9.61GB
  Epoch 5 - Batch 180 - GPU: 9.61GB
  Epoch 5 - Batch 190 - GPU: 9.61GB
  Epoch 5 - Batch 200 - GPU: 9.61GB
  Epoch 5 - Batch 210 - GPU: 9.61GB
  Epoch 5 - Batch 220 - GPU: 9.61GB
  Epoch 5 - Batch 230 - GPU: 9.61GB
  Epoch 5 - Batch 240 - GPU: 9.61GB
  Epoch 5 - Batch 250 - GPU: 9.61GB
  Epoch 5 - Batch 260 - GPU: 9.61GB
  Epoch 5 - Batch 270 - GPU: 9.61GB
  Epoch 5 - Batch 280 - GPU: 9.61GB
  Epoch 5 - Batch 290 - GPU: 9.61GB
  Epoch 5 - Batch 300 - GPU: 9.61GB
  Epoch 5 - Batch 310 - GPU: 9.61GB
  Epoch 5 - Batch 320 - GPU: 9.61GB
  Epoch 5 - Batch 330 - GPU: 9.61GB
  Epoch 5 - Batch 340 - GPU: 9.61GB
  Epoch 5 - Batch 350 - GPU: 9.61GB
  Epoch 5 - Batch 360 - GPU: 9.61GB
  Epoch 5 - Batch 370 - GPU: 9.61GB
  Epoch 5 - Batch 380 - GPU: 9.61GB
  Epoch 5 - Batch 390 - GPU: 9.61GB
  Epoch 5 - Batch 400 - GPU: 9.61GB
  → Best model saved (val_loss=0.8507)
  Epoch 6 - Batch 10 - GPU: 9.61GB
  Epoch 6 - Batch 20 - GPU: 9.61GB
  Epoch 6 - Batch 30 - GPU: 9.61GB
  Epoch 6 - Batch 40 - GPU: 9.61GB
  Epoch 6 - Batch 50 - GPU: 9.61GB
  Epoch 6 - Batch 60 - GPU: 9.61GB
  Epoch 6 - Batch 70 - GPU: 9.61GB
  Epoch 6 - Batch 80 - GPU: 9.61GB
  Epoch 6 - Batch 90 - GPU: 9.61GB
  Epoch 6 - Batch 100 - GPU: 9.61GB
  Epoch 6 - Batch 110 - GPU: 9.61GB
  Epoch 6 - Batch 120 - GPU: 9.61GB
  Epoch 6 - Batch 130 - GPU: 9.61GB
  Epoch 6 - Batch 140 - GPU: 9.61GB
  Epoch 6 - Batch 150 - GPU: 9.61GB
  Epoch 6 - Batch 160 - GPU: 9.61GB
  Epoch 6 - Batch 170 - GPU: 9.61GB
  Epoch 6 - Batch 180 - GPU: 9.61GB
  Epoch 6 - Batch 190 - GPU: 9.61GB
  Epoch 6 - Batch 200 - GPU: 9.61GB
  Epoch 6 - Batch 210 - GPU: 9.61GB
  Epoch 6 - Batch 220 - GPU: 9.61GB
  Epoch 6 - Batch 230 - GPU: 9.61GB
  Epoch 6 - Batch 240 - GPU: 9.61GB
  Epoch 6 - Batch 250 - GPU: 9.61GB
  Epoch 6 - Batch 260 - GPU: 9.61GB
  Epoch 6 - Batch 270 - GPU: 9.61GB
  Epoch 6 - Batch 280 - GPU: 9.61GB
  Epoch 6 - Batch 290 - GPU: 9.61GB
  Epoch 6 - Batch 300 - GPU: 9.61GB
  Epoch 6 - Batch 310 - GPU: 9.61GB
  Epoch 6 - Batch 320 - GPU: 9.61GB
  Epoch 6 - Batch 330 - GPU: 9.61GB
  Epoch 6 - Batch 340 - GPU: 9.61GB
  Epoch 6 - Batch 350 - GPU: 9.61GB
  Epoch 6 - Batch 360 - GPU: 9.61GB
  Epoch 6 - Batch 370 - GPU: 9.61GB
  Epoch 6 - Batch 380 - GPU: 9.61GB
  Epoch 6 - Batch 390 - GPU: 9.61GB
  Epoch 6 - Batch 400 - GPU: 9.61GB
Epoch 6/15 - train_loss: 0.8530 | val_loss: 0.8341
  → Best model saved (val_loss=0.8341)
  Epoch 7 - Batch 10 - GPU: 9.61GB
  Epoch 7 - Batch 20 - GPU: 9.61GB
  Epoch 7 - Batch 30 - GPU: 9.61GB
  Epoch 7 - Batch 40 - GPU: 9.61GB
  Epoch 7 - Batch 50 - GPU: 9.61GB
  Epoch 7 - Batch 60 - GPU: 9.61GB
  Epoch 7 - Batch 70 - GPU: 9.61GB
  Epoch 7 - Batch 80 - GPU: 9.61GB
  Epoch 7 - Batch 90 - GPU: 9.61GB
  Epoch 7 - Batch 100 - GPU: 9.61GB
  Epoch 7 - Batch 110 - GPU: 9.61GB
  Epoch 7 - Batch 120 - GPU: 9.61GB
  Epoch 7 - Batch 130 - GPU: 9.61GB
  Epoch 7 - Batch 140 - GPU: 9.61GB
  Epoch 7 - Batch 150 - GPU: 9.61GB
  Epoch 7 - Batch 160 - GPU: 9.61GB
  Epoch 7 - Batch 170 - GPU: 9.61GB
  Epoch 7 - Batch 180 - GPU: 9.61GB
  Epoch 7 - Batch 190 - GPU: 9.61GB
  Epoch 7 - Batch 200 - GPU: 9.61GB
  Epoch 7 - Batch 210 - GPU: 9.61GB
  Epoch 7 - Batch 220 - GPU: 9.61GB
  Epoch 7 - Batch 230 - GPU: 9.61GB
  Epoch 7 - Batch 240 - GPU: 9.61GB
  Epoch 7 - Batch 250 - GPU: 9.61GB
  Epoch 7 - Batch 260 - GPU: 9.61GB
  Epoch 7 - Batch 270 - GPU: 9.61GB
  Epoch 7 - Batch 280 - GPU: 9.61GB
  Epoch 7 - Batch 290 - GPU: 9.61GB
  Epoch 7 - Batch 300 - GPU: 9.61GB
  Epoch 7 - Batch 310 - GPU: 9.61GB
  Epoch 7 - Batch 320 - GPU: 9.61GB
  Epoch 7 - Batch 330 - GPU: 9.61GB
  Epoch 7 - Batch 340 - GPU: 9.61GB
  Epoch 7 - Batch 350 - GPU: 9.61GB
  Epoch 7 - Batch 360 - GPU: 9.61GB
  Epoch 7 - Batch 370 - GPU: 9.61GB
  Epoch 7 - Batch 380 - GPU: 9.61GB
  Epoch 7 - Batch 390 - GPU: 9.61GB
  Epoch 7 - Batch 400 - GPU: 9.61GB
  → Best model saved (val_loss=0.8208)
  Epoch 8 - Batch 10 - GPU: 9.61GB
  Epoch 8 - Batch 20 - GPU: 9.61GB
  Epoch 8 - Batch 30 - GPU: 9.61GB
  Epoch 8 - Batch 40 - GPU: 9.61GB
  Epoch 8 - Batch 50 - GPU: 9.61GB
  Epoch 8 - Batch 60 - GPU: 9.61GB
  Epoch 8 - Batch 70 - GPU: 9.61GB
  Epoch 8 - Batch 80 - GPU: 9.61GB
  Epoch 8 - Batch 90 - GPU: 9.61GB
  Epoch 8 - Batch 100 - GPU: 9.61GB
  Epoch 8 - Batch 110 - GPU: 9.61GB
  Epoch 8 - Batch 120 - GPU: 9.61GB
  Epoch 8 - Batch 130 - GPU: 9.61GB
  Epoch 8 - Batch 140 - GPU: 9.61GB
  Epoch 8 - Batch 150 - GPU: 9.61GB
  Epoch 8 - Batch 160 - GPU: 9.61GB
  Epoch 8 - Batch 170 - GPU: 9.61GB
  Epoch 8 - Batch 180 - GPU: 9.61GB
  Epoch 8 - Batch 190 - GPU: 9.61GB
  Epoch 8 - Batch 200 - GPU: 9.61GB
  Epoch 8 - Batch 210 - GPU: 9.61GB
  Epoch 8 - Batch 220 - GPU: 9.61GB
  Epoch 8 - Batch 230 - GPU: 9.61GB
  Epoch 8 - Batch 240 - GPU: 9.61GB
  Epoch 8 - Batch 250 - GPU: 9.61GB
  Epoch 8 - Batch 260 - GPU: 9.61GB
  Epoch 8 - Batch 270 - GPU: 9.61GB
  Epoch 8 - Batch 280 - GPU: 9.61GB
  Epoch 8 - Batch 290 - GPU: 9.61GB
  Epoch 8 - Batch 300 - GPU: 9.61GB
  Epoch 8 - Batch 310 - GPU: 9.61GB
  Epoch 8 - Batch 320 - GPU: 9.61GB
  Epoch 8 - Batch 330 - GPU: 9.61GB
  Epoch 8 - Batch 340 - GPU: 9.61GB
  Epoch 8 - Batch 350 - GPU: 9.61GB
  Epoch 8 - Batch 360 - GPU: 9.61GB
  Epoch 8 - Batch 370 - GPU: 9.61GB
  Epoch 8 - Batch 380 - GPU: 9.61GB
  Epoch 8 - Batch 390 - GPU: 9.61GB
  Epoch 8 - Batch 400 - GPU: 9.61GB
  Epoch 9 - Batch 10 - GPU: 9.61GB
  Epoch 9 - Batch 20 - GPU: 9.61GB
  Epoch 9 - Batch 30 - GPU: 9.61GB
  Epoch 9 - Batch 40 - GPU: 9.61GB
  Epoch 9 - Batch 50 - GPU: 9.61GB
  Epoch 9 - Batch 60 - GPU: 9.61GB
  Epoch 9 - Batch 70 - GPU: 9.61GB
  Epoch 9 - Batch 80 - GPU: 9.61GB
  Epoch 9 - Batch 90 - GPU: 9.61GB
  Epoch 9 - Batch 100 - GPU: 9.61GB
  Epoch 9 - Batch 110 - GPU: 9.61GB
  Epoch 9 - Batch 120 - GPU: 9.61GB
  Epoch 9 - Batch 130 - GPU: 9.61GB
  Epoch 9 - Batch 140 - GPU: 9.61GB
  Epoch 9 - Batch 150 - GPU: 9.61GB
  Epoch 9 - Batch 160 - GPU: 9.61GB
  Epoch 9 - Batch 170 - GPU: 9.61GB
  Epoch 9 - Batch 180 - GPU: 9.61GB
  Epoch 9 - Batch 190 - GPU: 9.61GB
  Epoch 9 - Batch 200 - GPU: 9.61GB
  Epoch 9 - Batch 210 - GPU: 9.61GB
  Epoch 9 - Batch 220 - GPU: 9.61GB
  Epoch 9 - Batch 230 - GPU: 9.61GB
  Epoch 9 - Batch 240 - GPU: 9.61GB
  Epoch 9 - Batch 250 - GPU: 9.61GB
  Epoch 9 - Batch 260 - GPU: 9.61GB
  Epoch 9 - Batch 270 - GPU: 9.61GB
  Epoch 9 - Batch 280 - GPU: 9.61GB
  Epoch 9 - Batch 290 - GPU: 9.61GB
  Epoch 9 - Batch 300 - GPU: 9.61GB
  Epoch 9 - Batch 310 - GPU: 9.61GB
  Epoch 9 - Batch 320 - GPU: 9.61GB
  Epoch 9 - Batch 330 - GPU: 9.61GB
  Epoch 9 - Batch 340 - GPU: 9.61GB
  Epoch 9 - Batch 350 - GPU: 9.61GB
  Epoch 9 - Batch 360 - GPU: 9.61GB
  Epoch 9 - Batch 370 - GPU: 9.61GB
  Epoch 9 - Batch 380 - GPU: 9.61GB
  Epoch 9 - Batch 390 - GPU: 9.61GB
  Epoch 9 - Batch 400 - GPU: 9.61GB
Epoch 9/15 - train_loss: 0.8713 | val_loss: 0.8378
  Epoch 10 - Batch 10 - GPU: 9.61GB
  Epoch 10 - Batch 20 - GPU: 9.61GB
  Epoch 10 - Batch 30 - GPU: 9.61GB
  Epoch 10 - Batch 40 - GPU: 9.61GB
  Epoch 10 - Batch 50 - GPU: 9.61GB
  Epoch 10 - Batch 60 - GPU: 9.61GB
  Epoch 10 - Batch 70 - GPU: 9.61GB
  Epoch 10 - Batch 80 - GPU: 9.61GB
  Epoch 10 - Batch 90 - GPU: 9.61GB
  Epoch 10 - Batch 100 - GPU: 9.61GB
  Epoch 10 - Batch 110 - GPU: 9.61GB
  Epoch 10 - Batch 120 - GPU: 9.61GB
  Epoch 10 - Batch 130 - GPU: 9.61GB
  Epoch 10 - Batch 140 - GPU: 9.61GB
  Epoch 10 - Batch 150 - GPU: 9.61GB
  Epoch 10 - Batch 160 - GPU: 9.61GB
  Epoch 10 - Batch 170 - GPU: 9.61GB
  Epoch 10 - Batch 180 - GPU: 9.61GB
  Epoch 10 - Batch 190 - GPU: 9.61GB
  Epoch 10 - Batch 200 - GPU: 9.61GB
  Epoch 10 - Batch 210 - GPU: 9.61GB
  Epoch 10 - Batch 220 - GPU: 9.61GB
  Epoch 10 - Batch 230 - GPU: 9.61GB
  Epoch 10 - Batch 240 - GPU: 9.61GB
  Epoch 10 - Batch 250 - GPU: 9.61GB
  Epoch 10 - Batch 260 - GPU: 9.61GB
  Epoch 10 - Batch 270 - GPU: 9.61GB
  Epoch 10 - Batch 280 - GPU: 9.61GB
  Epoch 10 - Batch 290 - GPU: 9.61GB
  Epoch 10 - Batch 300 - GPU: 9.61GB
  Epoch 10 - Batch 310 - GPU: 9.61GB
  Epoch 10 - Batch 320 - GPU: 9.61GB
  Epoch 10 - Batch 330 - GPU: 9.61GB
  Epoch 10 - Batch 340 - GPU: 9.61GB
  Epoch 10 - Batch 350 - GPU: 9.61GB
  Epoch 10 - Batch 360 - GPU: 9.61GB
  Epoch 10 - Batch 370 - GPU: 9.61GB
  Epoch 10 - Batch 380 - GPU: 9.61GB
  Epoch 10 - Batch 390 - GPU: 9.61GB
  Epoch 10 - Batch 400 - GPU: 9.61GB
  Epoch 11 - Batch 10 - GPU: 9.61GB
  Epoch 11 - Batch 20 - GPU: 9.61GB
  Epoch 11 - Batch 30 - GPU: 9.61GB
  Epoch 11 - Batch 40 - GPU: 9.61GB
  Epoch 11 - Batch 50 - GPU: 9.61GB
  Epoch 11 - Batch 60 - GPU: 9.61GB
  Epoch 11 - Batch 70 - GPU: 9.61GB
  Epoch 11 - Batch 80 - GPU: 9.61GB
  Epoch 11 - Batch 90 - GPU: 9.61GB
  Epoch 11 - Batch 100 - GPU: 9.61GB
  Epoch 11 - Batch 110 - GPU: 9.61GB
  Epoch 11 - Batch 120 - GPU: 9.61GB
  Epoch 11 - Batch 130 - GPU: 9.61GB
  Epoch 11 - Batch 140 - GPU: 9.61GB
  Epoch 11 - Batch 150 - GPU: 9.61GB
  Epoch 11 - Batch 160 - GPU: 9.61GB
  Epoch 11 - Batch 170 - GPU: 9.61GB
  Epoch 11 - Batch 180 - GPU: 9.61GB
  Epoch 11 - Batch 190 - GPU: 9.61GB
  Epoch 11 - Batch 200 - GPU: 9.61GB
  Epoch 11 - Batch 210 - GPU: 9.61GB
  Epoch 11 - Batch 220 - GPU: 9.61GB
  Epoch 11 - Batch 230 - GPU: 9.61GB
  Epoch 11 - Batch 240 - GPU: 9.61GB
  Epoch 11 - Batch 250 - GPU: 9.61GB
  Epoch 11 - Batch 260 - GPU: 9.61GB
  Epoch 11 - Batch 270 - GPU: 9.61GB
  Epoch 11 - Batch 280 - GPU: 9.61GB
  Epoch 11 - Batch 290 - GPU: 9.61GB
  Epoch 11 - Batch 300 - GPU: 9.61GB
  Epoch 11 - Batch 310 - GPU: 9.61GB
  Epoch 11 - Batch 320 - GPU: 9.61GB
  Epoch 11 - Batch 330 - GPU: 9.61GB
  Epoch 11 - Batch 340 - GPU: 9.61GB
  Epoch 11 - Batch 350 - GPU: 9.61GB
  Epoch 11 - Batch 360 - GPU: 9.61GB
  Epoch 11 - Batch 370 - GPU: 9.61GB
  Epoch 11 - Batch 380 - GPU: 9.61GB
  Epoch 11 - Batch 390 - GPU: 9.61GB
  Epoch 11 - Batch 400 - GPU: 9.61GB
  Epoch 12 - Batch 10 - GPU: 9.61GB
  Epoch 12 - Batch 20 - GPU: 9.61GB
  Epoch 12 - Batch 30 - GPU: 9.61GB
  Epoch 12 - Batch 40 - GPU: 9.61GB
  Epoch 12 - Batch 50 - GPU: 9.61GB
  Epoch 12 - Batch 60 - GPU: 9.61GB
  Epoch 12 - Batch 70 - GPU: 9.61GB
  Epoch 12 - Batch 80 - GPU: 9.61GB
  Epoch 12 - Batch 90 - GPU: 9.61GB
  Epoch 12 - Batch 100 - GPU: 9.61GB
  Epoch 12 - Batch 110 - GPU: 9.61GB
  Epoch 12 - Batch 120 - GPU: 9.61GB
  Epoch 12 - Batch 130 - GPU: 9.61GB
  Epoch 12 - Batch 140 - GPU: 9.61GB
  Epoch 12 - Batch 150 - GPU: 9.61GB
  Epoch 12 - Batch 160 - GPU: 9.61GB
  Epoch 12 - Batch 170 - GPU: 9.61GB
  Epoch 12 - Batch 180 - GPU: 9.61GB
  Epoch 12 - Batch 190 - GPU: 9.61GB
  Epoch 12 - Batch 200 - GPU: 9.61GB
  Epoch 12 - Batch 210 - GPU: 9.61GB
  Epoch 12 - Batch 220 - GPU: 9.61GB
  Epoch 12 - Batch 230 - GPU: 9.61GB
  Epoch 12 - Batch 240 - GPU: 9.61GB
  Epoch 12 - Batch 250 - GPU: 9.61GB
  Epoch 12 - Batch 260 - GPU: 9.61GB
  Epoch 12 - Batch 270 - GPU: 9.61GB
  Epoch 12 - Batch 280 - GPU: 9.61GB
  Epoch 12 - Batch 290 - GPU: 9.61GB
  Epoch 12 - Batch 300 - GPU: 9.61GB
  Epoch 12 - Batch 310 - GPU: 9.61GB
  Epoch 12 - Batch 320 - GPU: 9.61GB
  Epoch 12 - Batch 330 - GPU: 9.61GB
  Epoch 12 - Batch 340 - GPU: 9.61GB
  Epoch 12 - Batch 350 - GPU: 9.61GB
  Epoch 12 - Batch 360 - GPU: 9.61GB
  Epoch 12 - Batch 370 - GPU: 9.61GB
  Epoch 12 - Batch 380 - GPU: 9.61GB
  Epoch 12 - Batch 390 - GPU: 9.61GB
  Epoch 12 - Batch 400 - GPU: 9.61GB
Epoch 12/15 - train_loss: 0.8672 | val_loss: 0.8536
  Epoch 13 - Batch 10 - GPU: 9.61GB
  Epoch 13 - Batch 20 - GPU: 9.61GB
  Epoch 13 - Batch 30 - GPU: 9.61GB
  Epoch 13 - Batch 40 - GPU: 9.61GB
  Epoch 13 - Batch 50 - GPU: 9.61GB
  Epoch 13 - Batch 60 - GPU: 9.61GB
  Epoch 13 - Batch 70 - GPU: 9.61GB
  Epoch 13 - Batch 80 - GPU: 9.61GB
  Epoch 13 - Batch 90 - GPU: 9.61GB
  Epoch 13 - Batch 100 - GPU: 9.61GB
  Epoch 13 - Batch 110 - GPU: 9.61GB
  Epoch 13 - Batch 120 - GPU: 9.61GB
  Epoch 13 - Batch 130 - GPU: 9.61GB
  Epoch 13 - Batch 140 - GPU: 9.61GB
  Epoch 13 - Batch 150 - GPU: 9.61GB
  Epoch 13 - Batch 160 - GPU: 9.61GB
  Epoch 13 - Batch 170 - GPU: 9.61GB
  Epoch 13 - Batch 180 - GPU: 9.61GB
  Epoch 13 - Batch 190 - GPU: 9.61GB
  Epoch 13 - Batch 200 - GPU: 9.61GB
  Epoch 13 - Batch 210 - GPU: 9.61GB
  Epoch 13 - Batch 220 - GPU: 9.61GB
  Epoch 13 - Batch 230 - GPU: 9.61GB
  Epoch 13 - Batch 240 - GPU: 9.61GB
  Epoch 13 - Batch 250 - GPU: 9.61GB
  Epoch 13 - Batch 260 - GPU: 9.61GB
  Epoch 13 - Batch 270 - GPU: 9.61GB
  Epoch 13 - Batch 280 - GPU: 9.61GB
  Epoch 13 - Batch 290 - GPU: 9.61GB
  Epoch 13 - Batch 300 - GPU: 9.61GB
  Epoch 13 - Batch 310 - GPU: 9.61GB
  Epoch 13 - Batch 320 - GPU: 9.61GB
  Epoch 13 - Batch 330 - GPU: 9.61GB
  Epoch 13 - Batch 340 - GPU: 9.61GB
  Epoch 13 - Batch 350 - GPU: 9.61GB
  Epoch 13 - Batch 360 - GPU: 9.61GB
  Epoch 13 - Batch 370 - GPU: 9.61GB
  Epoch 13 - Batch 380 - GPU: 9.61GB
  Epoch 13 - Batch 390 - GPU: 9.61GB
  Epoch 13 - Batch 400 - GPU: 9.61GB
  Epoch 14 - Batch 10 - GPU: 9.61GB
  Epoch 14 - Batch 20 - GPU: 9.61GB
  Epoch 14 - Batch 30 - GPU: 9.61GB
  Epoch 14 - Batch 40 - GPU: 9.61GB
  Epoch 14 - Batch 50 - GPU: 9.61GB
  Epoch 14 - Batch 60 - GPU: 9.61GB
  Epoch 14 - Batch 70 - GPU: 9.61GB
  Epoch 14 - Batch 80 - GPU: 9.61GB
  Epoch 14 - Batch 90 - GPU: 9.61GB
  Epoch 14 - Batch 100 - GPU: 9.61GB
  Epoch 14 - Batch 110 - GPU: 9.61GB
  Epoch 14 - Batch 120 - GPU: 9.61GB
  Epoch 14 - Batch 130 - GPU: 9.61GB
  Epoch 14 - Batch 140 - GPU: 9.61GB
  Epoch 14 - Batch 150 - GPU: 9.61GB
  Epoch 14 - Batch 160 - GPU: 9.61GB
  Epoch 14 - Batch 170 - GPU: 9.61GB
  Epoch 14 - Batch 180 - GPU: 9.61GB
  Epoch 14 - Batch 190 - GPU: 9.61GB
  Epoch 14 - Batch 200 - GPU: 9.61GB
  Epoch 14 - Batch 210 - GPU: 9.61GB
  Epoch 14 - Batch 220 - GPU: 9.61GB
  Epoch 14 - Batch 230 - GPU: 9.61GB
  Epoch 14 - Batch 240 - GPU: 9.61GB
  Epoch 14 - Batch 250 - GPU: 9.61GB
  Epoch 14 - Batch 260 - GPU: 9.61GB
  Epoch 14 - Batch 270 - GPU: 9.61GB
  Epoch 14 - Batch 280 - GPU: 9.61GB
  Epoch 14 - Batch 290 - GPU: 9.61GB
  Epoch 14 - Batch 300 - GPU: 9.61GB
  Epoch 14 - Batch 310 - GPU: 9.61GB
  Epoch 14 - Batch 320 - GPU: 9.61GB
  Epoch 14 - Batch 330 - GPU: 9.61GB
  Epoch 14 - Batch 340 - GPU: 9.61GB
  Epoch 14 - Batch 350 - GPU: 9.61GB
  Epoch 14 - Batch 360 - GPU: 9.61GB
  Epoch 14 - Batch 370 - GPU: 9.61GB
  Epoch 14 - Batch 380 - GPU: 9.61GB
  Epoch 14 - Batch 390 - GPU: 9.61GB
  Epoch 14 - Batch 400 - GPU: 9.61GB
  Epoch 15 - Batch 10 - GPU: 9.61GB
  Epoch 15 - Batch 20 - GPU: 9.61GB
  Epoch 15 - Batch 30 - GPU: 9.61GB
  Epoch 15 - Batch 40 - GPU: 9.61GB
  Epoch 15 - Batch 50 - GPU: 9.61GB
  Epoch 15 - Batch 60 - GPU: 9.61GB
  Epoch 15 - Batch 70 - GPU: 9.61GB
  Epoch 15 - Batch 80 - GPU: 9.61GB
  Epoch 15 - Batch 90 - GPU: 9.61GB
  Epoch 15 - Batch 100 - GPU: 9.61GB
  Epoch 15 - Batch 110 - GPU: 9.61GB
  Epoch 15 - Batch 120 - GPU: 9.61GB
  Epoch 15 - Batch 130 - GPU: 9.61GB
  Epoch 15 - Batch 140 - GPU: 9.61GB
  Epoch 15 - Batch 150 - GPU: 9.61GB
  Epoch 15 - Batch 160 - GPU: 9.61GB
  Epoch 15 - Batch 170 - GPU: 9.61GB
  Epoch 15 - Batch 180 - GPU: 9.61GB
  Epoch 15 - Batch 190 - GPU: 9.61GB
  Epoch 15 - Batch 200 - GPU: 9.61GB
  Epoch 15 - Batch 210 - GPU: 9.61GB
  Epoch 15 - Batch 220 - GPU: 9.61GB
  Epoch 15 - Batch 230 - GPU: 9.61GB
  Epoch 15 - Batch 240 - GPU: 9.61GB
  Epoch 15 - Batch 250 - GPU: 9.61GB
  Epoch 15 - Batch 260 - GPU: 9.61GB
  Epoch 15 - Batch 270 - GPU: 9.61GB
  Epoch 15 - Batch 280 - GPU: 9.61GB
  Epoch 15 - Batch 290 - GPU: 9.61GB
  Epoch 15 - Batch 300 - GPU: 9.61GB
  Epoch 15 - Batch 310 - GPU: 9.61GB
  Epoch 15 - Batch 320 - GPU: 9.61GB
  Epoch 15 - Batch 330 - GPU: 9.61GB
  Epoch 15 - Batch 340 - GPU: 9.61GB
  Epoch 15 - Batch 350 - GPU: 9.61GB
  Epoch 15 - Batch 360 - GPU: 9.61GB
  Epoch 15 - Batch 370 - GPU: 9.61GB
  Epoch 15 - Batch 380 - GPU: 9.61GB
  Epoch 15 - Batch 390 - GPU: 9.61GB
  Epoch 15 - Batch 400 - GPU: 9.61GB
Epoch 15/15 - train_loss: 0.8689 | val_loss: 0.8499
Saved metrics to: results/metrics/qlora_cross_attention_rank16_resources.csv
✓ Metrics saved to results/metrics/qlora_cross_attention_rank16.json

============================================================
RESULTS: qlora_cross_attention_rank16
============================================================

[TRAINING EFFICIENCY]
  trainable_params: 983040
  trainable_percentage: 0.05
  peak_vram_gb: 16.56
  energy_kwh: 0.013404
  carbon_gco2eq: 13.4
  training_time_hours: 0.62
  adapter_size_mb: None

[VALIDATION]
  val_loss: 0.8208

[TEST METRICS]

[INFERENCE]
============================================================


✓ QLoRA rank 16 complete
Done: mer. 18 mars 2026 00:52:19 CET
